[ 2013-09-04T13:47:57+08:00 ] 0.0.0.0 /2013/
INFO: [ app_begin ] --START--
INFO: Run ReadHtmlCache Behavior [ RunTime:0.001837s ]
INFO: [ app_begin ] --END-- [ RunTime:0.002004s ]
NOTIC: [8] Undefined variable: Xsy_uid E:\wamp\www\2013\Xsy\Lib\Action\IndexAction.class.php 第 16 行.
NOTIC: [8] Undefined variable: Xsy_username E:\wamp\www\2013\Xsy\Lib\Action\IndexAction.class.php 第 17 行.
INFO: [ view_template ] --START--
INFO: Run LocationTemplate Behavior [ RunTime:0.041646s ]
INFO: [ view_template ] --END-- [ RunTime:0.041797s ]
INFO: [ view_parse ] --START--
INFO: Run ParseTemplate Behavior [ RunTime:0.036896s ]
INFO: [ view_parse ] --END-- [ RunTime:0.037062s ]
INFO: [ view_filter ] --START--
INFO: Run ContentReplace Behavior [ RunTime:0.001113s ]
INFO: Run TokenBuild Behavior [ RunTime:0.001385s ]
INFO: Run WriteHtmlCache Behavior [ RunTime:0.000840s ]
INFO: Run ShowRuntime Behavior [ RunTime:0.001163s ]
INFO: [ view_filter ] --END-- [ RunTime:0.004819s ]
INFO: [ view_end ] --START--
INFO: Run ShowPageTrace Behavior [ RunTime:0.001204s ]
INFO: [ view_end ] --END-- [ RunTime:0.001326s ]
INFO: [ view_template ] --START--
INFO: Run LocationTemplate Behavior [ RunTime:0.000691s ]
INFO: [ view_template ] --END-- [ RunTime:-0.043684s ]
INFO: [ view_parse ] --START--
NOTIC: [8] Undefined variable: kaiguan E:\wamp\www\2013\Xsy\Runtime\Cache\550cf8fae38af25ead8dfcabdae2ca76.php 第 34 行.
INFO: Run ParseTemplate Behavior [ RunTime:0.012207s ]
INFO: [ view_parse ] --END-- [ RunTime:-0.007417s ]
INFO: [ view_filter ] --START--
INFO: Run ContentReplace Behavior [ RunTime:0.000126s ]
INFO: Run TokenBuild Behavior [ RunTime:0.000106s ]
INFO: Run WriteHtmlCache Behavior [ RunTime:0.000024s ]
INFO: Run ShowRuntime Behavior [ RunTime:0.000191s ]
INFO: [ view_filter ] --END-- [ RunTime:-0.015007s ]
INFO: [ view_end ] --START--
INFO: Run ShowPageTrace Behavior [ RunTime:0.000083s ]
INFO: [ view_end ] --END-- [ RunTime:-0.014405s ]
INFO: [ view_template ] --START--
INFO: Run LocationTemplate Behavior [ RunTime:0.000560s ]
INFO: [ view_template ] --END-- [ RunTime:-0.058268s ]
INFO: [ view_parse ] --START--
INFO: Run ParseTemplate Behavior [ RunTime:0.003365s ]
INFO: [ view_parse ] --END-- [ RunTime:-0.021866s ]
INFO: [ view_filter ] --START--
INFO: Run ContentReplace Behavior [ RunTime:0.000106s ]
INFO: Run TokenBuild Behavior [ RunTime:0.000104s ]
INFO: Run WriteHtmlCache Behavior [ RunTime:0.000025s ]
INFO: Run ShowRuntime Behavior [ RunTime:0.000157s ]
INFO: [ view_filter ] --END-- [ RunTime:-0.020673s ]
INFO: [ view_end ] --START--
INFO: Run ShowPageTrace Behavior [ RunTime:0.000084s ]
INFO: [ view_end ] --END-- [ RunTime:-0.020269s ]

