[ 2013-08-04T21:00:24+08:00 ] 0.0.0.0 /2013/
INFO: [ app_begin ] --START--
INFO: Run ReadHtmlCache Behavior [ RunTime:0.005473s ]
INFO: [ app_begin ] --END-- [ RunTime:0.006012s ]
NOTIC: [8] Undefined variable: Xsy_uid E:\wamp\www\2013\Xsy\Lib\Action\IndexAction.class.php 第 16 行.
NOTIC: [8] Undefined variable: Xsy_username E:\wamp\www\2013\Xsy\Lib\Action\IndexAction.class.php 第 17 行.
INFO: [ view_template ] --START--
INFO: Run LocationTemplate Behavior [ RunTime:0.029653s ]
INFO: [ view_template ] --END-- [ RunTime:0.030165s ]
INFO: [ view_parse ] --START--
INFO: Run ParseTemplate Behavior [ RunTime:0.092955s ]
INFO: [ view_parse ] --END-- [ RunTime:0.093503s ]
INFO: [ view_filter ] --START--
INFO: Run ContentReplace Behavior [ RunTime:0.004189s ]
INFO: Run TokenBuild Behavior [ RunTime:0.003948s ]
INFO: Run WriteHtmlCache Behavior [ RunTime:0.001807s ]
INFO: Run ShowRuntime Behavior [ RunTime:0.002701s ]
INFO: [ view_filter ] --END-- [ RunTime:0.013714s ]
INFO: [ view_end ] --START--
INFO: Run ShowPageTrace Behavior [ RunTime:0.003421s ]
INFO: [ view_end ] --END-- [ RunTime:0.003979s ]
INFO: [ view_template ] --START--
INFO: Run LocationTemplate Behavior [ RunTime:0.002621s ]
INFO: [ view_template ] --END-- [ RunTime:-0.112818s ]
INFO: [ view_parse ] --START--
NOTIC: [8] Undefined variable: kaiguan E:\wamp\www\2013\Xsy\Runtime\Cache\550cf8fae38af25ead8dfcabdae2ca76.php 第 34 行.
INFO: Run ParseTemplate Behavior [ RunTime:0.035336s ]
INFO: [ view_parse ] --END-- [ RunTime:-0.022317s ]
INFO: [ view_filter ] --START--
INFO: Run ContentReplace Behavior [ RunTime:0.000540s ]
INFO: Run TokenBuild Behavior [ RunTime:0.000527s ]
INFO: Run WriteHtmlCache Behavior [ RunTime:0.000117s ]
INFO: Run ShowRuntime Behavior [ RunTime:0.000826s ]
INFO: [ view_filter ] --END-- [ RunTime:-0.044333s ]
INFO: [ view_end ] --START--
INFO: Run ShowPageTrace Behavior [ RunTime:0.000387s ]
INFO: [ view_end ] --END-- [ RunTime:-0.043907s ]
INFO: [ view_template ] --START--
INFO: Run LocationTemplate Behavior [ RunTime:0.002998s ]
INFO: [ view_template ] --END-- [ RunTime:-0.157260s ]
INFO: [ view_parse ] --START--
INFO: Run ParseTemplate Behavior [ RunTime:0.026106s ]
INFO: [ view_parse ] --END-- [ RunTime:-0.067072s ]
INFO: [ view_filter ] --START--
INFO: Run ContentReplace Behavior [ RunTime:0.000274s ]
INFO: Run TokenBuild Behavior [ RunTime:0.000279s ]
INFO: Run WriteHtmlCache Behavior [ RunTime:0.000062s ]
INFO: Run ShowRuntime Behavior [ RunTime:0.001036s ]
INFO: [ view_filter ] --END-- [ RunTime:-0.079608s ]
INFO: [ view_end ] --START--
INFO: Run ShowPageTrace Behavior [ RunTime:0.000231s ]
INFO: [ view_end ] --END-- [ RunTime:-0.078179s ]

[ 2013-08-04T21:00:27+08:00 ] 0.0.0.0 /2013/index.php?m=Uc&a=login
INFO: [ app_begin ] --START--
INFO: Run ReadHtmlCache Behavior [ RunTime:0.006556s ]
INFO: [ app_begin ] --END-- [ RunTime:0.007228s ]
NOTIC: [8] Undefined index: return E:\wamp\www\2013\Xsy\Lib\Action\UcAction.class.php 第 37 行.
INFO: [ view_template ] --START--
INFO: Run LocationTemplate Behavior [ RunTime:0.018201s ]
INFO: [ view_template ] --END-- [ RunTime:0.018827s ]
INFO: [ view_parse ] --START--
INFO: Run ParseTemplate Behavior [ RunTime:0.075464s ]
INFO: [ view_parse ] --END-- [ RunTime:0.076043s ]
INFO: [ view_filter ] --START--
INFO: Run ContentReplace Behavior [ RunTime:0.002427s ]
INFO: Run TokenBuild Behavior [ RunTime:0.002645s ]
INFO: Run WriteHtmlCache Behavior [ RunTime:0.002786s ]
INFO: Run ShowRuntime Behavior [ RunTime:0.003697s ]
INFO: [ view_filter ] --END-- [ RunTime:0.013096s ]
INFO: [ view_end ] --START--
INFO: Run ShowPageTrace Behavior [ RunTime:0.003774s ]
INFO: [ view_end ] --END-- [ RunTime:0.004328s ]

[ 2013-08-04T21:00:27+08:00 ] 0.0.0.0 /2013/index.php?m=Uc&a=login
INFO: [ app_begin ] --START--
INFO: Run ReadHtmlCache Behavior [ RunTime:0.004729s ]
INFO: [ app_begin ] --END-- [ RunTime:0.005972s ]
NOTIC: [8] Undefined index: return E:\wamp\www\2013\Xsy\Lib\Action\UcAction.class.php 第 37 行.
INFO: [ view_template ] --START--
INFO: Run LocationTemplate Behavior [ RunTime:0.003180s ]
INFO: [ view_template ] --END-- [ RunTime:0.003530s ]
INFO: [ view_parse ] --START--
INFO: Run ParseTemplate Behavior [ RunTime:0.043540s ]
INFO: [ view_parse ] --END-- [ RunTime:0.044099s ]
INFO: [ view_filter ] --START--
INFO: Run ContentReplace Behavior [ RunTime:0.002907s ]
INFO: Run TokenBuild Behavior [ RunTime:0.003023s ]
INFO: Run WriteHtmlCache Behavior [ RunTime:0.002294s ]
INFO: Run ShowRuntime Behavior [ RunTime:0.003158s ]
INFO: [ view_filter ] --END-- [ RunTime:0.013230s ]
INFO: [ view_end ] --START--
INFO: Run ShowPageTrace Behavior [ RunTime:0.005623s ]
INFO: [ view_end ] --END-- [ RunTime:0.006138s ]

[ 2013-08-04T21:00:35+08:00 ] 0.0.0.0 /2013/index.php?m=Uc&a=login1
INFO: [ app_begin ] --START--
INFO: Run ReadHtmlCache Behavior [ RunTime:0.002522s ]
INFO: [ app_begin ] --END-- [ RunTime:0.002887s ]
NOTIC: [8] Undefined offset: 0 E:\wamp\www\2013\client\lib\xml.class.php 第 69 行.
NOTIC: [8] Undefined offset: 1 E:\wamp\www\2013\client\lib\xml.class.php 第 69 行.
NOTIC: [8] Undefined offset: 2 E:\wamp\www\2013\client\lib\xml.class.php 第 69 行.
NOTIC: [8] Undefined offset: 3 E:\wamp\www\2013\client\lib\xml.class.php 第 69 行.
NOTIC: [8] Undefined offset: 4 E:\wamp\www\2013\client\lib\xml.class.php 第 69 行.

[ 2013-08-04T21:00:50+08:00 ] 0.0.0.0 /2013/index.php?m=Uc&a=login1
INFO: [ app_begin ] --START--
INFO: Run ReadHtmlCache Behavior [ RunTime:0.003775s ]
INFO: [ app_begin ] --END-- [ RunTime:0.004295s ]
NOTIC: [8] Undefined offset: 0 E:\wamp\www\2013\client\lib\xml.class.php 第 69 行.
NOTIC: [8] Undefined offset: 1 E:\wamp\www\2013\client\lib\xml.class.php 第 69 行.
NOTIC: [8] Undefined offset: 2 E:\wamp\www\2013\client\lib\xml.class.php 第 69 行.
NOTIC: [8] Undefined offset: 3 E:\wamp\www\2013\client\lib\xml.class.php 第 69 行.
NOTIC: [8] Undefined offset: 4 E:\wamp\www\2013\client\lib\xml.class.php 第 69 行.

[ 2013-08-04T21:00:54+08:00 ] 0.0.0.0 /2013/
INFO: [ app_begin ] --START--
INFO: Run ReadHtmlCache Behavior [ RunTime:0.003813s ]
INFO: [ app_begin ] --END-- [ RunTime:0.004439s ]
SQL: SHOW COLUMNS FROM `xsy_baoming` [ RunTime:0.207475s ]
SQL: SELECT * FROM `xsy_baoming` WHERE ( `uid` = '294940' ) AND ( `guanxi` = '报名人' ) LIMIT 1   [ RunTime:0.036785s ]
SQL: SELECT * FROM `xsy_baoming` WHERE ( `uid` = '294940' ) AND ( `guanxi` <> '报名人' )  [ RunTime:0.001406s ]
SQL: SHOW COLUMNS FROM `xsy_gonggao` [ RunTime:0.396277s ]
SQL: SELECT * FROM `xsy_gonggao` ORDER BY id desc LIMIT 1   [ RunTime:0.031544s ]
INFO: [ view_template ] --START--
INFO: Run LocationTemplate Behavior [ RunTime:0.005533s ]
INFO: [ view_template ] --END-- [ RunTime:0.006131s ]
INFO: [ view_parse ] --START--
NOTIC: [8] Undefined index: zt E:\wamp\www\2013\Xsy\Runtime\Cache\a968336665b7a6b8c1727b322a887d23.php 第 41 行.
NOTIC: [8] Undefined index: zt E:\wamp\www\2013\Xsy\Runtime\Cache\a968336665b7a6b8c1727b322a887d23.php 第 44 行.
INFO: Run ParseTemplate Behavior [ RunTime:0.056405s ]
INFO: [ view_parse ] --END-- [ RunTime:0.056885s ]
INFO: [ view_filter ] --START--
INFO: Run ContentReplace Behavior [ RunTime:0.002752s ]
INFO: Run TokenBuild Behavior [ RunTime:0.002058s ]
INFO: Run WriteHtmlCache Behavior [ RunTime:0.001413s ]
INFO: Run ShowRuntime Behavior [ RunTime:0.003559s ]
INFO: [ view_filter ] --END-- [ RunTime:0.010965s ]
INFO: [ view_end ] --START--
INFO: Run ShowPageTrace Behavior [ RunTime:0.002701s ]
INFO: [ view_end ] --END-- [ RunTime:0.003055s ]
INFO: [ view_template ] --START--
INFO: Run LocationTemplate Behavior [ RunTime:0.002672s ]
INFO: [ view_template ] --END-- [ RunTime:-0.072628s ]
INFO: [ view_parse ] --START--
NOTIC: [8] Undefined index: zt E:\wamp\www\2013\Xsy\Runtime\Cache\550cf8fae38af25ead8dfcabdae2ca76.php 第 50 行.
INFO: Run ParseTemplate Behavior [ RunTime:0.057078s ]
INFO: [ view_parse ] --END-- [ RunTime:-0.018793s ]
INFO: [ view_filter ] --START--
INFO: Run ContentReplace Behavior [ RunTime:0.000317s ]
INFO: Run TokenBuild Behavior [ RunTime:0.000421s ]
INFO: Run WriteHtmlCache Behavior [ RunTime:0.000112s ]
INFO: Run ShowRuntime Behavior [ RunTime:0.000787s ]
INFO: [ view_filter ] --END-- [ RunTime:-0.065299s ]
INFO: [ view_end ] --START--
INFO: Run ShowPageTrace Behavior [ RunTime:0.000398s ]
INFO: [ view_end ] --END-- [ RunTime:-0.064910s ]
INFO: [ view_template ] --START--
INFO: Run LocationTemplate Behavior [ RunTime:0.002649s ]
INFO: [ view_template ] --END-- [ RunTime:-0.138699s ]
INFO: [ view_parse ] --START--
INFO: Run ParseTemplate Behavior [ RunTime:0.010863s ]
INFO: [ view_parse ] --END-- [ RunTime:-0.084950s ]
INFO: [ view_filter ] --START--
INFO: Run ContentReplace Behavior [ RunTime:0.000402s ]
INFO: Run TokenBuild Behavior [ RunTime:0.000501s ]
INFO: Run WriteHtmlCache Behavior [ RunTime:0.000122s ]
INFO: Run ShowRuntime Behavior [ RunTime:0.000795s ]
INFO: [ view_filter ] --END-- [ RunTime:-0.085384s ]
INFO: [ view_end ] --START--
INFO: Run ShowPageTrace Behavior [ RunTime:0.000231s ]
INFO: [ view_end ] --END-- [ RunTime:-0.085170s ]

[ 2013-08-04T21:00:56+08:00 ] 0.0.0.0 /2013/index.php?m=Baoming&a=step1
INFO: [ app_begin ] --START--
INFO: Run ReadHtmlCache Behavior [ RunTime:0.003613s ]
INFO: [ app_begin ] --END-- [ RunTime:0.004172s ]
NOTIC: [8] Use of undefined constant 请重新登录 - assumed '请重新登录' E:\wamp\www\2013\Xsy\Lib\Action\BaomingAction.class.php 第 42 行.
INFO: [ view_template ] --START--
INFO: Run LocationTemplate Behavior [ RunTime:0.003056s ]
INFO: [ view_template ] --END-- [ RunTime:0.003648s ]
INFO: [ view_parse ] --START--
INFO: Run ParseTemplate Behavior [ RunTime:0.046485s ]
INFO: [ view_parse ] --END-- [ RunTime:0.047057s ]
INFO: [ view_filter ] --START--
INFO: Run ContentReplace Behavior [ RunTime:0.006083s ]
INFO: Run TokenBuild Behavior [ RunTime:0.002792s ]
INFO: Run WriteHtmlCache Behavior [ RunTime:0.001910s ]
INFO: Run ShowRuntime Behavior [ RunTime:0.003327s ]
INFO: [ view_filter ] --END-- [ RunTime:0.015912s ]
INFO: [ view_end ] --START--
INFO: Run ShowPageTrace Behavior [ RunTime:0.004404s ]
INFO: [ view_end ] --END-- [ RunTime:0.004974s ]

[ 2013-08-04T21:00:58+08:00 ] 0.0.0.0 /2013/index.php?m=Baoming&a=step1
INFO: [ app_begin ] --START--
INFO: Run ReadHtmlCache Behavior [ RunTime:0.004207s ]
INFO: [ app_begin ] --END-- [ RunTime:0.005284s ]
SQL: SHOW COLUMNS FROM `xsy_info` [ RunTime:0.067509s ]
SQL: SELECT * FROM `xsy_info` WHERE ( id=1 ) LIMIT 1   [ RunTime:0.036323s ]
SQL: SHOW COLUMNS FROM `xsy_baoming` [ RunTime:0.013783s ]
SQL: SELECT * FROM `xsy_baoming` WHERE ( `uid` = '294940' ) LIMIT 1   [ RunTime:0.002033s ]
INFO: [ view_template ] --START--
INFO: Run LocationTemplate Behavior [ RunTime:0.025744s ]
INFO: [ view_template ] --END-- [ RunTime:0.026338s ]
INFO: [ view_parse ] --START--
NOTIC: [2048] mktime(): You should be using the time() function instead E:\wamp\www\2013\Xsy\Runtime\Cache\447278d7ddc51d788c347564aa6c659e.php 第 3 行.
NOTIC: [2048] mktime(): You should be using the time() function instead E:\wamp\www\2013\Xsy\Runtime\Cache\447278d7ddc51d788c347564aa6c659e.php 第 4 行.
INFO: Run ParseTemplate Behavior [ RunTime:0.103360s ]
INFO: [ view_parse ] --END-- [ RunTime:0.104043s ]
INFO: [ view_filter ] --START--
INFO: Run ContentReplace Behavior [ RunTime:0.003386s ]
INFO: Run TokenBuild Behavior [ RunTime:0.007438s ]
INFO: Run WriteHtmlCache Behavior [ RunTime:0.004394s ]
INFO: Run ShowRuntime Behavior [ RunTime:0.003672s ]
INFO: [ view_filter ] --END-- [ RunTime:0.020658s ]
INFO: [ view_end ] --START--
INFO: Run ShowPageTrace Behavior [ RunTime:0.004645s ]
INFO: [ view_end ] --END-- [ RunTime:0.005291s ]

