[ 2013-07-22T21:52:27+08:00 ] 0.0.0.0 /2013/
INFO: [ app_begin ] --START--
INFO: Run ReadHtmlCache Behavior [ RunTime:0.001473s ]
INFO: [ app_begin ] --END-- [ RunTime:0.001663s ]
NOTIC: [8] Undefined variable: Xsy_uid E:\wamp\www\2013\Xsy\Lib\Action\IndexAction.class.php 第 16 行.
NOTIC: [8] Undefined variable: Xsy_username E:\wamp\www\2013\Xsy\Lib\Action\IndexAction.class.php 第 17 行.
INFO: [ view_template ] --START--
INFO: Run LocationTemplate Behavior [ RunTime:0.001085s ]
INFO: [ view_template ] --END-- [ RunTime:0.001200s ]
INFO: [ view_parse ] --START--
INFO: Run ParseTemplate Behavior [ RunTime:0.031516s ]
INFO: [ view_parse ] --END-- [ RunTime:0.031649s ]
INFO: [ view_filter ] --START--
INFO: Run ContentReplace Behavior [ RunTime:0.000940s ]
INFO: Run TokenBuild Behavior [ RunTime:0.000720s ]
INFO: Run WriteHtmlCache Behavior [ RunTime:0.000511s ]
INFO: Run ShowRuntime Behavior [ RunTime:0.000762s ]
INFO: [ view_filter ] --END-- [ RunTime:0.003220s ]
INFO: [ view_end ] --START--
INFO: Run ShowPageTrace Behavior [ RunTime:0.000851s ]
INFO: [ view_end ] --END-- [ RunTime:0.000958s ]
INFO: [ view_template ] --START--
INFO: Run LocationTemplate Behavior [ RunTime:0.000275s ]
INFO: [ view_template ] --END-- [ RunTime:-0.036248s ]
INFO: [ view_parse ] --START--
NOTIC: [8] Undefined variable: kaiguan E:\wamp\www\2013\Xsy\Runtime\Cache\550cf8fae38af25ead8dfcabdae2ca76.php 第 34 行.
INFO: Run ParseTemplate Behavior [ RunTime:0.018698s ]
INFO: [ view_parse ] --END-- [ RunTime:-0.004958s ]
INFO: [ view_filter ] --START--
INFO: Run ContentReplace Behavior [ RunTime:0.000128s ]
INFO: Run TokenBuild Behavior [ RunTime:0.000111s ]
INFO: Run WriteHtmlCache Behavior [ RunTime:0.000022s ]
INFO: Run ShowRuntime Behavior [ RunTime:0.000171s ]
INFO: [ view_filter ] --END-- [ RunTime:-0.020546s ]
INFO: [ view_end ] --START--
INFO: Run ShowPageTrace Behavior [ RunTime:0.000080s ]
INFO: [ view_end ] --END-- [ RunTime:-0.020306s ]
INFO: [ view_template ] --START--
INFO: Run LocationTemplate Behavior [ RunTime:0.000330s ]
INFO: [ view_template ] --END-- [ RunTime:-0.056773s ]
INFO: [ view_parse ] --START--
INFO: Run ParseTemplate Behavior [ RunTime:0.009139s ]
INFO: [ view_parse ] --END-- [ RunTime:-0.025568s ]
INFO: [ view_filter ] --START--
INFO: Run ContentReplace Behavior [ RunTime:0.000174s ]
INFO: Run TokenBuild Behavior [ RunTime:0.000181s ]
INFO: Run WriteHtmlCache Behavior [ RunTime:0.000044s ]
INFO: Run ShowRuntime Behavior [ RunTime:0.000275s ]
INFO: [ view_filter ] --END-- [ RunTime:-0.031743s ]
INFO: [ view_end ] --START--
INFO: Run ShowPageTrace Behavior [ RunTime:0.000135s ]
INFO: [ view_end ] --END-- [ RunTime:-0.032047s ]

[ 2013-07-22T21:52:33+08:00 ] 0.0.0.0 /2013/index.php?m=Uc&a=login
INFO: [ app_begin ] --START--
INFO: Run ReadHtmlCache Behavior [ RunTime:0.000694s ]
INFO: [ app_begin ] --END-- [ RunTime:0.000853s ]
NOTIC: [8] Undefined index: return E:\wamp\www\2013\Xsy\Lib\Action\UcAction.class.php 第 37 行.
INFO: [ view_template ] --START--
INFO: Run LocationTemplate Behavior [ RunTime:0.001069s ]
INFO: [ view_template ] --END-- [ RunTime:0.001282s ]
INFO: [ view_parse ] --START--
INFO: Run ParseTemplate Behavior [ RunTime:0.029708s ]
INFO: [ view_parse ] --END-- [ RunTime:0.029931s ]
INFO: [ view_filter ] --START--
INFO: Run ContentReplace Behavior [ RunTime:0.000801s ]
INFO: Run TokenBuild Behavior [ RunTime:0.000766s ]
INFO: Run WriteHtmlCache Behavior [ RunTime:0.000455s ]
INFO: Run ShowRuntime Behavior [ RunTime:0.000922s ]
INFO: [ view_filter ] --END-- [ RunTime:0.003489s ]
INFO: [ view_end ] --START--
INFO: Run ShowPageTrace Behavior [ RunTime:0.001078s ]
INFO: [ view_end ] --END-- [ RunTime:0.001292s ]

[ 2013-07-22T21:52:33+08:00 ] 0.0.0.0 /2013/index.php?m=Uc&a=login
INFO: [ app_begin ] --START--
INFO: Run ReadHtmlCache Behavior [ RunTime:0.000776s ]
INFO: [ app_begin ] --END-- [ RunTime:0.000900s ]
NOTIC: [8] Undefined index: return E:\wamp\www\2013\Xsy\Lib\Action\UcAction.class.php 第 37 行.
INFO: [ view_template ] --START--
INFO: Run LocationTemplate Behavior [ RunTime:0.001358s ]
INFO: [ view_template ] --END-- [ RunTime:0.001510s ]
INFO: [ view_parse ] --START--
INFO: Run ParseTemplate Behavior [ RunTime:0.008178s ]
INFO: [ view_parse ] --END-- [ RunTime:0.008333s ]
INFO: [ view_filter ] --START--
INFO: Run ContentReplace Behavior [ RunTime:0.000551s ]
INFO: Run TokenBuild Behavior [ RunTime:0.000524s ]
INFO: Run WriteHtmlCache Behavior [ RunTime:0.000374s ]
INFO: Run ShowRuntime Behavior [ RunTime:0.000626s ]
INFO: [ view_filter ] --END-- [ RunTime:0.002388s ]
INFO: [ view_end ] --START--
INFO: Run ShowPageTrace Behavior [ RunTime:0.000733s ]
INFO: [ view_end ] --END-- [ RunTime:0.000842s ]

[ 2013-07-22T21:52:39+08:00 ] 0.0.0.0 /2013/index.php?m=Uc&a=login1
INFO: [ app_begin ] --START--
INFO: Run ReadHtmlCache Behavior [ RunTime:0.001002s ]
INFO: [ app_begin ] --END-- [ RunTime:0.001138s ]
NOTIC: [8] Undefined offset: 0 E:\wamp\www\2013\client\lib\xml.class.php 第 69 行.
NOTIC: [8] Undefined offset: 1 E:\wamp\www\2013\client\lib\xml.class.php 第 69 行.
NOTIC: [8] Undefined offset: 2 E:\wamp\www\2013\client\lib\xml.class.php 第 69 行.
NOTIC: [8] Undefined offset: 3 E:\wamp\www\2013\client\lib\xml.class.php 第 69 行.
NOTIC: [8] Undefined offset: 4 E:\wamp\www\2013\client\lib\xml.class.php 第 69 行.

[ 2013-07-22T21:52:55+08:00 ] 0.0.0.0 /2013/index.php?m=Uc&a=login1
INFO: [ app_begin ] --START--
INFO: Run ReadHtmlCache Behavior [ RunTime:0.000588s ]
INFO: [ app_begin ] --END-- [ RunTime:0.000703s ]
NOTIC: [8] Undefined offset: 0 E:\wamp\www\2013\client\lib\xml.class.php 第 69 行.
NOTIC: [8] Undefined offset: 1 E:\wamp\www\2013\client\lib\xml.class.php 第 69 行.
NOTIC: [8] Undefined offset: 2 E:\wamp\www\2013\client\lib\xml.class.php 第 69 行.
NOTIC: [8] Undefined offset: 3 E:\wamp\www\2013\client\lib\xml.class.php 第 69 行.
NOTIC: [8] Undefined offset: 4 E:\wamp\www\2013\client\lib\xml.class.php 第 69 行.

[ 2013-07-22T21:52:56+08:00 ] 0.0.0.0 /2013/
INFO: [ app_begin ] --START--
INFO: Run ReadHtmlCache Behavior [ RunTime:0.000583s ]
INFO: [ app_begin ] --END-- [ RunTime:0.000713s ]
ERR: Unknown database 'xsy1'

[ 2013-07-22T22:34:38+08:00 ] 0.0.0.0 /2013/
INFO: [ app_begin ] --START--
INFO: Run ReadHtmlCache Behavior [ RunTime:0.000907s ]
INFO: [ app_begin ] --END-- [ RunTime:0.001053s ]
SQL: SHOW COLUMNS FROM `xsy_baoming` [ RunTime:0.076785s ]
SQL: SELECT * FROM `xsy_baoming` WHERE ( `uid` = '294940' ) AND ( `guanxi` = '报名人' ) LIMIT 1   [ RunTime:0.026731s ]
SQL: SELECT * FROM `xsy_baoming` WHERE ( `uid` = '294940' ) AND ( `guanxi` <> '报名人' )  [ RunTime:0.000559s ]
SQL: SHOW COLUMNS FROM `xsy_gonggao` [ RunTime:0.003825s ]
SQL: SELECT * FROM `xsy_gonggao` ORDER BY id desc LIMIT 1   [ RunTime:0.022528s ]
INFO: [ view_template ] --START--
INFO: Run LocationTemplate Behavior [ RunTime:0.001429s ]
INFO: [ view_template ] --END-- [ RunTime:0.001630s ]
INFO: [ view_parse ] --START--
NOTIC: [8] Undefined index: zt E:\wamp\www\2013\Xsy\Runtime\Cache\a968336665b7a6b8c1727b322a887d23.php 第 41 行.
NOTIC: [8] Undefined index: zt E:\wamp\www\2013\Xsy\Runtime\Cache\a968336665b7a6b8c1727b322a887d23.php 第 44 行.
INFO: Run ParseTemplate Behavior [ RunTime:0.012895s ]
INFO: [ view_parse ] --END-- [ RunTime:0.013060s ]
INFO: [ view_filter ] --START--
INFO: Run ContentReplace Behavior [ RunTime:0.000623s ]
INFO: Run TokenBuild Behavior [ RunTime:0.000538s ]
INFO: Run WriteHtmlCache Behavior [ RunTime:0.000395s ]
INFO: Run ShowRuntime Behavior [ RunTime:0.000639s ]
INFO: [ view_filter ] --END-- [ RunTime:0.002473s ]
INFO: [ view_end ] --START--
INFO: Run ShowPageTrace Behavior [ RunTime:0.000778s ]
INFO: [ view_end ] --END-- [ RunTime:0.000884s ]
INFO: [ view_template ] --START--
INFO: Run LocationTemplate Behavior [ RunTime:0.000282s ]
INFO: [ view_template ] --END-- [ RunTime:-0.016903s ]
INFO: [ view_parse ] --START--
NOTIC: [8] Undefined index: zt E:\wamp\www\2013\Xsy\Runtime\Cache\550cf8fae38af25ead8dfcabdae2ca76.php 第 50 行.
INFO: Run ParseTemplate Behavior [ RunTime:0.010508s ]
INFO: [ view_parse ] --END-- [ RunTime:-0.004177s ]
INFO: [ view_filter ] --START--
INFO: Run ContentReplace Behavior [ RunTime:0.000121s ]
INFO: Run TokenBuild Behavior [ RunTime:0.000125s ]
INFO: Run WriteHtmlCache Behavior [ RunTime:0.000035s ]
INFO: Run ShowRuntime Behavior [ RunTime:0.000169s ]
INFO: [ view_filter ] --END-- [ RunTime:-0.012329s ]
INFO: [ view_end ] --START--
INFO: Run ShowPageTrace Behavior [ RunTime:0.000079s ]
INFO: [ view_end ] --END-- [ RunTime:-0.012205s ]
INFO: [ view_template ] --START--
INFO: Run LocationTemplate Behavior [ RunTime:0.000358s ]
INFO: [ view_template ] --END-- [ RunTime:-0.029302s ]
INFO: [ view_parse ] --START--
INFO: Run ParseTemplate Behavior [ RunTime:0.002294s ]
INFO: [ view_parse ] --END-- [ RunTime:-0.016629s ]
INFO: [ view_filter ] --START--
INFO: Run ContentReplace Behavior [ RunTime:0.000115s ]
INFO: Run TokenBuild Behavior [ RunTime:0.000096s ]
INFO: Run WriteHtmlCache Behavior [ RunTime:0.000023s ]
INFO: Run ShowRuntime Behavior [ RunTime:0.000144s ]
INFO: [ view_filter ] --END-- [ RunTime:-0.016571s ]
INFO: [ view_end ] --START--
INFO: Run ShowPageTrace Behavior [ RunTime:0.000074s ]
INFO: [ view_end ] --END-- [ RunTime:-0.016317s ]

[ 2013-07-22T22:34:43+08:00 ] 0.0.0.0 /2013/index.php?m=Baoming
INFO: [ app_begin ] --START--
INFO: Run ReadHtmlCache Behavior [ RunTime:0.000792s ]
INFO: [ app_begin ] --END-- [ RunTime:0.000923s ]
NOTIC: [8] Undefined variable: var E:\wamp\www\2013\ThinkPHP\Common\functions.php 第 247 行.
NOTIC: [2] array_reverse() expects parameter 1 to be array, null given E:\wamp\www\2013\ThinkPHP\Common\functions.php 第 247 行.
NOTIC: [2] http_build_query(): Parameter 1 expected to be Array or Object.  Incorrect value given E:\wamp\www\2013\ThinkPHP\Common\functions.php 第 247 行.

[ 2013-07-22T22:34:43+08:00 ] 0.0.0.0 /2013/index.php?
INFO: [ app_begin ] --START--
INFO: Run ReadHtmlCache Behavior [ RunTime:0.000710s ]
INFO: [ app_begin ] --END-- [ RunTime:0.000835s ]
NOTIC: [8] Undefined variable: Xsy_uid E:\wamp\www\2013\Xsy\Lib\Action\IndexAction.class.php 第 16 行.
NOTIC: [8] Undefined variable: Xsy_username E:\wamp\www\2013\Xsy\Lib\Action\IndexAction.class.php 第 17 行.
INFO: [ view_template ] --START--
INFO: Run LocationTemplate Behavior [ RunTime:0.000960s ]
INFO: [ view_template ] --END-- [ RunTime:0.001089s ]
INFO: [ view_parse ] --START--
INFO: Run ParseTemplate Behavior [ RunTime:0.012313s ]
INFO: [ view_parse ] --END-- [ RunTime:0.012460s ]
INFO: [ view_filter ] --START--
INFO: Run ContentReplace Behavior [ RunTime:0.000605s ]
INFO: Run TokenBuild Behavior [ RunTime:0.000524s ]
INFO: Run WriteHtmlCache Behavior [ RunTime:0.000377s ]
INFO: Run ShowRuntime Behavior [ RunTime:0.000638s ]
INFO: [ view_filter ] --END-- [ RunTime:0.002455s ]
INFO: [ view_end ] --START--
INFO: Run ShowPageTrace Behavior [ RunTime:0.000723s ]
INFO: [ view_end ] --END-- [ RunTime:0.000834s ]
INFO: [ view_template ] --START--
INFO: Run LocationTemplate Behavior [ RunTime:0.000488s ]
INFO: [ view_template ] --END-- [ RunTime:-0.016170s ]
INFO: [ view_parse ] --START--
NOTIC: [8] Undefined variable: kaiguan E:\wamp\www\2013\Xsy\Runtime\Cache\550cf8fae38af25ead8dfcabdae2ca76.php 第 34 行.
INFO: Run ParseTemplate Behavior [ RunTime:0.012007s ]
INFO: [ view_parse ] --END-- [ RunTime:-0.004302s ]
INFO: [ view_filter ] --START--
INFO: Run ContentReplace Behavior [ RunTime:0.000135s ]
INFO: Run TokenBuild Behavior [ RunTime:0.000115s ]
INFO: Run WriteHtmlCache Behavior [ RunTime:0.000041s ]
INFO: Run ShowRuntime Behavior [ RunTime:0.000261s ]
INFO: [ view_filter ] --END-- [ RunTime:-0.014063s ]
INFO: [ view_end ] --START--
INFO: Run ShowPageTrace Behavior [ RunTime:0.000125s ]
INFO: [ view_end ] --END-- [ RunTime:-0.014118s ]
INFO: [ view_template ] --START--
INFO: Run LocationTemplate Behavior [ RunTime:0.000693s ]
INFO: [ view_template ] --END-- [ RunTime:-0.030622s ]
INFO: [ view_parse ] --START--
INFO: Run ParseTemplate Behavior [ RunTime:0.002913s ]
INFO: [ view_parse ] --END-- [ RunTime:-0.018988s ]
INFO: [ view_filter ] --START--
INFO: Run ContentReplace Behavior [ RunTime:0.000113s ]
INFO: Run TokenBuild Behavior [ RunTime:0.000109s ]
INFO: Run WriteHtmlCache Behavior [ RunTime:0.000028s ]
INFO: Run ShowRuntime Behavior [ RunTime:0.000163s ]
INFO: [ view_filter ] --END-- [ RunTime:-0.019598s ]
INFO: [ view_end ] --START--
INFO: Run ShowPageTrace Behavior [ RunTime:0.000091s ]
INFO: [ view_end ] --END-- [ RunTime:-0.019480s ]

[ 2013-07-22T22:34:44+08:00 ] 0.0.0.0 /2013/index.php?m=Baoming
INFO: [ app_begin ] --START--
INFO: Run ReadHtmlCache Behavior [ RunTime:0.001113s ]
INFO: [ app_begin ] --END-- [ RunTime:0.001349s ]
NOTIC: [8] Undefined variable: var E:\wamp\www\2013\ThinkPHP\Common\functions.php 第 247 行.
NOTIC: [2] array_reverse() expects parameter 1 to be array, null given E:\wamp\www\2013\ThinkPHP\Common\functions.php 第 247 行.
NOTIC: [2] http_build_query(): Parameter 1 expected to be Array or Object.  Incorrect value given E:\wamp\www\2013\ThinkPHP\Common\functions.php 第 247 行.

[ 2013-07-22T22:34:45+08:00 ] 0.0.0.0 /2013/index.php?
INFO: [ app_begin ] --START--
INFO: Run ReadHtmlCache Behavior [ RunTime:0.000596s ]
INFO: [ app_begin ] --END-- [ RunTime:0.000728s ]
SQL: SHOW COLUMNS FROM `xsy_baoming` [ RunTime:0.003651s ]
SQL: SELECT * FROM `xsy_baoming` WHERE ( `uid` = '294940' ) AND ( `guanxi` = '报名人' ) LIMIT 1   [ RunTime:0.000650s ]
SQL: SELECT * FROM `xsy_baoming` WHERE ( `uid` = '294940' ) AND ( `guanxi` <> '报名人' )  [ RunTime:0.000542s ]
SQL: SHOW COLUMNS FROM `xsy_gonggao` [ RunTime:0.003916s ]
SQL: SELECT * FROM `xsy_gonggao` ORDER BY id desc LIMIT 1   [ RunTime:0.000574s ]
INFO: [ view_template ] --START--
INFO: Run LocationTemplate Behavior [ RunTime:0.000709s ]
INFO: [ view_template ] --END-- [ RunTime:0.000827s ]
INFO: [ view_parse ] --START--
NOTIC: [8] Undefined index: zt E:\wamp\www\2013\Xsy\Runtime\Cache\a968336665b7a6b8c1727b322a887d23.php 第 41 行.
NOTIC: [8] Undefined index: zt E:\wamp\www\2013\Xsy\Runtime\Cache\a968336665b7a6b8c1727b322a887d23.php 第 44 行.
INFO: Run ParseTemplate Behavior [ RunTime:0.014162s ]
INFO: [ view_parse ] --END-- [ RunTime:0.014313s ]
INFO: [ view_filter ] --START--
INFO: Run ContentReplace Behavior [ RunTime:0.000796s ]
INFO: Run TokenBuild Behavior [ RunTime:0.000696s ]
INFO: Run WriteHtmlCache Behavior [ RunTime:0.000558s ]
INFO: Run ShowRuntime Behavior [ RunTime:0.001019s ]
INFO: [ view_filter ] --END-- [ RunTime:0.003761s ]
INFO: [ view_end ] --START--
INFO: Run ShowPageTrace Behavior [ RunTime:0.001287s ]
INFO: [ view_end ] --END-- [ RunTime:0.001484s ]
INFO: [ view_template ] --START--
INFO: Run LocationTemplate Behavior [ RunTime:0.000327s ]
INFO: [ view_template ] --END-- [ RunTime:-0.020209s ]
INFO: [ view_parse ] --START--
NOTIC: [8] Undefined index: zt E:\wamp\www\2013\Xsy\Runtime\Cache\550cf8fae38af25ead8dfcabdae2ca76.php 第 50 行.
INFO: Run ParseTemplate Behavior [ RunTime:0.018077s ]
INFO: [ view_parse ] --END-- [ RunTime:-0.006463s ]
INFO: [ view_filter ] --START--
INFO: Run ContentReplace Behavior [ RunTime:0.000200s ]
INFO: Run TokenBuild Behavior [ RunTime:0.000127s ]
INFO: Run WriteHtmlCache Behavior [ RunTime:0.000026s ]
INFO: Run ShowRuntime Behavior [ RunTime:0.000195s ]
INFO: [ view_filter ] --END-- [ RunTime:-0.020971s ]
INFO: [ view_end ] --START--
INFO: Run ShowPageTrace Behavior [ RunTime:0.000080s ]
INFO: [ view_end ] --END-- [ RunTime:-0.020250s ]
INFO: [ view_template ] --START--
INFO: Run LocationTemplate Behavior [ RunTime:0.000332s ]
INFO: [ view_template ] --END-- [ RunTime:-0.040575s ]
INFO: [ view_parse ] --START--
INFO: Run ParseTemplate Behavior [ RunTime:0.002369s ]
INFO: [ view_parse ] --END-- [ RunTime:-0.026709s ]
INFO: [ view_filter ] --START--
INFO: Run ContentReplace Behavior [ RunTime:0.000106s ]
INFO: Run TokenBuild Behavior [ RunTime:0.000115s ]
INFO: Run WriteHtmlCache Behavior [ RunTime:0.000026s ]
INFO: Run ShowRuntime Behavior [ RunTime:0.000176s ]
INFO: [ view_filter ] --END-- [ RunTime:-0.025399s ]
INFO: [ view_end ] --START--
INFO: Run ShowPageTrace Behavior [ RunTime:0.000077s ]
INFO: [ view_end ] --END-- [ RunTime:-0.024507s ]

[ 2013-07-22T22:35:07+08:00 ] 0.0.0.0 /2013/
INFO: [ app_begin ] --START--
INFO: Run ReadHtmlCache Behavior [ RunTime:0.001326s ]
INFO: [ app_begin ] --END-- [ RunTime:0.001564s ]
SQL: SHOW COLUMNS FROM `xsy_baoming` [ RunTime:0.004001s ]
SQL: SELECT * FROM `xsy_baoming` WHERE ( `uid` = '294940' ) AND ( `guanxi` = '报名人' ) LIMIT 1   [ RunTime:0.000408s ]
SQL: SELECT * FROM `xsy_baoming` WHERE ( `uid` = '294940' ) AND ( `guanxi` <> '报名人' )  [ RunTime:0.000760s ]
SQL: SHOW COLUMNS FROM `xsy_gonggao` [ RunTime:0.004499s ]
SQL: SELECT * FROM `xsy_gonggao` ORDER BY id desc LIMIT 1   [ RunTime:0.000472s ]
INFO: [ view_template ] --START--
INFO: Run LocationTemplate Behavior [ RunTime:0.001119s ]
INFO: [ view_template ] --END-- [ RunTime:0.001352s ]
INFO: [ view_parse ] --START--
NOTIC: [8] Undefined index: zt E:\wamp\www\2013\Xsy\Runtime\Cache\a968336665b7a6b8c1727b322a887d23.php 第 41 行.
NOTIC: [8] Undefined index: zt E:\wamp\www\2013\Xsy\Runtime\Cache\a968336665b7a6b8c1727b322a887d23.php 第 44 行.
INFO: Run ParseTemplate Behavior [ RunTime:0.016609s ]
INFO: [ view_parse ] --END-- [ RunTime:0.016822s ]
INFO: [ view_filter ] --START--
INFO: Run ContentReplace Behavior [ RunTime:0.000744s ]
INFO: Run TokenBuild Behavior [ RunTime:0.000679s ]
INFO: Run WriteHtmlCache Behavior [ RunTime:0.000425s ]
INFO: Run ShowRuntime Behavior [ RunTime:0.000881s ]
INFO: [ view_filter ] --END-- [ RunTime:0.003218s ]
INFO: [ view_end ] --START--
INFO: Run ShowPageTrace Behavior [ RunTime:0.001129s ]
INFO: [ view_end ] --END-- [ RunTime:0.001307s ]
INFO: [ view_template ] --START--
INFO: Run LocationTemplate Behavior [ RunTime:0.000290s ]
INFO: [ view_template ] --END-- [ RunTime:-0.022058s ]
INFO: [ view_parse ] --START--
NOTIC: [8] Undefined index: zt E:\wamp\www\2013\Xsy\Runtime\Cache\550cf8fae38af25ead8dfcabdae2ca76.php 第 50 行.
INFO: Run ParseTemplate Behavior [ RunTime:0.017048s ]
INFO: [ view_parse ] --END-- [ RunTime:-0.005679s ]
INFO: [ view_filter ] --START--
INFO: Run ContentReplace Behavior [ RunTime:0.000206s ]
INFO: Run TokenBuild Behavior [ RunTime:0.000222s ]
INFO: Run WriteHtmlCache Behavior [ RunTime:0.000043s ]
INFO: Run ShowRuntime Behavior [ RunTime:0.000456s ]
INFO: [ view_filter ] --END-- [ RunTime:-0.019702s ]
INFO: [ view_end ] --START--
INFO: Run ShowPageTrace Behavior [ RunTime:0.000147s ]
INFO: [ view_end ] --END-- [ RunTime:-0.019831s ]
INFO: [ view_template ] --START--
INFO: Run LocationTemplate Behavior [ RunTime:0.000640s ]
INFO: [ view_template ] --END-- [ RunTime:-0.042257s ]
INFO: [ view_parse ] --START--
INFO: Run ParseTemplate Behavior [ RunTime:0.003904s ]
INFO: [ view_parse ] --END-- [ RunTime:-0.026273s ]
INFO: [ view_filter ] --START--
INFO: Run ContentReplace Behavior [ RunTime:0.000169s ]
INFO: Run TokenBuild Behavior [ RunTime:0.000200s ]
INFO: Run WriteHtmlCache Behavior [ RunTime:0.000048s ]
INFO: Run ShowRuntime Behavior [ RunTime:0.000348s ]
INFO: [ view_filter ] --END-- [ RunTime:-0.027179s ]
INFO: [ view_end ] --START--
INFO: Run ShowPageTrace Behavior [ RunTime:0.000117s ]
INFO: [ view_end ] --END-- [ RunTime:-0.027148s ]

[ 2013-07-22T22:35:10+08:00 ] 0.0.0.0 /2013/index.php?m=Baoming&a=step1
INFO: [ app_begin ] --START--
INFO: Run ReadHtmlCache Behavior [ RunTime:0.001519s ]
INFO: [ app_begin ] --END-- [ RunTime:0.001769s ]
NOTIC: [8] Use of undefined constant 请重新登录 - assumed '请重新登录' E:\wamp\www\2013\Xsy\Lib\Action\BaomingAction.class.php 第 42 行.
INFO: [ view_template ] --START--
INFO: Run LocationTemplate Behavior [ RunTime:0.001182s ]
INFO: [ view_template ] --END-- [ RunTime:0.001408s ]
INFO: [ view_parse ] --START--
INFO: Run ParseTemplate Behavior [ RunTime:0.037028s ]
INFO: [ view_parse ] --END-- [ RunTime:0.037265s ]
INFO: [ view_filter ] --START--
INFO: Run ContentReplace Behavior [ RunTime:0.001104s ]
INFO: Run TokenBuild Behavior [ RunTime:0.001122s ]
INFO: Run WriteHtmlCache Behavior [ RunTime:0.000743s ]
INFO: Run ShowRuntime Behavior [ RunTime:0.001175s ]
INFO: [ view_filter ] --END-- [ RunTime:0.004697s ]
INFO: [ view_end ] --START--
INFO: Run ShowPageTrace Behavior [ RunTime:0.001230s ]
INFO: [ view_end ] --END-- [ RunTime:0.001432s ]

[ 2013-07-22T22:35:12+08:00 ] 0.0.0.0 /2013/index.php?m=Baoming&a=step1
INFO: [ app_begin ] --START--
INFO: Run ReadHtmlCache Behavior [ RunTime:0.000959s ]
INFO: [ app_begin ] --END-- [ RunTime:0.001172s ]
SQL: SHOW COLUMNS FROM `xsy_info` [ RunTime:0.070726s ]
SQL: SELECT * FROM `xsy_info` WHERE ( id=1 ) LIMIT 1   [ RunTime:0.020767s ]
SQL: SHOW COLUMNS FROM `xsy_baoming` [ RunTime:0.003600s ]
SQL: SELECT * FROM `xsy_baoming` WHERE ( `uid` = '294940' ) LIMIT 1   [ RunTime:0.000437s ]
INFO: [ view_template ] --START--
INFO: Run LocationTemplate Behavior [ RunTime:0.000879s ]
INFO: [ view_template ] --END-- [ RunTime:0.001000s ]
INFO: [ view_parse ] --START--
NOTIC: [2048] mktime(): You should be using the time() function instead E:\wamp\www\2013\Xsy\Runtime\Cache\447278d7ddc51d788c347564aa6c659e.php 第 3 行.
NOTIC: [2048] mktime(): You should be using the time() function instead E:\wamp\www\2013\Xsy\Runtime\Cache\447278d7ddc51d788c347564aa6c659e.php 第 4 行.
INFO: Run ParseTemplate Behavior [ RunTime:0.035794s ]
INFO: [ view_parse ] --END-- [ RunTime:0.035949s ]
INFO: [ view_filter ] --START--
INFO: Run ContentReplace Behavior [ RunTime:0.000775s ]
INFO: Run TokenBuild Behavior [ RunTime:0.000694s ]
INFO: Run WriteHtmlCache Behavior [ RunTime:0.000434s ]
INFO: Run ShowRuntime Behavior [ RunTime:0.001348s ]
INFO: [ view_filter ] --END-- [ RunTime:0.003757s ]
INFO: [ view_end ] --START--
INFO: Run ShowPageTrace Behavior [ RunTime:0.001166s ]
INFO: [ view_end ] --END-- [ RunTime:0.001346s ]

[ 2013-07-22T22:38:47+08:00 ] 0.0.0.0 /2013/
INFO: [ app_begin ] --START--
INFO: Run ReadHtmlCache Behavior [ RunTime:0.000824s ]
INFO: [ app_begin ] --END-- [ RunTime:0.000967s ]
SQL: SHOW COLUMNS FROM `xsy_baoming` [ RunTime:0.004895s ]
SQL: SELECT * FROM `xsy_baoming` WHERE ( `uid` = '294940' ) AND ( `guanxi` = '报名人' ) LIMIT 1   [ RunTime:0.000616s ]
SQL: SELECT * FROM `xsy_baoming` WHERE ( `uid` = '294940' ) AND ( `guanxi` <> '报名人' )  [ RunTime:0.000471s ]
SQL: SHOW COLUMNS FROM `xsy_gonggao` [ RunTime:0.003140s ]
SQL: SELECT * FROM `xsy_gonggao` ORDER BY id desc LIMIT 1   [ RunTime:0.000736s ]
INFO: [ view_template ] --START--
INFO: Run LocationTemplate Behavior [ RunTime:0.001418s ]
INFO: [ view_template ] --END-- [ RunTime:0.001617s ]
INFO: [ view_parse ] --START--
NOTIC: [8] Undefined index: zt E:\wamp\www\2013\Xsy\Runtime\Cache\a968336665b7a6b8c1727b322a887d23.php 第 41 行.
NOTIC: [8] Undefined index: zt E:\wamp\www\2013\Xsy\Runtime\Cache\a968336665b7a6b8c1727b322a887d23.php 第 44 行.
INFO: Run ParseTemplate Behavior [ RunTime:0.016916s ]
INFO: [ view_parse ] --END-- [ RunTime:0.017115s ]
INFO: [ view_filter ] --START--
INFO: Run ContentReplace Behavior [ RunTime:0.000867s ]
INFO: Run TokenBuild Behavior [ RunTime:0.000785s ]
INFO: Run WriteHtmlCache Behavior [ RunTime:0.000557s ]
INFO: Run ShowRuntime Behavior [ RunTime:0.000959s ]
INFO: [ view_filter ] --END-- [ RunTime:0.003621s ]
INFO: [ view_end ] --START--
INFO: Run ShowPageTrace Behavior [ RunTime:0.001165s ]
INFO: [ view_end ] --END-- [ RunTime:0.001341s ]
INFO: [ view_template ] --START--
INFO: Run LocationTemplate Behavior [ RunTime:0.000474s ]
INFO: [ view_template ] --END-- [ RunTime:-0.022760s ]
INFO: [ view_parse ] --START--
NOTIC: [8] Undefined index: zt E:\wamp\www\2013\Xsy\Runtime\Cache\550cf8fae38af25ead8dfcabdae2ca76.php 第 50 行.
INFO: Run ParseTemplate Behavior [ RunTime:0.012301s ]
INFO: [ view_parse ] --END-- [ RunTime:-0.006273s ]
INFO: [ view_filter ] --START--
INFO: Run ContentReplace Behavior [ RunTime:0.000119s ]
INFO: Run TokenBuild Behavior [ RunTime:0.000110s ]
INFO: Run WriteHtmlCache Behavior [ RunTime:0.000023s ]
INFO: Run ShowRuntime Behavior [ RunTime:0.000169s ]
INFO: [ view_filter ] --END-- [ RunTime:-0.015041s ]
INFO: [ view_end ] --START--
INFO: Run ShowPageTrace Behavior [ RunTime:0.000078s ]
INFO: [ view_end ] --END-- [ RunTime:-0.014290s ]
INFO: [ view_template ] --START--
INFO: Run LocationTemplate Behavior [ RunTime:0.000332s ]
INFO: [ view_template ] --END-- [ RunTime:-0.037164s ]
INFO: [ view_parse ] --START--
INFO: Run ParseTemplate Behavior [ RunTime:0.002201s ]
INFO: [ view_parse ] --END-- [ RunTime:-0.020419s ]
INFO: [ view_filter ] --START--
INFO: Run ContentReplace Behavior [ RunTime:0.000092s ]
INFO: Run TokenBuild Behavior [ RunTime:0.000096s ]
INFO: Run WriteHtmlCache Behavior [ RunTime:0.000022s ]
INFO: Run ShowRuntime Behavior [ RunTime:0.000146s ]
INFO: [ view_filter ] --END-- [ RunTime:-0.019069s ]
INFO: [ view_end ] --START--
INFO: Run ShowPageTrace Behavior [ RunTime:0.000075s ]
INFO: [ view_end ] --END-- [ RunTime:-0.018256s ]

[ 2013-07-22T22:38:55+08:00 ] 0.0.0.0 /2013/index.php?m=Uc&a=logout
INFO: [ app_begin ] --START--
INFO: Run ReadHtmlCache Behavior [ RunTime:0.001004s ]
INFO: [ app_begin ] --END-- [ RunTime:0.001237s ]
NOTIC: [8] Use of undefined constant 退出成功 - assumed '退出成功' E:\wamp\www\2013\Xsy\Lib\Action\UcAction.class.php 第 44 行.
INFO: [ view_template ] --START--
INFO: Run LocationTemplate Behavior [ RunTime:0.000863s ]
INFO: [ view_template ] --END-- [ RunTime:0.001048s ]
INFO: [ view_parse ] --START--
INFO: Run ParseTemplate Behavior [ RunTime:0.011269s ]
INFO: [ view_parse ] --END-- [ RunTime:0.011452s ]
INFO: [ view_filter ] --START--
INFO: Run ContentReplace Behavior [ RunTime:0.000453s ]
INFO: Run TokenBuild Behavior [ RunTime:0.000436s ]
INFO: Run WriteHtmlCache Behavior [ RunTime:0.000291s ]
INFO: Run ShowRuntime Behavior [ RunTime:0.000557s ]
INFO: [ view_filter ] --END-- [ RunTime:0.002026s ]
INFO: [ view_end ] --START--
INFO: Run ShowPageTrace Behavior [ RunTime:0.000751s ]
INFO: [ view_end ] --END-- [ RunTime:0.000867s ]

[ 2013-07-22T22:38:55+08:00 ] 0.0.0.0 /2013/index.php?m=Uc&a=logout
INFO: [ app_begin ] --START--
INFO: Run ReadHtmlCache Behavior [ RunTime:0.001255s ]
INFO: [ app_begin ] --END-- [ RunTime:0.001471s ]
NOTIC: [8] Use of undefined constant 退出成功 - assumed '退出成功' E:\wamp\www\2013\Xsy\Lib\Action\UcAction.class.php 第 44 行.
INFO: [ view_template ] --START--
INFO: Run LocationTemplate Behavior [ RunTime:0.000952s ]
INFO: [ view_template ] --END-- [ RunTime:0.001160s ]
INFO: [ view_parse ] --START--
INFO: Run ParseTemplate Behavior [ RunTime:0.012885s ]
INFO: [ view_parse ] --END-- [ RunTime:0.013119s ]
INFO: [ view_filter ] --START--
INFO: Run ContentReplace Behavior [ RunTime:0.000918s ]
INFO: Run TokenBuild Behavior [ RunTime:0.000944s ]
INFO: Run WriteHtmlCache Behavior [ RunTime:0.000733s ]
INFO: Run ShowRuntime Behavior [ RunTime:0.001386s ]
INFO: [ view_filter ] --END-- [ RunTime:0.004660s ]
INFO: [ view_end ] --START--
INFO: Run ShowPageTrace Behavior [ RunTime:0.001486s ]
INFO: [ view_end ] --END-- [ RunTime:0.001736s ]

[ 2013-07-22T22:38:56+08:00 ] 0.0.0.0 /2013/index.php?m=Index&a=index
INFO: [ app_begin ] --START--
INFO: Run ReadHtmlCache Behavior [ RunTime:0.000636s ]
INFO: [ app_begin ] --END-- [ RunTime:0.000802s ]
NOTIC: [8] Undefined variable: Xsy_uid E:\wamp\www\2013\Xsy\Lib\Action\IndexAction.class.php 第 16 行.
NOTIC: [8] Undefined variable: Xsy_username E:\wamp\www\2013\Xsy\Lib\Action\IndexAction.class.php 第 17 行.
INFO: [ view_template ] --START--
INFO: Run LocationTemplate Behavior [ RunTime:0.001087s ]
INFO: [ view_template ] --END-- [ RunTime:0.001221s ]
INFO: [ view_parse ] --START--
INFO: Run ParseTemplate Behavior [ RunTime:0.010931s ]
INFO: [ view_parse ] --END-- [ RunTime:0.011073s ]
INFO: [ view_filter ] --START--
INFO: Run ContentReplace Behavior [ RunTime:0.000745s ]
INFO: Run TokenBuild Behavior [ RunTime:0.000658s ]
INFO: Run WriteHtmlCache Behavior [ RunTime:0.000461s ]
INFO: Run ShowRuntime Behavior [ RunTime:0.000694s ]
INFO: [ view_filter ] --END-- [ RunTime:0.002855s ]
INFO: [ view_end ] --START--
INFO: Run ShowPageTrace Behavior [ RunTime:0.000753s ]
INFO: [ view_end ] --END-- [ RunTime:0.000856s ]
INFO: [ view_template ] --START--
INFO: Run LocationTemplate Behavior [ RunTime:0.000347s ]
INFO: [ view_template ] --END-- [ RunTime:-0.015193s ]
INFO: [ view_parse ] --START--
NOTIC: [8] Undefined variable: kaiguan E:\wamp\www\2013\Xsy\Runtime\Cache\550cf8fae38af25ead8dfcabdae2ca76.php 第 34 行.
INFO: Run ParseTemplate Behavior [ RunTime:0.010975s ]
INFO: [ view_parse ] --END-- [ RunTime:-0.004559s ]
INFO: [ view_filter ] --START--
INFO: Run ContentReplace Behavior [ RunTime:0.000129s ]
INFO: Run TokenBuild Behavior [ RunTime:0.000109s ]
INFO: Run WriteHtmlCache Behavior [ RunTime:0.000022s ]
INFO: Run ShowRuntime Behavior [ RunTime:0.000208s ]
INFO: [ view_filter ] --END-- [ RunTime:-0.012789s ]
INFO: [ view_end ] --START--
INFO: Run ShowPageTrace Behavior [ RunTime:0.000137s ]
INFO: [ view_end ] --END-- [ RunTime:-0.012658s ]
INFO: [ view_template ] --START--
INFO: Run LocationTemplate Behavior [ RunTime:0.000407s ]
INFO: [ view_template ] --END-- [ RunTime:-0.028128s ]
INFO: [ view_parse ] --START--
INFO: Run ParseTemplate Behavior [ RunTime:0.002775s ]
INFO: [ view_parse ] --END-- [ RunTime:-0.017596s ]
INFO: [ view_filter ] --START--
INFO: Run ContentReplace Behavior [ RunTime:0.000122s ]
INFO: Run TokenBuild Behavior [ RunTime:0.000105s ]
INFO: Run WriteHtmlCache Behavior [ RunTime:0.000025s ]
INFO: Run ShowRuntime Behavior [ RunTime:0.000151s ]
INFO: [ view_filter ] --END-- [ RunTime:-0.017707s ]
INFO: [ view_end ] --START--
INFO: Run ShowPageTrace Behavior [ RunTime:0.000076s ]
INFO: [ view_end ] --END-- [ RunTime:-0.017568s ]

[ 2013-07-22T22:39:01+08:00 ] 0.0.0.0 /2013/index.php?m=Uc&a=login
INFO: [ app_begin ] --START--
INFO: Run ReadHtmlCache Behavior [ RunTime:0.001090s ]
INFO: [ app_begin ] --END-- [ RunTime:0.001333s ]
NOTIC: [8] Undefined index: return E:\wamp\www\2013\Xsy\Lib\Action\UcAction.class.php 第 37 行.
INFO: [ view_template ] --START--
INFO: Run LocationTemplate Behavior [ RunTime:0.001129s ]
INFO: [ view_template ] --END-- [ RunTime:0.001327s ]
INFO: [ view_parse ] --START--
INFO: Run ParseTemplate Behavior [ RunTime:0.016416s ]
INFO: [ view_parse ] --END-- [ RunTime:0.016616s ]
INFO: [ view_filter ] --START--
INFO: Run ContentReplace Behavior [ RunTime:0.000737s ]
INFO: Run TokenBuild Behavior [ RunTime:0.001635s ]
INFO: Run WriteHtmlCache Behavior [ RunTime:0.000715s ]
INFO: Run ShowRuntime Behavior [ RunTime:0.001317s ]
INFO: [ view_filter ] --END-- [ RunTime:0.004982s ]
INFO: [ view_end ] --START--
INFO: Run ShowPageTrace Behavior [ RunTime:0.001640s ]
INFO: [ view_end ] --END-- [ RunTime:0.001816s ]

[ 2013-07-22T22:39:01+08:00 ] 0.0.0.0 /2013/index.php?m=Uc&a=login
INFO: [ app_begin ] --START--
INFO: Run ReadHtmlCache Behavior [ RunTime:0.000963s ]
INFO: [ app_begin ] --END-- [ RunTime:0.001178s ]
NOTIC: [8] Undefined index: return E:\wamp\www\2013\Xsy\Lib\Action\UcAction.class.php 第 37 行.
INFO: [ view_template ] --START--
INFO: Run LocationTemplate Behavior [ RunTime:0.000709s ]
INFO: [ view_template ] --END-- [ RunTime:0.000824s ]
INFO: [ view_parse ] --START--
INFO: Run ParseTemplate Behavior [ RunTime:0.010264s ]
INFO: [ view_parse ] --END-- [ RunTime:0.010407s ]
INFO: [ view_filter ] --START--
INFO: Run ContentReplace Behavior [ RunTime:0.000648s ]
INFO: Run TokenBuild Behavior [ RunTime:0.000595s ]
INFO: Run WriteHtmlCache Behavior [ RunTime:0.000447s ]
INFO: Run ShowRuntime Behavior [ RunTime:0.001206s ]
INFO: [ view_filter ] --END-- [ RunTime:0.003365s ]
INFO: [ view_end ] --START--
INFO: Run ShowPageTrace Behavior [ RunTime:0.001327s ]
INFO: [ view_end ] --END-- [ RunTime:0.001500s ]

[ 2013-07-22T22:39:12+08:00 ] 0.0.0.0 /2013/index.php?m=Uc&a=login1
INFO: [ app_begin ] --START--
INFO: Run ReadHtmlCache Behavior [ RunTime:0.000944s ]
INFO: [ app_begin ] --END-- [ RunTime:0.001129s ]
NOTIC: [8] Undefined offset: 0 E:\wamp\www\2013\client\lib\xml.class.php 第 69 行.
NOTIC: [8] Undefined offset: 1 E:\wamp\www\2013\client\lib\xml.class.php 第 69 行.
NOTIC: [8] Undefined offset: 2 E:\wamp\www\2013\client\lib\xml.class.php 第 69 行.
NOTIC: [8] Undefined offset: 3 E:\wamp\www\2013\client\lib\xml.class.php 第 69 行.
NOTIC: [8] Undefined offset: 4 E:\wamp\www\2013\client\lib\xml.class.php 第 69 行.

[ 2013-07-22T22:39:14+08:00 ] 0.0.0.0 /2013/index.php?m=Index&a=index
INFO: [ app_begin ] --START--
INFO: Run ReadHtmlCache Behavior [ RunTime:0.000885s ]
INFO: [ app_begin ] --END-- [ RunTime:0.001087s ]
SQL: SHOW COLUMNS FROM `xsy_baoming` [ RunTime:0.004549s ]
SQL: SELECT * FROM `xsy_baoming` WHERE ( `uid` = '341063' ) AND ( `guanxi` = '报名人' ) LIMIT 1   [ RunTime:0.000829s ]
SQL: SELECT * FROM `xsy_baoming` WHERE ( `uid` = '341063' ) AND ( `guanxi` <> '报名人' )  [ RunTime:0.000736s ]
SQL: SHOW COLUMNS FROM `xsy_gonggao` [ RunTime:0.004412s ]
SQL: SELECT * FROM `xsy_gonggao` ORDER BY id desc LIMIT 1   [ RunTime:0.000786s ]
INFO: [ view_template ] --START--
INFO: Run LocationTemplate Behavior [ RunTime:0.000880s ]
INFO: [ view_template ] --END-- [ RunTime:0.001046s ]
INFO: [ view_parse ] --START--
INFO: Run ParseTemplate Behavior [ RunTime:0.009895s ]
INFO: [ view_parse ] --END-- [ RunTime:0.010021s ]
INFO: [ view_filter ] --START--
INFO: Run ContentReplace Behavior [ RunTime:0.000664s ]
INFO: Run TokenBuild Behavior [ RunTime:0.000582s ]
INFO: Run WriteHtmlCache Behavior [ RunTime:0.000441s ]
INFO: Run ShowRuntime Behavior [ RunTime:0.000976s ]
INFO: [ view_filter ] --END-- [ RunTime:0.002997s ]
INFO: [ view_end ] --START--
INFO: Run ShowPageTrace Behavior [ RunTime:0.001210s ]
INFO: [ view_end ] --END-- [ RunTime:0.001387s ]
INFO: [ view_template ] --START--
INFO: Run LocationTemplate Behavior [ RunTime:0.000461s ]
INFO: [ view_template ] --END-- [ RunTime:-0.014977s ]
INFO: [ view_parse ] --START--
INFO: Run ParseTemplate Behavior [ RunTime:0.016341s ]
INFO: [ view_parse ] --END-- [ RunTime:-0.005676s ]
INFO: [ view_filter ] --START--
INFO: Run ContentReplace Behavior [ RunTime:0.000278s ]
INFO: Run TokenBuild Behavior [ RunTime:0.000205s ]
INFO: Run WriteHtmlCache Behavior [ RunTime:0.000041s ]
INFO: Run ShowRuntime Behavior [ RunTime:0.000305s ]
INFO: [ view_filter ] --END-- [ RunTime:-0.019308s ]
INFO: [ view_end ] --START--
INFO: Run ShowPageTrace Behavior [ RunTime:0.000141s ]
INFO: [ view_end ] --END-- [ RunTime:-0.019252s ]
INFO: [ view_template ] --START--
INFO: Run LocationTemplate Behavior [ RunTime:0.000495s ]
INFO: [ view_template ] --END-- [ RunTime:-0.034570s ]
INFO: [ view_parse ] --START--
INFO: Run ParseTemplate Behavior [ RunTime:0.003613s ]
INFO: [ view_parse ] --END-- [ RunTime:-0.025291s ]
INFO: [ view_filter ] --START--
INFO: Run ContentReplace Behavior [ RunTime:0.000164s ]
INFO: Run TokenBuild Behavior [ RunTime:0.000172s ]
INFO: Run WriteHtmlCache Behavior [ RunTime:0.000040s ]
INFO: Run ShowRuntime Behavior [ RunTime:0.000264s ]
INFO: [ view_filter ] --END-- [ RunTime:-0.026179s ]
INFO: [ view_end ] --START--
INFO: Run ShowPageTrace Behavior [ RunTime:0.000132s ]
INFO: [ view_end ] --END-- [ RunTime:-0.025892s ]

[ 2013-07-22T22:39:25+08:00 ] 0.0.0.0 /2013/index.php?m=Index&a=index
INFO: [ app_begin ] --START--
INFO: Run ReadHtmlCache Behavior [ RunTime:0.001057s ]
INFO: [ app_begin ] --END-- [ RunTime:0.001297s ]
SQL: SHOW COLUMNS FROM `xsy_baoming` [ RunTime:0.004409s ]
SQL: SELECT * FROM `xsy_baoming` WHERE ( `uid` = '341063' ) AND ( `guanxi` = '报名人' ) LIMIT 1   [ RunTime:0.000802s ]
SQL: SELECT * FROM `xsy_baoming` WHERE ( `uid` = '341063' ) AND ( `guanxi` <> '报名人' )  [ RunTime:0.000533s ]
SQL: SHOW COLUMNS FROM `xsy_gonggao` [ RunTime:0.003668s ]
SQL: SELECT * FROM `xsy_gonggao` ORDER BY id desc LIMIT 1   [ RunTime:0.000547s ]
INFO: [ view_template ] --START--
INFO: Run LocationTemplate Behavior [ RunTime:0.001124s ]
INFO: [ view_template ] --END-- [ RunTime:0.001355s ]
INFO: [ view_parse ] --START--
INFO: Run ParseTemplate Behavior [ RunTime:0.015775s ]
INFO: [ view_parse ] --END-- [ RunTime:0.015996s ]
INFO: [ view_filter ] --START--
INFO: Run ContentReplace Behavior [ RunTime:0.001477s ]
INFO: Run TokenBuild Behavior [ RunTime:0.001219s ]
INFO: Run WriteHtmlCache Behavior [ RunTime:0.000688s ]
INFO: Run ShowRuntime Behavior [ RunTime:0.001023s ]
INFO: [ view_filter ] --END-- [ RunTime:0.004934s ]
INFO: [ view_end ] --START--
INFO: Run ShowPageTrace Behavior [ RunTime:0.001113s ]
INFO: [ view_end ] --END-- [ RunTime:0.001282s ]
INFO: [ view_template ] --START--
INFO: Run LocationTemplate Behavior [ RunTime:0.000440s ]
INFO: [ view_template ] --END-- [ RunTime:-0.022901s ]
INFO: [ view_parse ] --START--
INFO: Run ParseTemplate Behavior [ RunTime:0.017189s ]
INFO: [ view_parse ] --END-- [ RunTime:-0.007486s ]
INFO: [ view_filter ] --START--
INFO: Run ContentReplace Behavior [ RunTime:0.000233s ]
INFO: Run TokenBuild Behavior [ RunTime:0.000189s ]
INFO: Run WriteHtmlCache Behavior [ RunTime:0.000039s ]
INFO: Run ShowRuntime Behavior [ RunTime:0.000292s ]
INFO: [ view_filter ] --END-- [ RunTime:-0.019917s ]
INFO: [ view_end ] --START--
INFO: Run ShowPageTrace Behavior [ RunTime:0.000133s ]
INFO: [ view_end ] --END-- [ RunTime:-0.019813s ]
INFO: [ view_template ] --START--
INFO: Run LocationTemplate Behavior [ RunTime:0.000495s ]
INFO: [ view_template ] --END-- [ RunTime:-0.043074s ]
INFO: [ view_parse ] --START--
INFO: Run ParseTemplate Behavior [ RunTime:0.004298s ]
INFO: [ view_parse ] --END-- [ RunTime:-0.027785s ]
INFO: [ view_filter ] --START--
INFO: Run ContentReplace Behavior [ RunTime:0.000187s ]
INFO: Run TokenBuild Behavior [ RunTime:0.000172s ]
INFO: Run WriteHtmlCache Behavior [ RunTime:0.000040s ]
INFO: Run ShowRuntime Behavior [ RunTime:0.000324s ]
INFO: [ view_filter ] --END-- [ RunTime:-0.027394s ]
INFO: [ view_end ] --START--
INFO: Run ShowPageTrace Behavior [ RunTime:0.000130s ]
INFO: [ view_end ] --END-- [ RunTime:-0.027395s ]

[ 2013-07-22T22:40:13+08:00 ] 0.0.0.0 /2013/index.php?m=Index&a=index
INFO: [ app_begin ] --START--
INFO: Run ReadHtmlCache Behavior [ RunTime:0.000597s ]
INFO: [ app_begin ] --END-- [ RunTime:0.000727s ]
SQL: SHOW COLUMNS FROM `xsy_baoming` [ RunTime:0.003911s ]
SQL: SELECT * FROM `xsy_baoming` WHERE ( `uid` = '341063' ) AND ( `guanxi` = '报名人' ) LIMIT 1   [ RunTime:0.000574s ]
SQL: SELECT * FROM `xsy_baoming` WHERE ( `uid` = '341063' ) AND ( `guanxi` <> '报名人' )  [ RunTime:0.000456s ]
SQL: SHOW COLUMNS FROM `xsy_gonggao` [ RunTime:0.003858s ]
SQL: SELECT * FROM `xsy_gonggao` ORDER BY id desc LIMIT 1   [ RunTime:0.000441s ]
INFO: [ view_template ] --START--
INFO: Run LocationTemplate Behavior [ RunTime:0.001069s ]
INFO: [ view_template ] --END-- [ RunTime:0.001265s ]
INFO: [ view_parse ] --START--
INFO: Run ParseTemplate Behavior [ RunTime:0.016137s ]
INFO: [ view_parse ] --END-- [ RunTime:0.016314s ]
INFO: [ view_filter ] --START--
INFO: Run ContentReplace Behavior [ RunTime:0.000716s ]
INFO: Run TokenBuild Behavior [ RunTime:0.000626s ]
INFO: Run WriteHtmlCache Behavior [ RunTime:0.000478s ]
INFO: Run ShowRuntime Behavior [ RunTime:0.000733s ]
INFO: [ view_filter ] --END-- [ RunTime:0.002856s ]
INFO: [ view_end ] --START--
INFO: Run ShowPageTrace Behavior [ RunTime:0.000758s ]
INFO: [ view_end ] --END-- [ RunTime:0.000863s ]
INFO: [ view_template ] --START--
INFO: Run LocationTemplate Behavior [ RunTime:0.000307s ]
INFO: [ view_template ] --END-- [ RunTime:-0.020462s ]
INFO: [ view_parse ] --START--
INFO: Run ParseTemplate Behavior [ RunTime:0.010061s ]
INFO: [ view_parse ] --END-- [ RunTime:-0.004540s ]
INFO: [ view_filter ] --START--
INFO: Run ContentReplace Behavior [ RunTime:0.000240s ]
INFO: Run TokenBuild Behavior [ RunTime:0.000237s ]
INFO: Run WriteHtmlCache Behavior [ RunTime:0.000046s ]
INFO: Run ShowRuntime Behavior [ RunTime:0.000332s ]
INFO: [ view_filter ] --END-- [ RunTime:-0.011977s ]
INFO: [ view_end ] --START--
INFO: Run ShowPageTrace Behavior [ RunTime:0.000146s ]
INFO: [ view_end ] --END-- [ RunTime:-0.012462s ]
INFO: [ view_template ] --START--
INFO: Run LocationTemplate Behavior [ RunTime:0.000541s ]
INFO: [ view_template ] --END-- [ RunTime:-0.033331s ]
INFO: [ view_parse ] --START--
INFO: Run ParseTemplate Behavior [ RunTime:0.003841s ]
INFO: [ view_parse ] --END-- [ RunTime:-0.017831s ]
INFO: [ view_filter ] --START--
INFO: Run ContentReplace Behavior [ RunTime:0.000173s ]
INFO: Run TokenBuild Behavior [ RunTime:0.000205s ]
INFO: Run WriteHtmlCache Behavior [ RunTime:0.000045s ]
INFO: Run ShowRuntime Behavior [ RunTime:0.000317s ]
INFO: [ view_filter ] --END-- [ RunTime:-0.019090s ]
INFO: [ view_end ] --START--
INFO: Run ShowPageTrace Behavior [ RunTime:0.000135s ]
INFO: [ view_end ] --END-- [ RunTime:-0.019519s ]

[ 2013-07-22T22:41:40+08:00 ] 0.0.0.0 /2013/index.php?m=Index&a=index
INFO: [ app_begin ] --START--
INFO: Run ReadHtmlCache Behavior [ RunTime:0.000813s ]
INFO: [ app_begin ] --END-- [ RunTime:0.000946s ]
SQL: SHOW COLUMNS FROM `xsy_baoming` [ RunTime:0.004434s ]
SQL: SELECT * FROM `xsy_baoming` WHERE ( `uid` = '341063' ) AND ( `guanxi` = '报名人' ) LIMIT 1   [ RunTime:0.000582s ]
SQL: SELECT * FROM `xsy_baoming` WHERE ( `uid` = '341063' ) AND ( `guanxi` <> '报名人' )  [ RunTime:0.000446s ]
SQL: SHOW COLUMNS FROM `xsy_gonggao` [ RunTime:0.003818s ]
SQL: SELECT * FROM `xsy_gonggao` ORDER BY id desc LIMIT 1   [ RunTime:0.000440s ]
INFO: [ view_template ] --START--
INFO: Run LocationTemplate Behavior [ RunTime:0.001002s ]
INFO: [ view_template ] --END-- [ RunTime:0.001130s ]
INFO: [ view_parse ] --START--
INFO: Run ParseTemplate Behavior [ RunTime:0.014088s ]
INFO: [ view_parse ] --END-- [ RunTime:0.014216s ]
INFO: [ view_filter ] --START--
INFO: Run ContentReplace Behavior [ RunTime:0.000668s ]
INFO: Run TokenBuild Behavior [ RunTime:0.000584s ]
INFO: Run WriteHtmlCache Behavior [ RunTime:0.000459s ]
INFO: Run ShowRuntime Behavior [ RunTime:0.000828s ]
INFO: [ view_filter ] --END-- [ RunTime:0.002858s ]
INFO: [ view_end ] --START--
INFO: Run ShowPageTrace Behavior [ RunTime:0.001020s ]
INFO: [ view_end ] --END-- [ RunTime:0.001164s ]
INFO: [ view_template ] --START--
INFO: Run LocationTemplate Behavior [ RunTime:0.000352s ]
INFO: [ view_template ] --END-- [ RunTime:-0.018746s ]
INFO: [ view_parse ] --START--
INFO: Run ParseTemplate Behavior [ RunTime:0.009914s ]
INFO: [ view_parse ] --END-- [ RunTime:-0.004973s ]
INFO: [ view_filter ] --START--
INFO: Run ContentReplace Behavior [ RunTime:0.000152s ]
INFO: Run TokenBuild Behavior [ RunTime:0.000112s ]
INFO: Run WriteHtmlCache Behavior [ RunTime:0.000021s ]
INFO: Run ShowRuntime Behavior [ RunTime:0.000172s ]
INFO: [ view_filter ] --END-- [ RunTime:-0.012153s ]
INFO: [ view_end ] --START--
INFO: Run ShowPageTrace Behavior [ RunTime:0.000078s ]
INFO: [ view_end ] --END-- [ RunTime:-0.011602s ]
INFO: [ view_template ] --START--
INFO: Run LocationTemplate Behavior [ RunTime:0.000363s ]
INFO: [ view_template ] --END-- [ RunTime:-0.030539s ]
INFO: [ view_parse ] --START--
INFO: Run ParseTemplate Behavior [ RunTime:0.003285s ]
INFO: [ view_parse ] --END-- [ RunTime:-0.016787s ]
INFO: [ view_filter ] --START--
INFO: Run ContentReplace Behavior [ RunTime:0.000160s ]
INFO: Run TokenBuild Behavior [ RunTime:0.000169s ]
INFO: Run WriteHtmlCache Behavior [ RunTime:0.000039s ]
INFO: Run ShowRuntime Behavior [ RunTime:0.000261s ]
INFO: [ view_filter ] --END-- [ RunTime:-0.017454s ]
INFO: [ view_end ] --START--
INFO: Run ShowPageTrace Behavior [ RunTime:0.000131s ]
INFO: [ view_end ] --END-- [ RunTime:-0.017347s ]

