[ 2013-07-25T15:44:12+08:00 ] 127.0.0.1 /2013/
INFO: [ app_begin ] --START--
INFO: Run ReadHtmlCache Behavior [ RunTime:0.003628s ]
INFO: [ app_begin ] --END-- [ RunTime:0.034103s ]
NOTIC: [8] Undefined variable: Xsy_uid E:\wamp\www\2013\Xsy\Lib\Action\IndexAction.class.php 第 16 行.
NOTIC: [8] Undefined variable: Xsy_username E:\wamp\www\2013\Xsy\Lib\Action\IndexAction.class.php 第 17 行.
INFO: [ view_template ] --START--
INFO: Run LocationTemplate Behavior [ RunTime:0.089420s ]
INFO: [ view_template ] --END-- [ RunTime:0.089773s ]
INFO: [ view_parse ] --START--
INFO: Run ParseTemplate Behavior [ RunTime:0.397058s ]
INFO: [ view_parse ] --END-- [ RunTime:0.397322s ]
INFO: [ view_filter ] --START--
INFO: Run ContentReplace Behavior [ RunTime:0.007808s ]
INFO: Run TokenBuild Behavior [ RunTime:0.013402s ]
INFO: Run WriteHtmlCache Behavior [ RunTime:0.000665s ]
INFO: Run ShowRuntime Behavior [ RunTime:0.000929s ]
INFO: [ view_filter ] --END-- [ RunTime:0.023132s ]
INFO: [ view_end ] --START--
INFO: Run ShowPageTrace Behavior [ RunTime:0.001233s ]
INFO: [ view_end ] --END-- [ RunTime:0.001366s ]
INFO: [ view_template ] --START--
INFO: Run LocationTemplate Behavior [ RunTime:0.015995s ]
INFO: [ view_template ] --END-- [ RunTime:-0.428983s ]
INFO: [ view_parse ] --START--
NOTIC: [8] Undefined variable: kaiguan E:\wamp\www\2013\Xsy\Runtime\Cache\550cf8fae38af25ead8dfcabdae2ca76.php 第 34 行.
INFO: Run ParseTemplate Behavior [ RunTime:0.021218s ]
INFO: [ view_parse ] --END-- [ RunTime:-0.047790s ]
INFO: [ view_filter ] --START--
INFO: Run ContentReplace Behavior [ RunTime:0.000213s ]
INFO: Run TokenBuild Behavior [ RunTime:0.000193s ]
INFO: Run WriteHtmlCache Behavior [ RunTime:0.000044s ]
INFO: Run ShowRuntime Behavior [ RunTime:0.000282s ]
INFO: [ view_filter ] --END-- [ RunTime:-0.046108s ]
INFO: [ view_end ] --START--
INFO: Run ShowPageTrace Behavior [ RunTime:0.000117s ]
INFO: [ view_end ] --END-- [ RunTime:-0.039465s ]
INFO: [ view_template ] --START--
INFO: Run LocationTemplate Behavior [ RunTime:0.000333s ]
INFO: [ view_template ] --END-- [ RunTime:-0.468705s ]
INFO: [ view_parse ] --START--
INFO: Run ParseTemplate Behavior [ RunTime:0.018010s ]
INFO: [ view_parse ] --END-- [ RunTime:-0.071634s ]
INFO: [ view_filter ] --START--
INFO: Run ContentReplace Behavior [ RunTime:0.000098s ]
INFO: Run TokenBuild Behavior [ RunTime:0.000094s ]
INFO: Run WriteHtmlCache Behavior [ RunTime:0.000022s ]
INFO: Run ShowRuntime Behavior [ RunTime:0.000146s ]
INFO: [ view_filter ] --END-- [ RunTime:-0.066627s ]
INFO: [ view_end ] --START--
INFO: Run ShowPageTrace Behavior [ RunTime:0.000074s ]
INFO: [ view_end ] --END-- [ RunTime:-0.059289s ]

[ 2013-07-25T18:36:59+08:00 ] 0.0.0.0 /2013/
INFO: [ app_begin ] --START--
INFO: Run ReadHtmlCache Behavior [ RunTime:0.001206s ]
INFO: [ app_begin ] --END-- [ RunTime:0.001352s ]
NOTIC: [8] Undefined variable: Xsy_uid E:\wamp\www\2013\Xsy\Lib\Action\IndexAction.class.php 第 16 行.
NOTIC: [8] Undefined variable: Xsy_username E:\wamp\www\2013\Xsy\Lib\Action\IndexAction.class.php 第 17 行.
INFO: [ view_template ] --START--
INFO: Run LocationTemplate Behavior [ RunTime:0.001554s ]
INFO: [ view_template ] --END-- [ RunTime:0.001690s ]
INFO: [ view_parse ] --START--
INFO: Run ParseTemplate Behavior [ RunTime:0.036141s ]
INFO: [ view_parse ] --END-- [ RunTime:0.036327s ]
INFO: [ view_filter ] --START--
INFO: Run ContentReplace Behavior [ RunTime:0.000786s ]
INFO: Run TokenBuild Behavior [ RunTime:0.000741s ]
INFO: Run WriteHtmlCache Behavior [ RunTime:0.000608s ]
INFO: Run ShowRuntime Behavior [ RunTime:0.000866s ]
INFO: [ view_filter ] --END-- [ RunTime:0.003289s ]
INFO: [ view_end ] --START--
INFO: Run ShowPageTrace Behavior [ RunTime:0.000944s ]
INFO: [ view_end ] --END-- [ RunTime:0.001049s ]
INFO: [ view_template ] --START--
INFO: Run LocationTemplate Behavior [ RunTime:0.010489s ]
INFO: [ view_template ] --END-- [ RunTime:-0.041069s ]
INFO: [ view_parse ] --START--
NOTIC: [8] Undefined variable: kaiguan E:\wamp\www\2013\Xsy\Runtime\Cache\550cf8fae38af25ead8dfcabdae2ca76.php 第 34 行.
INFO: Run ParseTemplate Behavior [ RunTime:0.011386s ]
INFO: [ view_parse ] --END-- [ RunTime:-0.015329s ]
INFO: [ view_filter ] --START--
INFO: Run ContentReplace Behavior [ RunTime:0.000118s ]
INFO: Run TokenBuild Behavior [ RunTime:0.000098s ]
INFO: Run WriteHtmlCache Behavior [ RunTime:0.000022s ]
INFO: Run ShowRuntime Behavior [ RunTime:0.000149s ]
INFO: [ view_filter ] --END-- [ RunTime:-0.023536s ]
INFO: [ view_end ] --START--
INFO: Run ShowPageTrace Behavior [ RunTime:0.000075s ]
INFO: [ view_end ] --END-- [ RunTime:-0.023109s ]
INFO: [ view_template ] --START--
INFO: Run LocationTemplate Behavior [ RunTime:0.000344s ]
INFO: [ view_template ] --END-- [ RunTime:-0.064340s ]
INFO: [ view_parse ] --START--
INFO: Run ParseTemplate Behavior [ RunTime:0.002937s ]
INFO: [ view_parse ] --END-- [ RunTime:-0.028511s ]
INFO: [ view_filter ] --START--
INFO: Run ContentReplace Behavior [ RunTime:0.000098s ]
INFO: Run TokenBuild Behavior [ RunTime:0.000094s ]
INFO: Run WriteHtmlCache Behavior [ RunTime:0.000021s ]
INFO: Run ShowRuntime Behavior [ RunTime:0.000145s ]
INFO: [ view_filter ] --END-- [ RunTime:-0.028310s ]
INFO: [ view_end ] --START--
INFO: Run ShowPageTrace Behavior [ RunTime:0.000075s ]
INFO: [ view_end ] --END-- [ RunTime:-0.027850s ]

[ 2013-07-25T18:37:01+08:00 ] 0.0.0.0 /2013/index.php?m=Uc&a=login
INFO: [ app_begin ] --START--
INFO: Run ReadHtmlCache Behavior [ RunTime:0.000821s ]
INFO: [ app_begin ] --END-- [ RunTime:0.000955s ]
NOTIC: [8] Undefined index: return E:\wamp\www\2013\Xsy\Lib\Action\UcAction.class.php 第 37 行.
INFO: [ view_template ] --START--
INFO: Run LocationTemplate Behavior [ RunTime:0.062590s ]
INFO: [ view_template ] --END-- [ RunTime:0.062726s ]
INFO: [ view_parse ] --START--
INFO: Run ParseTemplate Behavior [ RunTime:0.032323s ]
INFO: [ view_parse ] --END-- [ RunTime:0.032449s ]
INFO: [ view_filter ] --START--
INFO: Run ContentReplace Behavior [ RunTime:0.000547s ]
INFO: Run TokenBuild Behavior [ RunTime:0.000520s ]
INFO: Run WriteHtmlCache Behavior [ RunTime:0.000375s ]
INFO: Run ShowRuntime Behavior [ RunTime:0.000629s ]
INFO: [ view_filter ] --END-- [ RunTime:0.002347s ]
INFO: [ view_end ] --START--
INFO: Run ShowPageTrace Behavior [ RunTime:0.000697s ]
INFO: [ view_end ] --END-- [ RunTime:0.000798s ]

[ 2013-07-25T18:37:02+08:00 ] 0.0.0.0 /2013/index.php?m=Uc&a=login
INFO: [ app_begin ] --START--
INFO: Run ReadHtmlCache Behavior [ RunTime:0.000566s ]
INFO: [ app_begin ] --END-- [ RunTime:0.000690s ]
NOTIC: [8] Undefined index: return E:\wamp\www\2013\Xsy\Lib\Action\UcAction.class.php 第 37 行.
INFO: [ view_template ] --START--
INFO: Run LocationTemplate Behavior [ RunTime:0.000588s ]
INFO: [ view_template ] --END-- [ RunTime:0.000697s ]
INFO: [ view_parse ] --START--
INFO: Run ParseTemplate Behavior [ RunTime:0.010727s ]
INFO: [ view_parse ] --END-- [ RunTime:0.010912s ]
INFO: [ view_filter ] --START--
INFO: Run ContentReplace Behavior [ RunTime:0.000727s ]
INFO: Run TokenBuild Behavior [ RunTime:0.000671s ]
INFO: Run WriteHtmlCache Behavior [ RunTime:0.000433s ]
INFO: Run ShowRuntime Behavior [ RunTime:0.000859s ]
INFO: [ view_filter ] --END-- [ RunTime:0.003183s ]
INFO: [ view_end ] --START--
INFO: Run ShowPageTrace Behavior [ RunTime:0.000986s ]
INFO: [ view_end ] --END-- [ RunTime:0.001169s ]

[ 2013-07-25T18:37:12+08:00 ] 0.0.0.0 /2013/index.php?m=Uc&a=login1
INFO: [ app_begin ] --START--
INFO: Run ReadHtmlCache Behavior [ RunTime:0.000565s ]
INFO: [ app_begin ] --END-- [ RunTime:0.000674s ]
NOTIC: [8] Undefined offset: 0 E:\wamp\www\2013\client\lib\xml.class.php 第 69 行.
NOTIC: [8] Undefined offset: 1 E:\wamp\www\2013\client\lib\xml.class.php 第 69 行.
NOTIC: [8] Undefined offset: 2 E:\wamp\www\2013\client\lib\xml.class.php 第 69 行.
NOTIC: [8] Undefined offset: 3 E:\wamp\www\2013\client\lib\xml.class.php 第 69 行.
NOTIC: [8] Undefined offset: 4 E:\wamp\www\2013\client\lib\xml.class.php 第 69 行.

[ 2013-07-25T18:37:15+08:00 ] 0.0.0.0 /2013/
INFO: [ app_begin ] --START--
INFO: Run ReadHtmlCache Behavior [ RunTime:0.000564s ]
INFO: [ app_begin ] --END-- [ RunTime:0.000683s ]
SQL: SHOW COLUMNS FROM `xsy_baoming` [ RunTime:0.226830s ]
SQL: SELECT * FROM `xsy_baoming` WHERE ( `uid` = '294940' ) AND ( `guanxi` = '报名人' ) LIMIT 1   [ RunTime:0.007072s ]
SQL: SELECT * FROM `xsy_baoming` WHERE ( `uid` = '294940' ) AND ( `guanxi` <> '报名人' )  [ RunTime:0.000558s ]
SQL: SHOW COLUMNS FROM `xsy_gonggao` [ RunTime:0.329395s ]
SQL: SELECT * FROM `xsy_gonggao` ORDER BY id desc LIMIT 1   [ RunTime:0.001076s ]
INFO: [ view_template ] --START--
INFO: Run LocationTemplate Behavior [ RunTime:0.000624s ]
INFO: [ view_template ] --END-- [ RunTime:0.000732s ]
INFO: [ view_parse ] --START--
NOTIC: [8] Undefined index: zt E:\wamp\www\2013\Xsy\Runtime\Cache\a968336665b7a6b8c1727b322a887d23.php 第 41 行.
NOTIC: [8] Undefined index: zt E:\wamp\www\2013\Xsy\Runtime\Cache\a968336665b7a6b8c1727b322a887d23.php 第 44 行.
INFO: Run ParseTemplate Behavior [ RunTime:0.010762s ]
INFO: [ view_parse ] --END-- [ RunTime:0.010887s ]
INFO: [ view_filter ] --START--
INFO: Run ContentReplace Behavior [ RunTime:0.000556s ]
INFO: Run TokenBuild Behavior [ RunTime:0.000423s ]
INFO: Run WriteHtmlCache Behavior [ RunTime:0.000283s ]
INFO: Run ShowRuntime Behavior [ RunTime:0.000514s ]
INFO: [ view_filter ] --END-- [ RunTime:0.002053s ]
INFO: [ view_end ] --START--
INFO: Run ShowPageTrace Behavior [ RunTime:0.000578s ]
INFO: [ view_end ] --END-- [ RunTime:0.000678s ]
INFO: [ view_template ] --START--
INFO: Run LocationTemplate Behavior [ RunTime:0.000173s ]
INFO: [ view_template ] --END-- [ RunTime:-0.014008s ]
INFO: [ view_parse ] --START--
NOTIC: [8] Undefined index: zt E:\wamp\www\2013\Xsy\Runtime\Cache\550cf8fae38af25ead8dfcabdae2ca76.php 第 50 行.
INFO: Run ParseTemplate Behavior [ RunTime:0.010007s ]
INFO: [ view_parse ] --END-- [ RunTime:-0.003384s ]
INFO: [ view_filter ] --START--
INFO: Run ContentReplace Behavior [ RunTime:0.000110s ]
INFO: Run TokenBuild Behavior [ RunTime:0.000095s ]
INFO: Run WriteHtmlCache Behavior [ RunTime:0.000022s ]
INFO: Run ShowRuntime Behavior [ RunTime:0.000146s ]
INFO: [ view_filter ] --END-- [ RunTime:-0.011439s ]
INFO: [ view_end ] --START--
INFO: Run ShowPageTrace Behavior [ RunTime:0.000076s ]
INFO: [ view_end ] --END-- [ RunTime:-0.011370s ]
INFO: [ view_template ] --START--
INFO: Run LocationTemplate Behavior [ RunTime:0.000184s ]
INFO: [ view_template ] --END-- [ RunTime:-0.025538s ]
INFO: [ view_parse ] --START--
INFO: Run ParseTemplate Behavior [ RunTime:0.002136s ]
INFO: [ view_parse ] --END-- [ RunTime:-0.014922s ]
INFO: [ view_filter ] --START--
INFO: Run ContentReplace Behavior [ RunTime:0.000090s ]
INFO: Run TokenBuild Behavior [ RunTime:0.000093s ]
INFO: Run WriteHtmlCache Behavior [ RunTime:0.000021s ]
INFO: Run ShowRuntime Behavior [ RunTime:0.000142s ]
INFO: [ view_filter ] --END-- [ RunTime:-0.015100s ]
INFO: [ view_end ] --START--
INFO: Run ShowPageTrace Behavior [ RunTime:0.000074s ]
INFO: [ view_end ] --END-- [ RunTime:-0.014995s ]

[ 2013-07-25T18:37:17+08:00 ] 0.0.0.0 /2013/index.php?m=Baoming&a=step1
INFO: [ app_begin ] --START--
INFO: Run ReadHtmlCache Behavior [ RunTime:0.001309s ]
INFO: [ app_begin ] --END-- [ RunTime:0.001526s ]
NOTIC: [8] Use of undefined constant 请重新登录 - assumed '请重新登录' E:\wamp\www\2013\Xsy\Lib\Action\BaomingAction.class.php 第 42 行.
INFO: [ view_template ] --START--
INFO: Run LocationTemplate Behavior [ RunTime:0.000744s ]
INFO: [ view_template ] --END-- [ RunTime:0.000859s ]
INFO: [ view_parse ] --START--
INFO: Run ParseTemplate Behavior [ RunTime:0.038989s ]
INFO: [ view_parse ] --END-- [ RunTime:0.039122s ]
INFO: [ view_filter ] --START--
INFO: Run ContentReplace Behavior [ RunTime:0.000551s ]
INFO: Run TokenBuild Behavior [ RunTime:0.000508s ]
INFO: Run WriteHtmlCache Behavior [ RunTime:0.000374s ]
INFO: Run ShowRuntime Behavior [ RunTime:0.000609s ]
INFO: [ view_filter ] --END-- [ RunTime:0.002315s ]
INFO: [ view_end ] --START--
INFO: Run ShowPageTrace Behavior [ RunTime:0.000686s ]
INFO: [ view_end ] --END-- [ RunTime:0.000786s ]

[ 2013-07-25T18:37:19+08:00 ] 0.0.0.0 /2013/index.php?m=Baoming&a=step1
INFO: [ app_begin ] --START--
INFO: Run ReadHtmlCache Behavior [ RunTime:0.001212s ]
INFO: [ app_begin ] --END-- [ RunTime:0.001430s ]
SQL: SHOW COLUMNS FROM `xsy_info` [ RunTime:0.278939s ]
SQL: SELECT * FROM `xsy_info` WHERE ( id=1 ) LIMIT 1   [ RunTime:0.050752s ]
SQL: SHOW COLUMNS FROM `xsy_baoming` [ RunTime:0.004890s ]
SQL: SELECT * FROM `xsy_baoming` WHERE ( `uid` = '294940' ) LIMIT 1   [ RunTime:0.000546s ]
INFO: [ view_template ] --START--
INFO: Run LocationTemplate Behavior [ RunTime:0.028817s ]
INFO: [ view_template ] --END-- [ RunTime:0.029025s ]
INFO: [ view_parse ] --START--
NOTIC: [2048] mktime(): You should be using the time() function instead E:\wamp\www\2013\Xsy\Runtime\Cache\447278d7ddc51d788c347564aa6c659e.php 第 3 行.
NOTIC: [2048] mktime(): You should be using the time() function instead E:\wamp\www\2013\Xsy\Runtime\Cache\447278d7ddc51d788c347564aa6c659e.php 第 4 行.
INFO: Run ParseTemplate Behavior [ RunTime:0.105101s ]
INFO: [ view_parse ] --END-- [ RunTime:0.105290s ]
INFO: [ view_filter ] --START--
INFO: Run ContentReplace Behavior [ RunTime:0.000626s ]
INFO: Run TokenBuild Behavior [ RunTime:0.000433s ]
INFO: Run WriteHtmlCache Behavior [ RunTime:0.000281s ]
INFO: Run ShowRuntime Behavior [ RunTime:0.000769s ]
INFO: [ view_filter ] --END-- [ RunTime:0.002407s ]
INFO: [ view_end ] --START--
INFO: Run ShowPageTrace Behavior [ RunTime:0.000618s ]
INFO: [ view_end ] --END-- [ RunTime:0.000720s ]

[ 2013-07-25T18:37:51+08:00 ] 0.0.0.0 /2013/
INFO: [ app_begin ] --START--
INFO: Run ReadHtmlCache Behavior [ RunTime:0.000845s ]
INFO: [ app_begin ] --END-- [ RunTime:0.000984s ]
SQL: SHOW COLUMNS FROM `xsy_baoming` [ RunTime:0.004951s ]
SQL: SELECT * FROM `xsy_baoming` WHERE ( `uid` = '294940' ) AND ( `guanxi` = '报名人' ) LIMIT 1   [ RunTime:0.000428s ]
SQL: SELECT * FROM `xsy_baoming` WHERE ( `uid` = '294940' ) AND ( `guanxi` <> '报名人' )  [ RunTime:0.000359s ]
SQL: SHOW COLUMNS FROM `xsy_gonggao` [ RunTime:0.003931s ]
SQL: SELECT * FROM `xsy_gonggao` ORDER BY id desc LIMIT 1   [ RunTime:0.000369s ]
INFO: [ view_template ] --START--
INFO: Run LocationTemplate Behavior [ RunTime:0.001351s ]
INFO: [ view_template ] --END-- [ RunTime:0.001530s ]
INFO: [ view_parse ] --START--
NOTIC: [8] Undefined index: zt E:\wamp\www\2013\Xsy\Runtime\Cache\a968336665b7a6b8c1727b322a887d23.php 第 41 行.
NOTIC: [8] Undefined index: zt E:\wamp\www\2013\Xsy\Runtime\Cache\a968336665b7a6b8c1727b322a887d23.php 第 44 行.
INFO: Run ParseTemplate Behavior [ RunTime:0.012209s ]
INFO: [ view_parse ] --END-- [ RunTime:0.012365s ]
INFO: [ view_filter ] --START--
INFO: Run ContentReplace Behavior [ RunTime:0.000643s ]
INFO: Run TokenBuild Behavior [ RunTime:0.000560s ]
INFO: Run WriteHtmlCache Behavior [ RunTime:0.000435s ]
INFO: Run ShowRuntime Behavior [ RunTime:0.000653s ]
INFO: [ view_filter ] --END-- [ RunTime:0.002589s ]
INFO: [ view_end ] --START--
INFO: Run ShowPageTrace Behavior [ RunTime:0.000687s ]
INFO: [ view_end ] --END-- [ RunTime:0.000787s ]
INFO: [ view_template ] --START--
INFO: Run LocationTemplate Behavior [ RunTime:0.000266s ]
INFO: [ view_template ] --END-- [ RunTime:-0.016195s ]
INFO: [ view_parse ] --START--
NOTIC: [8] Undefined index: zt E:\wamp\www\2013\Xsy\Runtime\Cache\550cf8fae38af25ead8dfcabdae2ca76.php 第 50 行.
INFO: Run ParseTemplate Behavior [ RunTime:0.009975s ]
INFO: [ view_parse ] --END-- [ RunTime:-0.004231s ]
INFO: [ view_filter ] --START--
INFO: Run ContentReplace Behavior [ RunTime:0.000109s ]
INFO: Run TokenBuild Behavior [ RunTime:0.000096s ]
INFO: Run WriteHtmlCache Behavior [ RunTime:0.000022s ]
INFO: Run ShowRuntime Behavior [ RunTime:0.000148s ]
INFO: [ view_filter ] --END-- [ RunTime:-0.011759s ]
INFO: [ view_end ] --START--
INFO: Run ShowPageTrace Behavior [ RunTime:0.000076s ]
INFO: [ view_end ] --END-- [ RunTime:-0.011585s ]
INFO: [ view_template ] --START--
INFO: Run LocationTemplate Behavior [ RunTime:0.000283s ]
INFO: [ view_template ] --END-- [ RunTime:-0.027939s ]
INFO: [ view_parse ] --START--
INFO: Run ParseTemplate Behavior [ RunTime:0.002127s ]
INFO: [ view_parse ] --END-- [ RunTime:-0.015887s ]
INFO: [ view_filter ] --START--
INFO: Run ContentReplace Behavior [ RunTime:0.000088s ]
INFO: Run TokenBuild Behavior [ RunTime:0.000095s ]
INFO: Run WriteHtmlCache Behavior [ RunTime:0.000021s ]
INFO: Run ShowRuntime Behavior [ RunTime:0.000143s ]
INFO: [ view_filter ] --END-- [ RunTime:-0.015527s ]
INFO: [ view_end ] --START--
INFO: Run ShowPageTrace Behavior [ RunTime:0.000074s ]
INFO: [ view_end ] --END-- [ RunTime:-0.015316s ]

[ 2013-07-25T18:37:53+08:00 ] 0.0.0.0 /2013/index.php?m=Baoming&a=step1
INFO: [ app_begin ] --START--
INFO: Run ReadHtmlCache Behavior [ RunTime:0.000987s ]
INFO: [ app_begin ] --END-- [ RunTime:0.001161s ]
NOTIC: [8] Use of undefined constant 请重新登录 - assumed '请重新登录' E:\wamp\www\2013\Xsy\Lib\Action\BaomingAction.class.php 第 42 行.
INFO: [ view_template ] --START--
INFO: Run LocationTemplate Behavior [ RunTime:0.000734s ]
INFO: [ view_template ] --END-- [ RunTime:0.000862s ]
INFO: [ view_parse ] --START--
INFO: Run ParseTemplate Behavior [ RunTime:0.008743s ]
INFO: [ view_parse ] --END-- [ RunTime:0.008873s ]
INFO: [ view_filter ] --START--
INFO: Run ContentReplace Behavior [ RunTime:0.000756s ]
INFO: Run TokenBuild Behavior [ RunTime:0.000718s ]
INFO: Run WriteHtmlCache Behavior [ RunTime:0.000458s ]
INFO: Run ShowRuntime Behavior [ RunTime:0.000876s ]
INFO: [ view_filter ] --END-- [ RunTime:0.003154s ]
INFO: [ view_end ] --START--
INFO: Run ShowPageTrace Behavior [ RunTime:0.000861s ]
INFO: [ view_end ] --END-- [ RunTime:0.000985s ]

[ 2013-07-25T18:37:54+08:00 ] 0.0.0.0 /2013/index.php?m=Baoming&a=step1
INFO: [ app_begin ] --START--
INFO: Run ReadHtmlCache Behavior [ RunTime:0.000559s ]
INFO: [ app_begin ] --END-- [ RunTime:0.000682s ]
SQL: SHOW COLUMNS FROM `xsy_info` [ RunTime:0.004473s ]
SQL: SELECT * FROM `xsy_info` WHERE ( id=1 ) LIMIT 1   [ RunTime:0.000491s ]
SQL: SHOW COLUMNS FROM `xsy_baoming` [ RunTime:0.004282s ]
SQL: SELECT * FROM `xsy_baoming` WHERE ( `uid` = '294940' ) LIMIT 1   [ RunTime:0.000464s ]
INFO: [ view_template ] --START--
INFO: Run LocationTemplate Behavior [ RunTime:0.000815s ]
INFO: [ view_template ] --END-- [ RunTime:0.000975s ]
INFO: [ view_parse ] --START--
NOTIC: [2048] mktime(): You should be using the time() function instead E:\wamp\www\2013\Xsy\Runtime\Cache\447278d7ddc51d788c347564aa6c659e.php 第 3 行.
NOTIC: [2048] mktime(): You should be using the time() function instead E:\wamp\www\2013\Xsy\Runtime\Cache\447278d7ddc51d788c347564aa6c659e.php 第 4 行.
INFO: Run ParseTemplate Behavior [ RunTime:0.009335s ]
INFO: [ view_parse ] --END-- [ RunTime:0.009474s ]
INFO: [ view_filter ] --START--
INFO: Run ContentReplace Behavior [ RunTime:0.000511s ]
INFO: Run TokenBuild Behavior [ RunTime:0.000416s ]
INFO: Run WriteHtmlCache Behavior [ RunTime:0.000271s ]
INFO: Run ShowRuntime Behavior [ RunTime:0.000524s ]
INFO: [ view_filter ] --END-- [ RunTime:0.001990s ]
INFO: [ view_end ] --START--
INFO: Run ShowPageTrace Behavior [ RunTime:0.000630s ]
INFO: [ view_end ] --END-- [ RunTime:0.000759s ]

[ 2013-07-25T18:38:02+08:00 ] 0.0.0.0 /2013/index.php?m=Baoming&a=check&type=mobile&num=15913122222
INFO: [ app_begin ] --START--
INFO: Run ReadHtmlCache Behavior [ RunTime:0.001030s ]
INFO: [ app_begin ] --END-- [ RunTime:0.001238s ]
SQL: SHOW COLUMNS FROM `xsy_baoming` [ RunTime:0.004626s ]
SQL: SELECT * FROM `xsy_baoming` WHERE ( `mobilNum` = '15913122222' ) LIMIT 1   [ RunTime:0.000631s ]

[ 2013-07-25T18:38:04+08:00 ] 0.0.0.0 /2013/index.php?m=Baoming&a=check&type=smobile&num=566666
INFO: [ app_begin ] --START--
INFO: Run ReadHtmlCache Behavior [ RunTime:0.001003s ]
INFO: [ app_begin ] --END-- [ RunTime:0.001192s ]
SQL: SHOW COLUMNS FROM `xsy_baoming` [ RunTime:0.004117s ]
SQL: SELECT * FROM `xsy_baoming` WHERE ( `smobilNum` = '566666' ) LIMIT 1   [ RunTime:0.000369s ]

[ 2013-07-25T18:38:07+08:00 ] 0.0.0.0 /2013/index.php?m=Baoming&a=check&type=qq&num=55567
INFO: [ app_begin ] --START--
INFO: Run ReadHtmlCache Behavior [ RunTime:0.000670s ]
INFO: [ app_begin ] --END-- [ RunTime:0.000797s ]
SQL: SHOW COLUMNS FROM `xsy_baoming` [ RunTime:0.003889s ]
SQL: SELECT * FROM `xsy_baoming` WHERE ( `qqNum` = '55567' ) LIMIT 1   [ RunTime:0.000455s ]

[ 2013-07-25T18:38:16+08:00 ] 0.0.0.0 /2013/index.php?m=Baoming&a=step2
INFO: [ app_begin ] --START--
INFO: Run ReadHtmlCache Behavior [ RunTime:0.000993s ]
INFO: [ app_begin ] --END-- [ RunTime:0.001171s ]
SQL: SHOW COLUMNS FROM `xsy_baoming` [ RunTime:0.004672s ]
SQL: SELECT * FROM `xsy_baoming` WHERE ( `uid` = '294940' ) LIMIT 1   [ RunTime:0.000410s ]
NOTIC: [8192] Function eregi() is deprecated E:\wamp\www\2013\Xsy\Lib\Action\BaomingAction.class.php 第 25 行.
NOTIC: [8192] Function eregi() is deprecated E:\wamp\www\2013\Xsy\Lib\Action\BaomingAction.class.php 第 25 行.
NOTIC: [8192] Function eregi() is deprecated E:\wamp\www\2013\Xsy\Lib\Action\BaomingAction.class.php 第 25 行.
NOTIC: [8192] Function eregi() is deprecated E:\wamp\www\2013\Xsy\Lib\Action\BaomingAction.class.php 第 25 行.
NOTIC: [8192] Function eregi() is deprecated E:\wamp\www\2013\Xsy\Lib\Action\BaomingAction.class.php 第 25 行.
NOTIC: [8192] Function eregi() is deprecated E:\wamp\www\2013\Xsy\Lib\Action\BaomingAction.class.php 第 25 行.
NOTIC: [8192] Function eregi() is deprecated E:\wamp\www\2013\Xsy\Lib\Action\BaomingAction.class.php 第 25 行.
SQL: SELECT * FROM `xsy_baoming` WHERE ( `mobilNum` = '15913122222' ) LIMIT 1   [ RunTime:0.000489s ]
SQL: SHOW COLUMNS FROM `xsy_groupid` [ RunTime:0.003695s ]
SQL: SELECT * FROM `xsy_groupid` LIMIT 1   [ RunTime:0.000344s ]
SQL: UPDATE `xsy_groupid` SET `id`=1,`groupid`=68 WHERE ( id=1 ) [ RunTime:0.000408s ]
SQL: INSERT INTO `xsy_baoming` (`name`,`sex`,`xs`,`mobilNum`,`smobilNum`,`qqNum`,`college`,`zhuanye`,`guanxi`,`diqu`,`shijian`,`dz`,`beizhu`,`groupid`,`time`,`uname`,`uid`,`ip`,`check`) VALUES ('111','男','否','15913122222','566666','55567','公共管理学院','社会工作','报名人','河源市','11:00-13:00','QQ群','',68,'2013-07-25 18:38:16','luotiancheng','294940','0.0.0.0',1234567) [ RunTime:0.010383s ]

[ 2013-07-25T18:38:17+08:00 ] 0.0.0.0 /2013/
INFO: [ app_begin ] --START--
INFO: Run ReadHtmlCache Behavior [ RunTime:0.001160s ]
INFO: [ app_begin ] --END-- [ RunTime:0.001469s ]
SQL: SHOW COLUMNS FROM `xsy_baoming` [ RunTime:0.004822s ]
SQL: SELECT * FROM `xsy_baoming` WHERE ( `uid` = '294940' ) AND ( `guanxi` = '报名人' ) LIMIT 1   [ RunTime:0.000504s ]
SQL: SELECT * FROM `xsy_baoming` WHERE ( `uid` = '294940' ) AND ( `guanxi` <> '报名人' )  [ RunTime:0.000390s ]
SQL: SHOW COLUMNS FROM `xsy_gonggao` [ RunTime:0.004654s ]
SQL: SELECT * FROM `xsy_gonggao` ORDER BY id desc LIMIT 1   [ RunTime:0.000379s ]
INFO: [ view_template ] --START--
INFO: Run LocationTemplate Behavior [ RunTime:0.000622s ]
INFO: [ view_template ] --END-- [ RunTime:0.000730s ]
INFO: [ view_parse ] --START--
INFO: Run ParseTemplate Behavior [ RunTime:0.010000s ]
INFO: [ view_parse ] --END-- [ RunTime:0.010171s ]
INFO: [ view_filter ] --START--
INFO: Run ContentReplace Behavior [ RunTime:0.000476s ]
INFO: Run TokenBuild Behavior [ RunTime:0.000407s ]
INFO: Run WriteHtmlCache Behavior [ RunTime:0.000269s ]
INFO: Run ShowRuntime Behavior [ RunTime:0.000514s ]
INFO: [ view_filter ] --END-- [ RunTime:0.001938s ]
INFO: [ view_end ] --START--
INFO: Run ShowPageTrace Behavior [ RunTime:0.000575s ]
INFO: [ view_end ] --END-- [ RunTime:0.000674s ]
INFO: [ view_template ] --START--
INFO: Run LocationTemplate Behavior [ RunTime:0.000175s ]
INFO: [ view_template ] --END-- [ RunTime:-0.013260s ]
INFO: [ view_parse ] --START--
INFO: Run ParseTemplate Behavior [ RunTime:0.013797s ]
INFO: [ view_parse ] --END-- [ RunTime:-0.003261s ]
INFO: [ view_filter ] --START--
INFO: Run ContentReplace Behavior [ RunTime:0.000221s ]
INFO: Run TokenBuild Behavior [ RunTime:0.000184s ]
INFO: Run WriteHtmlCache Behavior [ RunTime:0.000041s ]
INFO: Run ShowRuntime Behavior [ RunTime:0.000253s ]
INFO: [ view_filter ] --END-- [ RunTime:-0.015358s ]
INFO: [ view_end ] --START--
INFO: Run ShowPageTrace Behavior [ RunTime:0.000078s ]
INFO: [ view_end ] --END-- [ RunTime:-0.015862s ]
INFO: [ view_template ] --START--
INFO: Run LocationTemplate Behavior [ RunTime:0.000196s ]
INFO: [ view_template ] --END-- [ RunTime:-0.029291s ]
INFO: [ view_parse ] --START--
INFO: Run ParseTemplate Behavior [ RunTime:0.003125s ]
INFO: [ view_parse ] --END-- [ RunTime:-0.019315s ]
INFO: [ view_filter ] --START--
INFO: Run ContentReplace Behavior [ RunTime:0.000170s ]
INFO: Run TokenBuild Behavior [ RunTime:0.000179s ]
INFO: Run WriteHtmlCache Behavior [ RunTime:0.000038s ]
INFO: Run ShowRuntime Behavior [ RunTime:0.000273s ]
INFO: [ view_filter ] --END-- [ RunTime:-0.020859s ]
INFO: [ view_end ] --START--
INFO: Run ShowPageTrace Behavior [ RunTime:0.000135s ]
INFO: [ view_end ] --END-- [ RunTime:-0.021362s ]

[ 2013-07-25T18:38:23+08:00 ] 0.0.0.0 /2013/index.php?m=Baoming&a=step3
INFO: [ app_begin ] --START--
INFO: Run ReadHtmlCache Behavior [ RunTime:0.000606s ]
INFO: [ app_begin ] --END-- [ RunTime:0.000734s ]
INFO: [ view_template ] --START--
INFO: Run LocationTemplate Behavior [ RunTime:0.000551s ]
INFO: [ view_template ] --END-- [ RunTime:0.000673s ]
INFO: [ view_parse ] --START--
INFO: Run ParseTemplate Behavior [ RunTime:0.008145s ]
INFO: [ view_parse ] --END-- [ RunTime:0.008284s ]
INFO: [ view_filter ] --START--
INFO: Run ContentReplace Behavior [ RunTime:0.000482s ]
INFO: Run TokenBuild Behavior [ RunTime:0.000408s ]
INFO: Run WriteHtmlCache Behavior [ RunTime:0.000272s ]
INFO: Run ShowRuntime Behavior [ RunTime:0.000678s ]
INFO: [ view_filter ] --END-- [ RunTime:0.002163s ]
INFO: [ view_end ] --START--
INFO: Run ShowPageTrace Behavior [ RunTime:0.000801s ]
INFO: [ view_end ] --END-- [ RunTime:0.000941s ]

[ 2013-07-25T18:38:25+08:00 ] 0.0.0.0 /2013/index.php?m=Baoming&a=step3
INFO: [ app_begin ] --START--
INFO: Run ReadHtmlCache Behavior [ RunTime:0.000570s ]
INFO: [ app_begin ] --END-- [ RunTime:0.000708s ]
SQL: SHOW COLUMNS FROM `xsy_info` [ RunTime:0.004915s ]
SQL: SELECT * FROM `xsy_info` WHERE ( id=1 ) LIMIT 1   [ RunTime:0.000748s ]
SQL: SHOW COLUMNS FROM `xsy_baoming` [ RunTime:0.003961s ]
SQL: SELECT * FROM `xsy_baoming` WHERE ( `uid` = '294940' ) LIMIT 1   [ RunTime:0.000728s ]
INFO: [ view_template ] --START--
INFO: Run LocationTemplate Behavior [ RunTime:0.000972s ]
INFO: [ view_template ] --END-- [ RunTime:0.001132s ]
INFO: [ view_parse ] --START--
NOTIC: [2048] mktime(): You should be using the time() function instead E:\wamp\www\2013\Xsy\Runtime\Cache\ee18fbabe3395351796effd5fab3e8c7.php 第 3 行.
NOTIC: [2048] mktime(): You should be using the time() function instead E:\wamp\www\2013\Xsy\Runtime\Cache\ee18fbabe3395351796effd5fab3e8c7.php 第 4 行.
INFO: Run ParseTemplate Behavior [ RunTime:0.122216s ]
INFO: [ view_parse ] --END-- [ RunTime:0.122357s ]
INFO: [ view_filter ] --START--
INFO: Run ContentReplace Behavior [ RunTime:0.000673s ]
INFO: Run TokenBuild Behavior [ RunTime:0.000733s ]
INFO: Run WriteHtmlCache Behavior [ RunTime:0.000671s ]
INFO: Run ShowRuntime Behavior [ RunTime:0.000951s ]
INFO: [ view_filter ] --END-- [ RunTime:0.003506s ]
INFO: [ view_end ] --START--
INFO: Run ShowPageTrace Behavior [ RunTime:0.001068s ]
INFO: [ view_end ] --END-- [ RunTime:0.001255s ]

[ 2013-07-25T18:38:34+08:00 ] 0.0.0.0 /2013/index.php?m=Baoming&a=check&type=mobile&num=13455555555
INFO: [ app_begin ] --START--
INFO: Run ReadHtmlCache Behavior [ RunTime:0.000722s ]
INFO: [ app_begin ] --END-- [ RunTime:0.000841s ]
SQL: SHOW COLUMNS FROM `xsy_baoming` [ RunTime:0.005106s ]
SQL: SELECT * FROM `xsy_baoming` WHERE ( `mobilNum` = '13455555555' ) LIMIT 1   [ RunTime:0.000695s ]

[ 2013-07-25T18:38:36+08:00 ] 0.0.0.0 /2013/index.php?m=Baoming&a=check&type=qq&num=44444
INFO: [ app_begin ] --START--
INFO: Run ReadHtmlCache Behavior [ RunTime:0.001002s ]
INFO: [ app_begin ] --END-- [ RunTime:0.001174s ]
SQL: SHOW COLUMNS FROM `xsy_baoming` [ RunTime:0.004014s ]
SQL: SELECT * FROM `xsy_baoming` WHERE ( `qqNum` = '44444' ) LIMIT 1   [ RunTime:0.000485s ]

[ 2013-07-25T18:38:42+08:00 ] 0.0.0.0 /2013/index.php?m=Baoming&a=step4
INFO: [ app_begin ] --START--
INFO: Run ReadHtmlCache Behavior [ RunTime:0.000980s ]
INFO: [ app_begin ] --END-- [ RunTime:0.001161s ]
SQL: SHOW COLUMNS FROM `xsy_baoming` [ RunTime:0.004815s ]
SQL: SELECT * FROM `xsy_baoming` WHERE ( `uid` = '294940' ) LIMIT 1   [ RunTime:0.000486s ]
NOTIC: [8192] Function eregi() is deprecated E:\wamp\www\2013\Xsy\Lib\Action\BaomingAction.class.php 第 25 行.
NOTIC: [8192] Function eregi() is deprecated E:\wamp\www\2013\Xsy\Lib\Action\BaomingAction.class.php 第 25 行.
NOTIC: [8192] Function eregi() is deprecated E:\wamp\www\2013\Xsy\Lib\Action\BaomingAction.class.php 第 25 行.
NOTIC: [8192] Function eregi() is deprecated E:\wamp\www\2013\Xsy\Lib\Action\BaomingAction.class.php 第 25 行.
NOTIC: [8192] Function eregi() is deprecated E:\wamp\www\2013\Xsy\Lib\Action\BaomingAction.class.php 第 25 行.
NOTIC: [8192] Function eregi() is deprecated E:\wamp\www\2013\Xsy\Lib\Action\BaomingAction.class.php 第 25 行.
NOTIC: [8192] Function eregi() is deprecated E:\wamp\www\2013\Xsy\Lib\Action\BaomingAction.class.php 第 25 行.
SQL: SELECT * FROM `xsy_baoming` WHERE ( `mobilNum` = '13455555555' ) LIMIT 1   [ RunTime:0.000370s ]
SQL: INSERT INTO `xsy_baoming` (`name`,`sex`,`xs`,`mobilNum`,`smobilNum`,`qqNum`,`college`,`zhuanye`,`beizhu`,`guanxi`,`diqu`,`groupid`,`time`,`uname`,`uid`,`ip`,`check`) VALUES ('方芳芳','女','否','13455555555','无','44444','无','无','','改公告','河源市','68','2013-07-25 18:38:42','luotiancheng','294940','0.0.0.0','vLv9Zig') [ RunTime:0.000367s ]

[ 2013-07-25T18:38:43+08:00 ] 0.0.0.0 /2013/
INFO: [ app_begin ] --START--
INFO: Run ReadHtmlCache Behavior [ RunTime:0.000891s ]
INFO: [ app_begin ] --END-- [ RunTime:0.001080s ]
SQL: SHOW COLUMNS FROM `xsy_baoming` [ RunTime:0.004212s ]
SQL: SELECT * FROM `xsy_baoming` WHERE ( `uid` = '294940' ) AND ( `guanxi` = '报名人' ) LIMIT 1   [ RunTime:0.000519s ]
SQL: SELECT * FROM `xsy_baoming` WHERE ( `uid` = '294940' ) AND ( `guanxi` <> '报名人' )  [ RunTime:0.000358s ]
SQL: SHOW COLUMNS FROM `xsy_gonggao` [ RunTime:0.003317s ]
SQL: SELECT * FROM `xsy_gonggao` ORDER BY id desc LIMIT 1   [ RunTime:0.000345s ]
INFO: [ view_template ] --START--
INFO: Run LocationTemplate Behavior [ RunTime:0.000844s ]
INFO: [ view_template ] --END-- [ RunTime:0.000951s ]
INFO: [ view_parse ] --START--
INFO: Run ParseTemplate Behavior [ RunTime:0.012613s ]
INFO: [ view_parse ] --END-- [ RunTime:0.012761s ]
INFO: [ view_filter ] --START--
INFO: Run ContentReplace Behavior [ RunTime:0.000511s ]
INFO: Run TokenBuild Behavior [ RunTime:0.000407s ]
INFO: Run WriteHtmlCache Behavior [ RunTime:0.000269s ]
INFO: Run ShowRuntime Behavior [ RunTime:0.000516s ]
INFO: [ view_filter ] --END-- [ RunTime:0.001995s ]
INFO: [ view_end ] --START--
INFO: Run ShowPageTrace Behavior [ RunTime:0.000578s ]
INFO: [ view_end ] --END-- [ RunTime:0.000677s ]
INFO: [ view_template ] --START--
INFO: Run LocationTemplate Behavior [ RunTime:0.000273s ]
INFO: [ view_template ] --END-- [ RunTime:-0.015826s ]
INFO: [ view_parse ] --START--
INFO: Run ParseTemplate Behavior [ RunTime:0.011000s ]
INFO: [ view_parse ] --END-- [ RunTime:-0.003427s ]
INFO: [ view_filter ] --START--
INFO: Run ContentReplace Behavior [ RunTime:0.000144s ]
INFO: Run TokenBuild Behavior [ RunTime:0.000100s ]
INFO: Run WriteHtmlCache Behavior [ RunTime:0.000022s ]
INFO: Run ShowRuntime Behavior [ RunTime:0.000153s ]
INFO: [ view_filter ] --END-- [ RunTime:-0.012547s ]
INFO: [ view_end ] --START--
INFO: Run ShowPageTrace Behavior [ RunTime:0.000075s ]
INFO: [ view_end ] --END-- [ RunTime:-0.012529s ]
INFO: [ view_template ] --START--
INFO: Run LocationTemplate Behavior [ RunTime:0.000284s ]
INFO: [ view_template ] --END-- [ RunTime:-0.028516s ]
INFO: [ view_parse ] --START--
INFO: Run ParseTemplate Behavior [ RunTime:0.003173s ]
INFO: [ view_parse ] --END-- [ RunTime:-0.016127s ]
INFO: [ view_filter ] --START--
INFO: Run ContentReplace Behavior [ RunTime:0.000095s ]
INFO: Run TokenBuild Behavior [ RunTime:0.000094s ]
INFO: Run WriteHtmlCache Behavior [ RunTime:0.000021s ]
INFO: Run ShowRuntime Behavior [ RunTime:0.000299s ]
INFO: [ view_filter ] --END-- [ RunTime:-0.017416s ]
INFO: [ view_end ] --START--
INFO: Run ShowPageTrace Behavior [ RunTime:0.000135s ]
INFO: [ view_end ] --END-- [ RunTime:-0.017604s ]

[ 2013-07-25T18:40:48+08:00 ] 0.0.0.0 /2013/index.php?m=Edit&a=quxiao
INFO: [ app_begin ] --START--
INFO: Run ReadHtmlCache Behavior [ RunTime:0.002802s ]
INFO: [ app_begin ] --END-- [ RunTime:0.003137s ]
SQL: SHOW COLUMNS FROM `xsy_info` [ RunTime:0.004762s ]
SQL: SELECT * FROM `xsy_info` WHERE ( id=2 ) LIMIT 1   [ RunTime:0.000617s ]
SQL: SHOW COLUMNS FROM `xsy_baoming` [ RunTime:0.005005s ]
SQL: DELETE FROM `xsy_baoming` WHERE ( `uid` = '294940' ) [ RunTime:0.001133s ]
INFO: [ view_template ] --START--
INFO: Run LocationTemplate Behavior [ RunTime:0.000988s ]
INFO: [ view_template ] --END-- [ RunTime:0.001190s ]
INFO: [ view_parse ] --START--
INFO: Run ParseTemplate Behavior [ RunTime:0.012579s ]
INFO: [ view_parse ] --END-- [ RunTime:0.012871s ]
INFO: [ view_filter ] --START--
INFO: Run ContentReplace Behavior [ RunTime:0.000866s ]
INFO: Run TokenBuild Behavior [ RunTime:0.000841s ]
INFO: Run WriteHtmlCache Behavior [ RunTime:0.000860s ]
INFO: Run ShowRuntime Behavior [ RunTime:0.000725s ]
INFO: [ view_filter ] --END-- [ RunTime:0.003835s ]
INFO: [ view_end ] --START--
INFO: Run ShowPageTrace Behavior [ RunTime:0.000736s ]
INFO: [ view_end ] --END-- [ RunTime:0.000836s ]

[ 2013-07-25T18:40:50+08:00 ] 0.0.0.0 /2013/index.php?m=Index&a=index
INFO: [ app_begin ] --START--
INFO: Run ReadHtmlCache Behavior [ RunTime:0.000557s ]
INFO: [ app_begin ] --END-- [ RunTime:0.000678s ]
SQL: SHOW COLUMNS FROM `xsy_baoming` [ RunTime:0.003592s ]
SQL: SELECT * FROM `xsy_baoming` WHERE ( `uid` = '294940' ) AND ( `guanxi` = '报名人' ) LIMIT 1   [ RunTime:0.000431s ]
SQL: SELECT * FROM `xsy_baoming` WHERE ( `uid` = '294940' ) AND ( `guanxi` <> '报名人' )  [ RunTime:0.000336s ]
SQL: SHOW COLUMNS FROM `xsy_gonggao` [ RunTime:0.003102s ]
SQL: SELECT * FROM `xsy_gonggao` ORDER BY id desc LIMIT 1   [ RunTime:0.000410s ]
INFO: [ view_template ] --START--
INFO: Run LocationTemplate Behavior [ RunTime:0.000867s ]
INFO: [ view_template ] --END-- [ RunTime:0.000978s ]
INFO: [ view_parse ] --START--
NOTIC: [8] Undefined index: zt E:\wamp\www\2013\Xsy\Runtime\Cache\a968336665b7a6b8c1727b322a887d23.php 第 41 行.
NOTIC: [8] Undefined index: zt E:\wamp\www\2013\Xsy\Runtime\Cache\a968336665b7a6b8c1727b322a887d23.php 第 44 行.
INFO: Run ParseTemplate Behavior [ RunTime:0.014897s ]
INFO: [ view_parse ] --END-- [ RunTime:0.015054s ]
INFO: [ view_filter ] --START--
INFO: Run ContentReplace Behavior [ RunTime:0.000742s ]
INFO: Run TokenBuild Behavior [ RunTime:0.000676s ]
INFO: Run WriteHtmlCache Behavior [ RunTime:0.000468s ]
INFO: Run ShowRuntime Behavior [ RunTime:0.000948s ]
INFO: [ view_filter ] --END-- [ RunTime:0.003314s ]
INFO: [ view_end ] --START--
INFO: Run ShowPageTrace Behavior [ RunTime:0.000668s ]
INFO: [ view_end ] --END-- [ RunTime:0.000772s ]
INFO: [ view_template ] --START--
INFO: Run LocationTemplate Behavior [ RunTime:0.000284s ]
INFO: [ view_template ] --END-- [ RunTime:-0.019605s ]
INFO: [ view_parse ] --START--
NOTIC: [8] Undefined index: zt E:\wamp\www\2013\Xsy\Runtime\Cache\550cf8fae38af25ead8dfcabdae2ca76.php 第 50 行.
INFO: Run ParseTemplate Behavior [ RunTime:0.009500s ]
INFO: [ view_parse ] --END-- [ RunTime:-0.004926s ]
INFO: [ view_filter ] --START--
INFO: Run ContentReplace Behavior [ RunTime:0.000107s ]
INFO: Run TokenBuild Behavior [ RunTime:0.000095s ]
INFO: Run WriteHtmlCache Behavior [ RunTime:0.000021s ]
INFO: Run ShowRuntime Behavior [ RunTime:0.000146s ]
INFO: [ view_filter ] --END-- [ RunTime:-0.011163s ]
INFO: [ view_end ] --START--
INFO: Run ShowPageTrace Behavior [ RunTime:0.000075s ]
INFO: [ view_end ] --END-- [ RunTime:-0.010970s ]
INFO: [ view_template ] --START--
INFO: Run LocationTemplate Behavior [ RunTime:0.000280s ]
INFO: [ view_template ] --END-- [ RunTime:-0.030734s ]
INFO: [ view_parse ] --START--
INFO: Run ParseTemplate Behavior [ RunTime:0.002421s ]
INFO: [ view_parse ] --END-- [ RunTime:-0.016049s ]
INFO: [ view_filter ] --START--
INFO: Run ContentReplace Behavior [ RunTime:0.000244s ]
INFO: Run TokenBuild Behavior [ RunTime:0.000194s ]
INFO: Run WriteHtmlCache Behavior [ RunTime:0.000040s ]
INFO: Run ShowRuntime Behavior [ RunTime:0.000290s ]
INFO: [ view_filter ] --END-- [ RunTime:-0.015259s ]
INFO: [ view_end ] --START--
INFO: Run ShowPageTrace Behavior [ RunTime:0.000211s ]
INFO: [ view_end ] --END-- [ RunTime:-0.015786s ]

[ 2013-07-25T18:40:52+08:00 ] 0.0.0.0 /2013/index.php?m=Baoming&a=step1
INFO: [ app_begin ] --START--
INFO: Run ReadHtmlCache Behavior [ RunTime:0.000759s ]
INFO: [ app_begin ] --END-- [ RunTime:0.000884s ]
NOTIC: [8] Use of undefined constant 请重新登录 - assumed '请重新登录' E:\wamp\www\2013\Xsy\Lib\Action\BaomingAction.class.php 第 42 行.
INFO: [ view_template ] --START--
INFO: Run LocationTemplate Behavior [ RunTime:0.000901s ]
INFO: [ view_template ] --END-- [ RunTime:0.001023s ]
INFO: [ view_parse ] --START--
INFO: Run ParseTemplate Behavior [ RunTime:0.008527s ]
INFO: [ view_parse ] --END-- [ RunTime:0.008663s ]
INFO: [ view_filter ] --START--
INFO: Run ContentReplace Behavior [ RunTime:0.000577s ]
INFO: Run TokenBuild Behavior [ RunTime:0.000655s ]
INFO: Run WriteHtmlCache Behavior [ RunTime:0.000490s ]
INFO: Run ShowRuntime Behavior [ RunTime:0.000762s ]
INFO: [ view_filter ] --END-- [ RunTime:0.002849s ]
INFO: [ view_end ] --START--
INFO: Run ShowPageTrace Behavior [ RunTime:0.001303s ]
INFO: [ view_end ] --END-- [ RunTime:0.001473s ]

[ 2013-07-25T18:40:53+08:00 ] 0.0.0.0 /2013/index.php?m=Baoming&a=step1
INFO: [ app_begin ] --START--
INFO: Run ReadHtmlCache Behavior [ RunTime:0.000730s ]
INFO: [ app_begin ] --END-- [ RunTime:0.000906s ]
SQL: SHOW COLUMNS FROM `xsy_info` [ RunTime:0.004172s ]
SQL: SELECT * FROM `xsy_info` WHERE ( id=1 ) LIMIT 1   [ RunTime:0.000678s ]
SQL: SHOW COLUMNS FROM `xsy_baoming` [ RunTime:0.005281s ]
SQL: SELECT * FROM `xsy_baoming` WHERE ( `uid` = '294940' ) LIMIT 1   [ RunTime:0.000930s ]
INFO: [ view_template ] --START--
INFO: Run LocationTemplate Behavior [ RunTime:0.001209s ]
INFO: [ view_template ] --END-- [ RunTime:0.001534s ]
INFO: [ view_parse ] --START--
NOTIC: [2048] mktime(): You should be using the time() function instead E:\wamp\www\2013\Xsy\Runtime\Cache\447278d7ddc51d788c347564aa6c659e.php 第 3 行.
NOTIC: [2048] mktime(): You should be using the time() function instead E:\wamp\www\2013\Xsy\Runtime\Cache\447278d7ddc51d788c347564aa6c659e.php 第 4 行.
INFO: Run ParseTemplate Behavior [ RunTime:0.010347s ]
INFO: [ view_parse ] --END-- [ RunTime:0.010501s ]
INFO: [ view_filter ] --START--
INFO: Run ContentReplace Behavior [ RunTime:0.000503s ]
INFO: Run TokenBuild Behavior [ RunTime:0.000415s ]
INFO: Run WriteHtmlCache Behavior [ RunTime:0.000271s ]
INFO: Run ShowRuntime Behavior [ RunTime:0.000537s ]
INFO: [ view_filter ] --END-- [ RunTime:0.001996s ]
INFO: [ view_end ] --START--
INFO: Run ShowPageTrace Behavior [ RunTime:0.000573s ]
INFO: [ view_end ] --END-- [ RunTime:0.000693s ]

[ 2013-07-25T18:46:22+08:00 ] 0.0.0.0 /2013/index.php?m=Baoming&a=step1
INFO: [ app_begin ] --START--
INFO: Run ReadHtmlCache Behavior [ RunTime:0.001278s ]
INFO: [ app_begin ] --END-- [ RunTime:0.001496s ]
SQL: SHOW COLUMNS FROM `xsy_info` [ RunTime:0.004395s ]
SQL: SELECT * FROM `xsy_info` WHERE ( id=1 ) LIMIT 1   [ RunTime:0.000392s ]
SQL: SHOW COLUMNS FROM `xsy_baoming` [ RunTime:0.004351s ]
SQL: SELECT * FROM `xsy_baoming` WHERE ( `uid` = '294940' ) LIMIT 1   [ RunTime:0.000404s ]
INFO: [ view_template ] --START--
INFO: Run LocationTemplate Behavior [ RunTime:0.000921s ]
INFO: [ view_template ] --END-- [ RunTime:0.001029s ]
INFO: [ view_parse ] --START--
NOTIC: [2048] mktime(): You should be using the time() function instead E:\wamp\www\2013\Xsy\Runtime\Cache\447278d7ddc51d788c347564aa6c659e.php 第 3 行.
NOTIC: [2048] mktime(): You should be using the time() function instead E:\wamp\www\2013\Xsy\Runtime\Cache\447278d7ddc51d788c347564aa6c659e.php 第 4 行.
INFO: Run ParseTemplate Behavior [ RunTime:0.015480s ]
INFO: [ view_parse ] --END-- [ RunTime:0.015586s ]
INFO: [ view_filter ] --START--
INFO: Run ContentReplace Behavior [ RunTime:0.000717s ]
INFO: Run TokenBuild Behavior [ RunTime:0.000535s ]
INFO: Run WriteHtmlCache Behavior [ RunTime:0.000365s ]
INFO: Run ShowRuntime Behavior [ RunTime:0.000625s ]
INFO: [ view_filter ] --END-- [ RunTime:0.002512s ]
INFO: [ view_end ] --START--
INFO: Run ShowPageTrace Behavior [ RunTime:0.000675s ]
INFO: [ view_end ] --END-- [ RunTime:0.000774s ]

[ 2013-07-25T18:47:44+08:00 ] 0.0.0.0 /2013/index.php?m=Baoming&a=step1
INFO: [ app_begin ] --START--
INFO: Run ReadHtmlCache Behavior [ RunTime:0.000615s ]
INFO: [ app_begin ] --END-- [ RunTime:0.000760s ]
SQL: SHOW COLUMNS FROM `xsy_info` [ RunTime:0.003936s ]
SQL: SELECT * FROM `xsy_info` WHERE ( id=1 ) LIMIT 1   [ RunTime:0.000332s ]
SQL: SHOW COLUMNS FROM `xsy_baoming` [ RunTime:0.003449s ]
SQL: SELECT * FROM `xsy_baoming` WHERE ( `uid` = '294940' ) LIMIT 1   [ RunTime:0.000375s ]
INFO: [ view_template ] --START--
INFO: Run LocationTemplate Behavior [ RunTime:0.000668s ]
INFO: [ view_template ] --END-- [ RunTime:0.000779s ]
INFO: [ view_parse ] --START--
NOTIC: [2048] mktime(): You should be using the time() function instead E:\wamp\www\2013\Xsy\Runtime\Cache\447278d7ddc51d788c347564aa6c659e.php 第 3 行.
NOTIC: [2048] mktime(): You should be using the time() function instead E:\wamp\www\2013\Xsy\Runtime\Cache\447278d7ddc51d788c347564aa6c659e.php 第 4 行.
INFO: Run ParseTemplate Behavior [ RunTime:0.009589s ]
INFO: [ view_parse ] --END-- [ RunTime:0.009694s ]
INFO: [ view_filter ] --START--
INFO: Run ContentReplace Behavior [ RunTime:0.000496s ]
INFO: Run TokenBuild Behavior [ RunTime:0.000425s ]
INFO: Run WriteHtmlCache Behavior [ RunTime:0.000327s ]
INFO: Run ShowRuntime Behavior [ RunTime:0.000525s ]
INFO: [ view_filter ] --END-- [ RunTime:0.002042s ]
INFO: [ view_end ] --START--
INFO: Run ShowPageTrace Behavior [ RunTime:0.000574s ]
INFO: [ view_end ] --END-- [ RunTime:0.000674s ]

[ 2013-07-25T18:48:47+08:00 ] 0.0.0.0 /2013/index.php?m=Baoming&a=step1
INFO: [ app_begin ] --START--
INFO: Run ReadHtmlCache Behavior [ RunTime:0.001059s ]
INFO: [ app_begin ] --END-- [ RunTime:0.001234s ]
SQL: SHOW COLUMNS FROM `xsy_info` [ RunTime:0.003905s ]
SQL: SELECT * FROM `xsy_info` WHERE ( id=1 ) LIMIT 1   [ RunTime:0.000585s ]
SQL: SHOW COLUMNS FROM `xsy_baoming` [ RunTime:0.003594s ]
SQL: SELECT * FROM `xsy_baoming` WHERE ( `uid` = '294940' ) LIMIT 1   [ RunTime:0.000609s ]
INFO: [ view_template ] --START--
INFO: Run LocationTemplate Behavior [ RunTime:0.000922s ]
INFO: [ view_template ] --END-- [ RunTime:0.001034s ]
INFO: [ view_parse ] --START--
NOTIC: [2048] mktime(): You should be using the time() function instead E:\wamp\www\2013\Xsy\Runtime\Cache\447278d7ddc51d788c347564aa6c659e.php 第 3 行.
NOTIC: [2048] mktime(): You should be using the time() function instead E:\wamp\www\2013\Xsy\Runtime\Cache\447278d7ddc51d788c347564aa6c659e.php 第 4 行.
INFO: Run ParseTemplate Behavior [ RunTime:0.011686s ]
INFO: [ view_parse ] --END-- [ RunTime:0.011793s ]
INFO: [ view_filter ] --START--
INFO: Run ContentReplace Behavior [ RunTime:0.000600s ]
INFO: Run TokenBuild Behavior [ RunTime:0.000512s ]
INFO: Run WriteHtmlCache Behavior [ RunTime:0.000367s ]
INFO: Run ShowRuntime Behavior [ RunTime:0.000620s ]
INFO: [ view_filter ] --END-- [ RunTime:0.002370s ]
INFO: [ view_end ] --START--
INFO: Run ShowPageTrace Behavior [ RunTime:0.000681s ]
INFO: [ view_end ] --END-- [ RunTime:0.000781s ]

[ 2013-07-25T18:49:06+08:00 ] 0.0.0.0 /2013/index.php?m=Baoming&a=check&type=mobile&num=15877767889
INFO: [ app_begin ] --START--
INFO: Run ReadHtmlCache Behavior [ RunTime:0.000675s ]
INFO: [ app_begin ] --END-- [ RunTime:0.000818s ]
SQL: SHOW COLUMNS FROM `xsy_baoming` [ RunTime:0.004389s ]
SQL: SELECT * FROM `xsy_baoming` WHERE ( `mobilNum` = '15877767889' ) LIMIT 1   [ RunTime:0.000402s ]

[ 2013-07-25T18:49:10+08:00 ] 0.0.0.0 /2013/index.php?m=Baoming&a=check&type=qq&num=4555555
INFO: [ app_begin ] --START--
INFO: Run ReadHtmlCache Behavior [ RunTime:0.000618s ]
INFO: [ app_begin ] --END-- [ RunTime:0.000744s ]
SQL: SHOW COLUMNS FROM `xsy_baoming` [ RunTime:0.004400s ]
SQL: SELECT * FROM `xsy_baoming` WHERE ( `qqNum` = '4555555' ) LIMIT 1   [ RunTime:0.000394s ]

[ 2013-07-25T18:49:47+08:00 ] 0.0.0.0 /2013/index.php?m=Baoming&a=step1
INFO: [ app_begin ] --START--
INFO: Run ReadHtmlCache Behavior [ RunTime:0.000868s ]
INFO: [ app_begin ] --END-- [ RunTime:0.001044s ]
SQL: SHOW COLUMNS FROM `xsy_info` [ RunTime:0.003108s ]
SQL: SELECT * FROM `xsy_info` WHERE ( id=1 ) LIMIT 1   [ RunTime:0.000586s ]
SQL: SHOW COLUMNS FROM `xsy_baoming` [ RunTime:0.004378s ]
SQL: SELECT * FROM `xsy_baoming` WHERE ( `uid` = '294940' ) LIMIT 1   [ RunTime:0.000600s ]
INFO: [ view_template ] --START--
INFO: Run LocationTemplate Behavior [ RunTime:0.000639s ]
INFO: [ view_template ] --END-- [ RunTime:0.000749s ]
INFO: [ view_parse ] --START--
NOTIC: [2048] mktime(): You should be using the time() function instead E:\wamp\www\2013\Xsy\Runtime\Cache\447278d7ddc51d788c347564aa6c659e.php 第 3 行.
NOTIC: [2048] mktime(): You should be using the time() function instead E:\wamp\www\2013\Xsy\Runtime\Cache\447278d7ddc51d788c347564aa6c659e.php 第 4 行.
INFO: Run ParseTemplate Behavior [ RunTime:0.009713s ]
INFO: [ view_parse ] --END-- [ RunTime:0.009819s ]
INFO: [ view_filter ] --START--
INFO: Run ContentReplace Behavior [ RunTime:0.000497s ]
INFO: Run TokenBuild Behavior [ RunTime:0.000414s ]
INFO: Run WriteHtmlCache Behavior [ RunTime:0.000325s ]
INFO: Run ShowRuntime Behavior [ RunTime:0.000534s ]
INFO: [ view_filter ] --END-- [ RunTime:0.002037s ]
INFO: [ view_end ] --START--
INFO: Run ShowPageTrace Behavior [ RunTime:0.000573s ]
INFO: [ view_end ] --END-- [ RunTime:0.000672s ]

[ 2013-07-25T18:50:36+08:00 ] 0.0.0.0 /2013/index.php?m=Baoming&a=check&type=mobile&num=15877767889
INFO: [ app_begin ] --START--
INFO: Run ReadHtmlCache Behavior [ RunTime:0.001306s ]
INFO: [ app_begin ] --END-- [ RunTime:0.001500s ]
SQL: SHOW COLUMNS FROM `xsy_baoming` [ RunTime:0.004632s ]
SQL: SELECT * FROM `xsy_baoming` WHERE ( `mobilNum` = '15877767889' ) LIMIT 1   [ RunTime:0.000448s ]

[ 2013-07-25T18:50:37+08:00 ] 0.0.0.0 /2013/index.php?m=Baoming&a=check&type=qq&num=4555555
INFO: [ app_begin ] --START--
INFO: Run ReadHtmlCache Behavior [ RunTime:0.000589s ]
INFO: [ app_begin ] --END-- [ RunTime:0.000701s ]
SQL: SHOW COLUMNS FROM `xsy_baoming` [ RunTime:0.003578s ]
SQL: SELECT * FROM `xsy_baoming` WHERE ( `qqNum` = '4555555' ) LIMIT 1   [ RunTime:0.000554s ]

[ 2013-07-25T18:50:40+08:00 ] 0.0.0.0 /2013/index.php?m=Baoming&a=step2
INFO: [ app_begin ] --START--
INFO: Run ReadHtmlCache Behavior [ RunTime:0.000968s ]
INFO: [ app_begin ] --END-- [ RunTime:0.001152s ]
SQL: SHOW COLUMNS FROM `xsy_baoming` [ RunTime:0.003719s ]
SQL: SELECT * FROM `xsy_baoming` WHERE ( `uid` = '294940' ) LIMIT 1   [ RunTime:0.000544s ]
NOTIC: [8192] Function eregi() is deprecated E:\wamp\www\2013\Xsy\Lib\Action\BaomingAction.class.php 第 25 行.
NOTIC: [8192] Function eregi() is deprecated E:\wamp\www\2013\Xsy\Lib\Action\BaomingAction.class.php 第 25 行.
NOTIC: [8192] Function eregi() is deprecated E:\wamp\www\2013\Xsy\Lib\Action\BaomingAction.class.php 第 25 行.
NOTIC: [8192] Function eregi() is deprecated E:\wamp\www\2013\Xsy\Lib\Action\BaomingAction.class.php 第 25 行.
NOTIC: [8192] Function eregi() is deprecated E:\wamp\www\2013\Xsy\Lib\Action\BaomingAction.class.php 第 25 行.
NOTIC: [8192] Function eregi() is deprecated E:\wamp\www\2013\Xsy\Lib\Action\BaomingAction.class.php 第 25 行.
NOTIC: [8192] Function eregi() is deprecated E:\wamp\www\2013\Xsy\Lib\Action\BaomingAction.class.php 第 25 行.
SQL: SELECT * FROM `xsy_baoming` WHERE ( `mobilNum` = '15877767889' ) LIMIT 1   [ RunTime:0.000656s ]
SQL: SHOW COLUMNS FROM `xsy_groupid` [ RunTime:0.003267s ]
SQL: SELECT * FROM `xsy_groupid` LIMIT 1   [ RunTime:0.000436s ]
SQL: UPDATE `xsy_groupid` SET `id`=1,`groupid`=69 WHERE ( id=1 ) [ RunTime:0.000470s ]
SQL: INSERT INTO `xsy_baoming` (`name`,`sex`,`xs`,`mobilNum`,`smobilNum`,`qqNum`,`college`,`zhuanye`,`guanxi`,`diqu`,`shijian`,`dz`,`beizhu`,`groupid`,`time`,`uname`,`uid`,`ip`,`check`) VALUES ('带队的','男','否','15877767889','无','4555555','非华农人','非华农人','报名人','阳江市','服从安排','红满堂论坛','',69,'2013-07-25 18:50:40','luotiancheng','294940','0.0.0.0',1234567) [ RunTime:0.000681s ]

[ 2013-07-25T18:50:41+08:00 ] 0.0.0.0 /2013/index.php?m=Index&a=index
INFO: [ app_begin ] --START--
INFO: Run ReadHtmlCache Behavior [ RunTime:0.000562s ]
INFO: [ app_begin ] --END-- [ RunTime:0.000686s ]
SQL: SHOW COLUMNS FROM `xsy_baoming` [ RunTime:0.003928s ]
SQL: SELECT * FROM `xsy_baoming` WHERE ( `uid` = '294940' ) AND ( `guanxi` = '报名人' ) LIMIT 1   [ RunTime:0.000584s ]
SQL: SELECT * FROM `xsy_baoming` WHERE ( `uid` = '294940' ) AND ( `guanxi` <> '报名人' )  [ RunTime:0.000544s ]
SQL: SHOW COLUMNS FROM `xsy_gonggao` [ RunTime:0.003336s ]
SQL: SELECT * FROM `xsy_gonggao` ORDER BY id desc LIMIT 1   [ RunTime:0.000495s ]
INFO: [ view_template ] --START--
INFO: Run LocationTemplate Behavior [ RunTime:0.001557s ]
INFO: [ view_template ] --END-- [ RunTime:0.001772s ]
INFO: [ view_parse ] --START--
INFO: Run ParseTemplate Behavior [ RunTime:0.017381s ]
INFO: [ view_parse ] --END-- [ RunTime:0.017605s ]
INFO: [ view_filter ] --START--
INFO: Run ContentReplace Behavior [ RunTime:0.000984s ]
INFO: Run TokenBuild Behavior [ RunTime:0.000877s ]
INFO: Run WriteHtmlCache Behavior [ RunTime:0.000604s ]
INFO: Run ShowRuntime Behavior [ RunTime:0.000946s ]
INFO: [ view_filter ] --END-- [ RunTime:0.003902s ]
INFO: [ view_end ] --START--
INFO: Run ShowPageTrace Behavior [ RunTime:0.001070s ]
INFO: [ view_end ] --END-- [ RunTime:0.001238s ]
INFO: [ view_template ] --START--
INFO: Run LocationTemplate Behavior [ RunTime:0.000387s ]
INFO: [ view_template ] --END-- [ RunTime:-0.023434s ]
INFO: [ view_parse ] --START--
INFO: Run ParseTemplate Behavior [ RunTime:0.012459s ]
INFO: [ view_parse ] --END-- [ RunTime:-0.006356s ]
INFO: [ view_filter ] --START--
INFO: Run ContentReplace Behavior [ RunTime:0.000140s ]
INFO: Run TokenBuild Behavior [ RunTime:0.000100s ]
INFO: Run WriteHtmlCache Behavior [ RunTime:0.000022s ]
INFO: Run ShowRuntime Behavior [ RunTime:0.000154s ]
INFO: [ view_filter ] --END-- [ RunTime:-0.015005s ]
INFO: [ view_end ] --START--
INFO: Run ShowPageTrace Behavior [ RunTime:0.000076s ]
INFO: [ view_end ] --END-- [ RunTime:-0.014348s ]
INFO: [ view_template ] --START--
INFO: Run LocationTemplate Behavior [ RunTime:0.000301s ]
INFO: [ view_template ] --END-- [ RunTime:-0.037866s ]
INFO: [ view_parse ] --START--
INFO: Run ParseTemplate Behavior [ RunTime:0.002216s ]
INFO: [ view_parse ] --END-- [ RunTime:-0.020577s ]
INFO: [ view_filter ] --START--
INFO: Run ContentReplace Behavior [ RunTime:0.000090s ]
INFO: Run TokenBuild Behavior [ RunTime:0.000095s ]
INFO: Run WriteHtmlCache Behavior [ RunTime:0.000021s ]
INFO: Run ShowRuntime Behavior [ RunTime:0.000147s ]
INFO: [ view_filter ] --END-- [ RunTime:-0.018930s ]
INFO: [ view_end ] --START--
INFO: Run ShowPageTrace Behavior [ RunTime:0.000076s ]
INFO: [ view_end ] --END-- [ RunTime:-0.018200s ]

[ 2013-07-25T18:50:51+08:00 ] 0.0.0.0 /2013/index.php?m=Baoming&a=step3
INFO: [ app_begin ] --START--
INFO: Run ReadHtmlCache Behavior [ RunTime:0.000695s ]
INFO: [ app_begin ] --END-- [ RunTime:0.000845s ]
INFO: [ view_template ] --START--
INFO: Run LocationTemplate Behavior [ RunTime:0.001182s ]
INFO: [ view_template ] --END-- [ RunTime:0.001460s ]
INFO: [ view_parse ] --START--
INFO: Run ParseTemplate Behavior [ RunTime:0.011117s ]
INFO: [ view_parse ] --END-- [ RunTime:0.011285s ]
INFO: [ view_filter ] --START--
INFO: Run ContentReplace Behavior [ RunTime:0.000421s ]
INFO: Run TokenBuild Behavior [ RunTime:0.000404s ]
INFO: Run WriteHtmlCache Behavior [ RunTime:0.000270s ]
INFO: Run ShowRuntime Behavior [ RunTime:0.000513s ]
INFO: [ view_filter ] --END-- [ RunTime:0.001882s ]
INFO: [ view_end ] --START--
INFO: Run ShowPageTrace Behavior [ RunTime:0.000616s ]
INFO: [ view_end ] --END-- [ RunTime:0.000721s ]

[ 2013-07-25T18:50:52+08:00 ] 0.0.0.0 /2013/index.php?m=Baoming&a=step3
INFO: [ app_begin ] --START--
INFO: Run ReadHtmlCache Behavior [ RunTime:0.001197s ]
INFO: [ app_begin ] --END-- [ RunTime:0.001400s ]
SQL: SHOW COLUMNS FROM `xsy_info` [ RunTime:0.003605s ]
SQL: SELECT * FROM `xsy_info` WHERE ( id=1 ) LIMIT 1   [ RunTime:0.000332s ]
SQL: SHOW COLUMNS FROM `xsy_baoming` [ RunTime:0.003402s ]
SQL: SELECT * FROM `xsy_baoming` WHERE ( `uid` = '294940' ) LIMIT 1   [ RunTime:0.000426s ]
INFO: [ view_template ] --START--
INFO: Run LocationTemplate Behavior [ RunTime:0.000883s ]
INFO: [ view_template ] --END-- [ RunTime:0.001018s ]
INFO: [ view_parse ] --START--
NOTIC: [2048] mktime(): You should be using the time() function instead E:\wamp\www\2013\Xsy\Runtime\Cache\ee18fbabe3395351796effd5fab3e8c7.php 第 3 行.
NOTIC: [2048] mktime(): You should be using the time() function instead E:\wamp\www\2013\Xsy\Runtime\Cache\ee18fbabe3395351796effd5fab3e8c7.php 第 4 行.
INFO: Run ParseTemplate Behavior [ RunTime:0.010438s ]
INFO: [ view_parse ] --END-- [ RunTime:0.010546s ]
INFO: [ view_filter ] --START--
INFO: Run ContentReplace Behavior [ RunTime:0.000594s ]
INFO: Run TokenBuild Behavior [ RunTime:0.000511s ]
INFO: Run WriteHtmlCache Behavior [ RunTime:0.000365s ]
INFO: Run ShowRuntime Behavior [ RunTime:0.000612s ]
INFO: [ view_filter ] --END-- [ RunTime:0.002357s ]
INFO: [ view_end ] --START--
INFO: Run ShowPageTrace Behavior [ RunTime:0.000678s ]
INFO: [ view_end ] --END-- [ RunTime:0.000778s ]

[ 2013-07-25T18:53:42+08:00 ] 0.0.0.0 /2013/index.php?m=Baoming&a=step3
INFO: [ app_begin ] --START--
INFO: Run ReadHtmlCache Behavior [ RunTime:0.001532s ]
INFO: [ app_begin ] --END-- [ RunTime:0.001718s ]
SQL: SHOW COLUMNS FROM `xsy_info` [ RunTime:0.004031s ]
SQL: SELECT * FROM `xsy_info` WHERE ( id=1 ) LIMIT 1   [ RunTime:0.000536s ]
SQL: SHOW COLUMNS FROM `xsy_baoming` [ RunTime:0.003896s ]
SQL: SELECT * FROM `xsy_baoming` WHERE ( `uid` = '294940' ) LIMIT 1   [ RunTime:0.000592s ]
INFO: [ view_template ] --START--
INFO: Run LocationTemplate Behavior [ RunTime:0.001352s ]
INFO: [ view_template ] --END-- [ RunTime:0.001543s ]
INFO: [ view_parse ] --START--
NOTIC: [2048] mktime(): You should be using the time() function instead E:\wamp\www\2013\Xsy\Runtime\Cache\ee18fbabe3395351796effd5fab3e8c7.php 第 3 行.
NOTIC: [2048] mktime(): You should be using the time() function instead E:\wamp\www\2013\Xsy\Runtime\Cache\ee18fbabe3395351796effd5fab3e8c7.php 第 4 行.
INFO: Run ParseTemplate Behavior [ RunTime:0.012909s ]
INFO: [ view_parse ] --END-- [ RunTime:0.013111s ]
INFO: [ view_filter ] --START--
INFO: Run ContentReplace Behavior [ RunTime:0.000969s ]
INFO: Run TokenBuild Behavior [ RunTime:0.000894s ]
INFO: Run WriteHtmlCache Behavior [ RunTime:0.000662s ]
INFO: Run ShowRuntime Behavior [ RunTime:0.000997s ]
INFO: [ view_filter ] --END-- [ RunTime:0.004075s ]
INFO: [ view_end ] --START--
INFO: Run ShowPageTrace Behavior [ RunTime:0.001087s ]
INFO: [ view_end ] --END-- [ RunTime:0.001263s ]

[ 2013-07-25T18:53:55+08:00 ] 0.0.0.0 /2013/index.php?m=Index&a=index#
INFO: [ app_begin ] --START--
INFO: Run ReadHtmlCache Behavior [ RunTime:0.000972s ]
INFO: [ app_begin ] --END-- [ RunTime:0.001184s ]
NOTIC: [8] Undefined variable: Xsy_uid E:\wamp\www\2013\Xsy\Lib\Action\IndexAction.class.php 第 16 行.
NOTIC: [8] Undefined variable: Xsy_username E:\wamp\www\2013\Xsy\Lib\Action\IndexAction.class.php 第 17 行.
INFO: [ view_template ] --START--
INFO: Run LocationTemplate Behavior [ RunTime:0.001048s ]
INFO: [ view_template ] --END-- [ RunTime:0.001264s ]
INFO: [ view_parse ] --START--
INFO: Run ParseTemplate Behavior [ RunTime:0.012821s ]
INFO: [ view_parse ] --END-- [ RunTime:0.013078s ]
INFO: [ view_filter ] --START--
INFO: Run ContentReplace Behavior [ RunTime:0.000810s ]
INFO: Run TokenBuild Behavior [ RunTime:0.000699s ]
INFO: Run WriteHtmlCache Behavior [ RunTime:0.000574s ]
INFO: Run ShowRuntime Behavior [ RunTime:0.001340s ]
INFO: [ view_filter ] --END-- [ RunTime:0.004111s ]
INFO: [ view_end ] --START--
INFO: Run ShowPageTrace Behavior [ RunTime:0.001167s ]
INFO: [ view_end ] --END-- [ RunTime:0.001406s ]
INFO: [ view_template ] --START--
INFO: Run LocationTemplate Behavior [ RunTime:0.000457s ]
INFO: [ view_template ] --END-- [ RunTime:-0.019499s ]
INFO: [ view_parse ] --START--
NOTIC: [8] Undefined variable: kaiguan E:\wamp\www\2013\Xsy\Runtime\Cache\550cf8fae38af25ead8dfcabdae2ca76.php 第 34 行.
INFO: Run ParseTemplate Behavior [ RunTime:0.016980s ]
INFO: [ view_parse ] --END-- [ RunTime:-0.007027s ]
INFO: [ view_filter ] --START--
INFO: Run ContentReplace Behavior [ RunTime:0.000195s ]
INFO: Run TokenBuild Behavior [ RunTime:0.000170s ]
INFO: Run WriteHtmlCache Behavior [ RunTime:0.000037s ]
INFO: Run ShowRuntime Behavior [ RunTime:0.000261s ]
INFO: [ view_filter ] --END-- [ RunTime:-0.020042s ]
INFO: [ view_end ] --START--
INFO: Run ShowPageTrace Behavior [ RunTime:0.000185s ]
INFO: [ view_end ] --END-- [ RunTime:-0.019656s ]
INFO: [ view_template ] --START--
INFO: Run LocationTemplate Behavior [ RunTime:0.000516s ]
INFO: [ view_template ] --END-- [ RunTime:-0.039482s ]
INFO: [ view_parse ] --START--
INFO: Run ParseTemplate Behavior [ RunTime:0.003308s ]
INFO: [ view_parse ] --END-- [ RunTime:-0.027121s ]
INFO: [ view_filter ] --START--
INFO: Run ContentReplace Behavior [ RunTime:0.000116s ]
INFO: Run TokenBuild Behavior [ RunTime:0.000114s ]
INFO: Run WriteHtmlCache Behavior [ RunTime:0.000029s ]
INFO: Run ShowRuntime Behavior [ RunTime:0.000173s ]
INFO: [ view_filter ] --END-- [ RunTime:-0.026426s ]
INFO: [ view_end ] --START--
INFO: Run ShowPageTrace Behavior [ RunTime:0.000094s ]
INFO: [ view_end ] --END-- [ RunTime:-0.025606s ]

[ 2013-07-25T18:53:56+08:00 ] 0.0.0.0 /2013/index.php?m=Edit&a=quxiao
INFO: [ app_begin ] --START--
INFO: Run ReadHtmlCache Behavior [ RunTime:0.001559s ]
INFO: [ app_begin ] --END-- [ RunTime:0.001833s ]
SQL: SHOW COLUMNS FROM `xsy_info` [ RunTime:0.004230s ]
SQL: SELECT * FROM `xsy_info` WHERE ( id=2 ) LIMIT 1   [ RunTime:0.000575s ]
SQL: SHOW COLUMNS FROM `xsy_baoming` [ RunTime:0.004218s ]
SQL: DELETE FROM `xsy_baoming` WHERE ( `uid` = '294940' ) [ RunTime:0.000549s ]
INFO: [ view_template ] --START--
INFO: Run LocationTemplate Behavior [ RunTime:0.001049s ]
INFO: [ view_template ] --END-- [ RunTime:0.001300s ]
INFO: [ view_parse ] --START--
INFO: Run ParseTemplate Behavior [ RunTime:0.010374s ]
INFO: [ view_parse ] --END-- [ RunTime:0.010613s ]
INFO: [ view_filter ] --START--
INFO: Run ContentReplace Behavior [ RunTime:0.000523s ]
INFO: Run TokenBuild Behavior [ RunTime:0.000551s ]
INFO: Run WriteHtmlCache Behavior [ RunTime:0.000428s ]
INFO: Run ShowRuntime Behavior [ RunTime:0.000660s ]
INFO: [ view_filter ] --END-- [ RunTime:0.002471s ]
INFO: [ view_end ] --START--
INFO: Run ShowPageTrace Behavior [ RunTime:0.001140s ]
INFO: [ view_end ] --END-- [ RunTime:0.001303s ]

[ 2013-07-25T18:53:59+08:00 ] 0.0.0.0 /2013/index.php?m=Index&a=index
INFO: [ app_begin ] --START--
INFO: Run ReadHtmlCache Behavior [ RunTime:0.000598s ]
INFO: [ app_begin ] --END-- [ RunTime:0.000891s ]
SQL: SHOW COLUMNS FROM `xsy_baoming` [ RunTime:0.004104s ]
SQL: SELECT * FROM `xsy_baoming` WHERE ( `uid` = '294940' ) AND ( `guanxi` = '报名人' ) LIMIT 1   [ RunTime:0.000396s ]
SQL: SELECT * FROM `xsy_baoming` WHERE ( `uid` = '294940' ) AND ( `guanxi` <> '报名人' )  [ RunTime:0.000373s ]
SQL: SHOW COLUMNS FROM `xsy_gonggao` [ RunTime:0.003221s ]
SQL: SELECT * FROM `xsy_gonggao` ORDER BY id desc LIMIT 1   [ RunTime:0.000349s ]
INFO: [ view_template ] --START--
INFO: Run LocationTemplate Behavior [ RunTime:0.001227s ]
INFO: [ view_template ] --END-- [ RunTime:0.001395s ]
INFO: [ view_parse ] --START--
NOTIC: [8] Undefined index: zt E:\wamp\www\2013\Xsy\Runtime\Cache\a968336665b7a6b8c1727b322a887d23.php 第 41 行.
NOTIC: [8] Undefined index: zt E:\wamp\www\2013\Xsy\Runtime\Cache\a968336665b7a6b8c1727b322a887d23.php 第 44 行.
INFO: Run ParseTemplate Behavior [ RunTime:0.010536s ]
INFO: [ view_parse ] --END-- [ RunTime:0.010680s ]
INFO: [ view_filter ] --START--
INFO: Run ContentReplace Behavior [ RunTime:0.000521s ]
INFO: Run TokenBuild Behavior [ RunTime:0.000441s ]
INFO: Run WriteHtmlCache Behavior [ RunTime:0.000281s ]
INFO: Run ShowRuntime Behavior [ RunTime:0.000561s ]
INFO: [ view_filter ] --END-- [ RunTime:0.002103s ]
INFO: [ view_end ] --START--
INFO: Run ShowPageTrace Behavior [ RunTime:0.000603s ]
INFO: [ view_end ] --END-- [ RunTime:0.000707s ]
INFO: [ view_template ] --START--
INFO: Run LocationTemplate Behavior [ RunTime:0.000292s ]
INFO: [ view_template ] --END-- [ RunTime:-0.013900s ]
INFO: [ view_parse ] --START--
NOTIC: [8] Undefined index: zt E:\wamp\www\2013\Xsy\Runtime\Cache\550cf8fae38af25ead8dfcabdae2ca76.php 第 50 行.
INFO: Run ParseTemplate Behavior [ RunTime:0.010337s ]
INFO: [ view_parse ] --END-- [ RunTime:-0.003608s ]
INFO: [ view_filter ] --START--
INFO: Run ContentReplace Behavior [ RunTime:0.000128s ]
INFO: Run TokenBuild Behavior [ RunTime:0.000153s ]
INFO: Run WriteHtmlCache Behavior [ RunTime:0.000026s ]
INFO: Run ShowRuntime Behavior [ RunTime:0.000201s ]
INFO: [ view_filter ] --END-- [ RunTime:-0.011957s ]
INFO: [ view_end ] --START--
INFO: Run ShowPageTrace Behavior [ RunTime:0.000081s ]
INFO: [ view_end ] --END-- [ RunTime:-0.012057s ]
INFO: [ view_template ] --START--
INFO: Run LocationTemplate Behavior [ RunTime:0.000335s ]
INFO: [ view_template ] --END-- [ RunTime:-0.026160s ]
INFO: [ view_parse ] --START--
INFO: Run ParseTemplate Behavior [ RunTime:0.002372s ]
INFO: [ view_parse ] --END-- [ RunTime:-0.015926s ]
INFO: [ view_filter ] --START--
INFO: Run ContentReplace Behavior [ RunTime:0.000103s ]
INFO: Run TokenBuild Behavior [ RunTime:0.000117s ]
INFO: Run WriteHtmlCache Behavior [ RunTime:0.000025s ]
INFO: Run ShowRuntime Behavior [ RunTime:0.000183s ]
INFO: [ view_filter ] --END-- [ RunTime:-0.016324s ]
INFO: [ view_end ] --START--
INFO: Run ShowPageTrace Behavior [ RunTime:0.000076s ]
INFO: [ view_end ] --END-- [ RunTime:-0.016326s ]

[ 2013-07-25T18:54:00+08:00 ] 0.0.0.0 /2013/index.php?m=Baoming&a=step1
INFO: [ app_begin ] --START--
INFO: Run ReadHtmlCache Behavior [ RunTime:0.001056s ]
INFO: [ app_begin ] --END-- [ RunTime:0.001295s ]
NOTIC: [8] Use of undefined constant 请重新登录 - assumed '请重新登录' E:\wamp\www\2013\Xsy\Lib\Action\BaomingAction.class.php 第 42 行.
INFO: [ view_template ] --START--
INFO: Run LocationTemplate Behavior [ RunTime:0.000982s ]
INFO: [ view_template ] --END-- [ RunTime:0.001170s ]
INFO: [ view_parse ] --START--
INFO: Run ParseTemplate Behavior [ RunTime:0.012043s ]
INFO: [ view_parse ] --END-- [ RunTime:0.012254s ]
INFO: [ view_filter ] --START--
INFO: Run ContentReplace Behavior [ RunTime:0.000612s ]
INFO: Run TokenBuild Behavior [ RunTime:0.000586s ]
INFO: Run WriteHtmlCache Behavior [ RunTime:0.000372s ]
INFO: Run ShowRuntime Behavior [ RunTime:0.001057s ]
INFO: [ view_filter ] --END-- [ RunTime:0.003070s ]
INFO: [ view_end ] --START--
INFO: Run ShowPageTrace Behavior [ RunTime:0.001033s ]
INFO: [ view_end ] --END-- [ RunTime:0.001225s ]

[ 2013-07-25T18:54:02+08:00 ] 0.0.0.0 /2013/index.php?m=Baoming&a=step1
INFO: [ app_begin ] --START--
INFO: Run ReadHtmlCache Behavior [ RunTime:0.000590s ]
INFO: [ app_begin ] --END-- [ RunTime:0.000718s ]
SQL: SHOW COLUMNS FROM `xsy_info` [ RunTime:0.004240s ]
SQL: SELECT * FROM `xsy_info` WHERE ( id=1 ) LIMIT 1   [ RunTime:0.000430s ]
SQL: SHOW COLUMNS FROM `xsy_baoming` [ RunTime:0.003725s ]
SQL: SELECT * FROM `xsy_baoming` WHERE ( `uid` = '294940' ) LIMIT 1   [ RunTime:0.000457s ]
INFO: [ view_template ] --START--
INFO: Run LocationTemplate Behavior [ RunTime:0.001101s ]
INFO: [ view_template ] --END-- [ RunTime:0.001308s ]
INFO: [ view_parse ] --START--
NOTIC: [2048] mktime(): You should be using the time() function instead E:\wamp\www\2013\Xsy\Runtime\Cache\447278d7ddc51d788c347564aa6c659e.php 第 3 行.
NOTIC: [2048] mktime(): You should be using the time() function instead E:\wamp\www\2013\Xsy\Runtime\Cache\447278d7ddc51d788c347564aa6c659e.php 第 4 行.
INFO: Run ParseTemplate Behavior [ RunTime:0.010258s ]
INFO: [ view_parse ] --END-- [ RunTime:0.010412s ]
INFO: [ view_filter ] --START--
INFO: Run ContentReplace Behavior [ RunTime:0.000530s ]
INFO: Run TokenBuild Behavior [ RunTime:0.000462s ]
INFO: Run WriteHtmlCache Behavior [ RunTime:0.000284s ]
INFO: Run ShowRuntime Behavior [ RunTime:0.000593s ]
INFO: [ view_filter ] --END-- [ RunTime:0.002177s ]
INFO: [ view_end ] --START--
INFO: Run ShowPageTrace Behavior [ RunTime:0.000601s ]
INFO: [ view_end ] --END-- [ RunTime:0.000710s ]

[ 2013-07-25T18:54:13+08:00 ] 0.0.0.0 /2013/index.php?m=Baoming&a=step1
INFO: [ app_begin ] --START--
INFO: Run ReadHtmlCache Behavior [ RunTime:0.001069s ]
INFO: [ app_begin ] --END-- [ RunTime:0.001329s ]
NOTIC: [8] Use of undefined constant 请重新登录 - assumed '请重新登录' E:\wamp\www\2013\Xsy\Lib\Action\BaomingAction.class.php 第 42 行.
INFO: [ view_template ] --START--
INFO: Run LocationTemplate Behavior [ RunTime:0.001048s ]
INFO: [ view_template ] --END-- [ RunTime:0.001268s ]
INFO: [ view_parse ] --START--
INFO: Run ParseTemplate Behavior [ RunTime:0.007543s ]
INFO: [ view_parse ] --END-- [ RunTime:0.007692s ]
INFO: [ view_filter ] --START--
INFO: Run ContentReplace Behavior [ RunTime:0.000461s ]
INFO: Run TokenBuild Behavior [ RunTime:0.000439s ]
INFO: Run WriteHtmlCache Behavior [ RunTime:0.000285s ]
INFO: Run ShowRuntime Behavior [ RunTime:0.000559s ]
INFO: [ view_filter ] --END-- [ RunTime:0.002065s ]
INFO: [ view_end ] --START--
INFO: Run ShowPageTrace Behavior [ RunTime:0.000619s ]
INFO: [ view_end ] --END-- [ RunTime:0.000762s ]

[ 2013-07-25T18:54:14+08:00 ] 0.0.0.0 /2013/index.php?m=Baoming&a=step1
INFO: [ app_begin ] --START--
INFO: Run ReadHtmlCache Behavior [ RunTime:0.000944s ]
INFO: [ app_begin ] --END-- [ RunTime:0.001114s ]
SQL: SHOW COLUMNS FROM `xsy_info` [ RunTime:0.004413s ]
SQL: SELECT * FROM `xsy_info` WHERE ( id=1 ) LIMIT 1   [ RunTime:0.000600s ]
SQL: SHOW COLUMNS FROM `xsy_baoming` [ RunTime:0.004700s ]
SQL: SELECT * FROM `xsy_baoming` WHERE ( `uid` = '294940' ) LIMIT 1   [ RunTime:0.000776s ]
INFO: [ view_template ] --START--
INFO: Run LocationTemplate Behavior [ RunTime:0.000986s ]
INFO: [ view_template ] --END-- [ RunTime:0.001215s ]
INFO: [ view_parse ] --START--
NOTIC: [2048] mktime(): You should be using the time() function instead E:\wamp\www\2013\Xsy\Runtime\Cache\447278d7ddc51d788c347564aa6c659e.php 第 3 行.
NOTIC: [2048] mktime(): You should be using the time() function instead E:\wamp\www\2013\Xsy\Runtime\Cache\447278d7ddc51d788c347564aa6c659e.php 第 4 行.
INFO: Run ParseTemplate Behavior [ RunTime:0.009968s ]
INFO: [ view_parse ] --END-- [ RunTime:0.010118s ]
INFO: [ view_filter ] --START--
INFO: Run ContentReplace Behavior [ RunTime:0.000884s ]
INFO: Run TokenBuild Behavior [ RunTime:0.000774s ]
INFO: Run WriteHtmlCache Behavior [ RunTime:0.000539s ]
INFO: Run ShowRuntime Behavior [ RunTime:0.000997s ]
INFO: [ view_filter ] --END-- [ RunTime:0.003652s ]
INFO: [ view_end ] --START--
INFO: Run ShowPageTrace Behavior [ RunTime:0.001168s ]
INFO: [ view_end ] --END-- [ RunTime:0.001355s ]

[ 2013-07-25T18:54:26+08:00 ] 0.0.0.0 /2013/index.php?m=Baoming&a=check&type=mobile&num=15913120996
INFO: [ app_begin ] --START--
INFO: Run ReadHtmlCache Behavior [ RunTime:0.000663s ]
INFO: [ app_begin ] --END-- [ RunTime:0.000805s ]
SQL: SHOW COLUMNS FROM `xsy_baoming` [ RunTime:0.004502s ]
SQL: SELECT * FROM `xsy_baoming` WHERE ( `mobilNum` = '15913120996' ) LIMIT 1   [ RunTime:0.000599s ]

[ 2013-07-25T18:54:29+08:00 ] 0.0.0.0 /2013/index.php?m=Baoming&a=check&type=smobile&num=630996
INFO: [ app_begin ] --START--
INFO: Run ReadHtmlCache Behavior [ RunTime:0.000659s ]
INFO: [ app_begin ] --END-- [ RunTime:0.000806s ]
SQL: SHOW COLUMNS FROM `xsy_baoming` [ RunTime:0.004615s ]
SQL: SELECT * FROM `xsy_baoming` WHERE ( `smobilNum` = '630996' ) LIMIT 1   [ RunTime:0.000562s ]

[ 2013-07-25T18:54:32+08:00 ] 0.0.0.0 /2013/index.php?m=Baoming&a=check&type=qq&num=451615200
INFO: [ app_begin ] --START--
INFO: Run ReadHtmlCache Behavior [ RunTime:0.000908s ]
INFO: [ app_begin ] --END-- [ RunTime:0.001091s ]
SQL: SHOW COLUMNS FROM `xsy_baoming` [ RunTime:0.004206s ]
SQL: SELECT * FROM `xsy_baoming` WHERE ( `qqNum` = '451615200' ) LIMIT 1   [ RunTime:0.000458s ]

[ 2013-07-25T18:55:03+08:00 ] 0.0.0.0 /2013/index.php?m=Baoming&a=step2
INFO: [ app_begin ] --START--
INFO: Run ReadHtmlCache Behavior [ RunTime:0.000591s ]
INFO: [ app_begin ] --END-- [ RunTime:0.000713s ]
SQL: SHOW COLUMNS FROM `xsy_baoming` [ RunTime:0.004404s ]
SQL: SELECT * FROM `xsy_baoming` WHERE ( `uid` = '294940' ) LIMIT 1   [ RunTime:0.000421s ]
NOTIC: [8192] Function eregi() is deprecated E:\wamp\www\2013\Xsy\Lib\Action\BaomingAction.class.php 第 25 行.
NOTIC: [8192] Function eregi() is deprecated E:\wamp\www\2013\Xsy\Lib\Action\BaomingAction.class.php 第 25 行.
NOTIC: [8192] Function eregi() is deprecated E:\wamp\www\2013\Xsy\Lib\Action\BaomingAction.class.php 第 25 行.
NOTIC: [8192] Function eregi() is deprecated E:\wamp\www\2013\Xsy\Lib\Action\BaomingAction.class.php 第 25 行.
NOTIC: [8192] Function eregi() is deprecated E:\wamp\www\2013\Xsy\Lib\Action\BaomingAction.class.php 第 25 行.
NOTIC: [8192] Function eregi() is deprecated E:\wamp\www\2013\Xsy\Lib\Action\BaomingAction.class.php 第 25 行.
NOTIC: [8192] Function eregi() is deprecated E:\wamp\www\2013\Xsy\Lib\Action\BaomingAction.class.php 第 25 行.
SQL: SELECT * FROM `xsy_baoming` WHERE ( `mobilNum` = '15913120996' ) LIMIT 1   [ RunTime:0.000336s ]
SQL: SHOW COLUMNS FROM `xsy_groupid` [ RunTime:0.004037s ]
SQL: SELECT * FROM `xsy_groupid` LIMIT 1   [ RunTime:0.000308s ]
SQL: UPDATE `xsy_groupid` SET `id`=1,`groupid`=70 WHERE ( id=1 ) [ RunTime:0.000320s ]
SQL: INSERT INTO `xsy_baoming` (`name`,`sex`,`xs`,`mobilNum`,`smobilNum`,`qqNum`,`college`,`zhuanye`,`guanxi`,`diqu`,`shijian`,`dz`,`beizhu`,`groupid`,`time`,`uname`,`uid`,`ip`,`check`) VALUES ('落甜橙','男','否','15913120996','630996','451615200','园艺学院','茶学','报名人','安徽合肥','服从安排','微博','',70,'2013-07-25 18:55:03','luotiancheng','294940','0.0.0.0',1234567) [ RunTime:0.000449s ]

[ 2013-07-25T18:55:04+08:00 ] 0.0.0.0 /2013/index.php?m=Index&a=index
INFO: [ app_begin ] --START--
INFO: Run ReadHtmlCache Behavior [ RunTime:0.000901s ]
INFO: [ app_begin ] --END-- [ RunTime:0.001106s ]
SQL: SHOW COLUMNS FROM `xsy_baoming` [ RunTime:0.004062s ]
SQL: SELECT * FROM `xsy_baoming` WHERE ( `uid` = '294940' ) AND ( `guanxi` = '报名人' ) LIMIT 1   [ RunTime:0.000486s ]
SQL: SELECT * FROM `xsy_baoming` WHERE ( `uid` = '294940' ) AND ( `guanxi` <> '报名人' )  [ RunTime:0.000314s ]
SQL: SHOW COLUMNS FROM `xsy_gonggao` [ RunTime:0.003042s ]
SQL: SELECT * FROM `xsy_gonggao` ORDER BY id desc LIMIT 1   [ RunTime:0.000396s ]
INFO: [ view_template ] --START--
INFO: Run LocationTemplate Behavior [ RunTime:0.000800s ]
INFO: [ view_template ] --END-- [ RunTime:0.000929s ]
INFO: [ view_parse ] --START--
INFO: Run ParseTemplate Behavior [ RunTime:0.011865s ]
INFO: [ view_parse ] --END-- [ RunTime:0.012003s ]
INFO: [ view_filter ] --START--
INFO: Run ContentReplace Behavior [ RunTime:0.000505s ]
INFO: Run TokenBuild Behavior [ RunTime:0.000441s ]
INFO: Run WriteHtmlCache Behavior [ RunTime:0.000341s ]
INFO: Run ShowRuntime Behavior [ RunTime:0.000561s ]
INFO: [ view_filter ] --END-- [ RunTime:0.002149s ]
INFO: [ view_end ] --START--
INFO: Run ShowPageTrace Behavior [ RunTime:0.000592s ]
INFO: [ view_end ] --END-- [ RunTime:0.000700s ]
INFO: [ view_template ] --START--
INFO: Run LocationTemplate Behavior [ RunTime:0.000289s ]
INFO: [ view_template ] --END-- [ RunTime:-0.015270s ]
INFO: [ view_parse ] --START--
INFO: Run ParseTemplate Behavior [ RunTime:0.010139s ]
INFO: [ view_parse ] --END-- [ RunTime:-0.003660s ]
INFO: [ view_filter ] --START--
INFO: Run ContentReplace Behavior [ RunTime:0.000155s ]
INFO: Run TokenBuild Behavior [ RunTime:0.000129s ]
INFO: Run WriteHtmlCache Behavior [ RunTime:0.000026s ]
INFO: Run ShowRuntime Behavior [ RunTime:0.000203s ]
INFO: [ view_filter ] --END-- [ RunTime:-0.011780s ]
INFO: [ view_end ] --START--
INFO: Run ShowPageTrace Behavior [ RunTime:0.000082s ]
INFO: [ view_end ] --END-- [ RunTime:-0.011875s ]
INFO: [ view_template ] --START--
INFO: Run LocationTemplate Behavior [ RunTime:0.000292s ]
INFO: [ view_template ] --END-- [ RunTime:-0.027350s ]
INFO: [ view_parse ] --START--
INFO: Run ParseTemplate Behavior [ RunTime:0.002300s ]
INFO: [ view_parse ] --END-- [ RunTime:-0.015757s ]
INFO: [ view_filter ] --START--
INFO: Run ContentReplace Behavior [ RunTime:0.000102s ]
INFO: Run TokenBuild Behavior [ RunTime:0.000118s ]
INFO: Run WriteHtmlCache Behavior [ RunTime:0.000026s ]
INFO: Run ShowRuntime Behavior [ RunTime:0.000180s ]
INFO: [ view_filter ] --END-- [ RunTime:-0.016037s ]
INFO: [ view_end ] --START--
INFO: Run ShowPageTrace Behavior [ RunTime:0.000077s ]
INFO: [ view_end ] --END-- [ RunTime:-0.016047s ]

[ 2013-07-25T18:55:07+08:00 ] 0.0.0.0 /2013/index.php?m=Baoming&a=step3
INFO: [ app_begin ] --START--
INFO: Run ReadHtmlCache Behavior [ RunTime:0.001330s ]
INFO: [ app_begin ] --END-- [ RunTime:0.001585s ]
INFO: [ view_template ] --START--
INFO: Run LocationTemplate Behavior [ RunTime:0.001015s ]
INFO: [ view_template ] --END-- [ RunTime:0.001227s ]
INFO: [ view_parse ] --START--
INFO: Run ParseTemplate Behavior [ RunTime:0.014190s ]
INFO: [ view_parse ] --END-- [ RunTime:0.014380s ]
INFO: [ view_filter ] --START--
INFO: Run ContentReplace Behavior [ RunTime:0.000649s ]
INFO: Run TokenBuild Behavior [ RunTime:0.000571s ]
INFO: Run WriteHtmlCache Behavior [ RunTime:0.000410s ]
INFO: Run ShowRuntime Behavior [ RunTime:0.000709s ]
INFO: [ view_filter ] --END-- [ RunTime:0.002670s ]
INFO: [ view_end ] --START--
INFO: Run ShowPageTrace Behavior [ RunTime:0.000778s ]
INFO: [ view_end ] --END-- [ RunTime:0.000937s ]

[ 2013-07-25T18:55:09+08:00 ] 0.0.0.0 /2013/index.php?m=Baoming&a=step3
INFO: [ app_begin ] --START--
INFO: Run ReadHtmlCache Behavior [ RunTime:0.000608s ]
INFO: [ app_begin ] --END-- [ RunTime:0.000743s ]
SQL: SHOW COLUMNS FROM `xsy_info` [ RunTime:0.004131s ]
SQL: SELECT * FROM `xsy_info` WHERE ( id=1 ) LIMIT 1   [ RunTime:0.000407s ]
SQL: SHOW COLUMNS FROM `xsy_baoming` [ RunTime:0.004191s ]
SQL: SELECT * FROM `xsy_baoming` WHERE ( `uid` = '294940' ) LIMIT 1   [ RunTime:0.000532s ]
INFO: [ view_template ] --START--
INFO: Run LocationTemplate Behavior [ RunTime:0.000884s ]
INFO: [ view_template ] --END-- [ RunTime:0.001051s ]
INFO: [ view_parse ] --START--
NOTIC: [2048] mktime(): You should be using the time() function instead E:\wamp\www\2013\Xsy\Runtime\Cache\ee18fbabe3395351796effd5fab3e8c7.php 第 3 行.
NOTIC: [2048] mktime(): You should be using the time() function instead E:\wamp\www\2013\Xsy\Runtime\Cache\ee18fbabe3395351796effd5fab3e8c7.php 第 4 行.
INFO: Run ParseTemplate Behavior [ RunTime:0.013245s ]
INFO: [ view_parse ] --END-- [ RunTime:0.013451s ]
INFO: [ view_filter ] --START--
INFO: Run ContentReplace Behavior [ RunTime:0.000809s ]
INFO: Run TokenBuild Behavior [ RunTime:0.000779s ]
INFO: Run WriteHtmlCache Behavior [ RunTime:0.000723s ]
INFO: Run ShowRuntime Behavior [ RunTime:0.001182s ]
INFO: [ view_filter ] --END-- [ RunTime:0.004105s ]
INFO: [ view_end ] --START--
INFO: Run ShowPageTrace Behavior [ RunTime:0.001038s ]
INFO: [ view_end ] --END-- [ RunTime:0.001325s ]

[ 2013-07-25T18:55:11+08:00 ] 0.0.0.0 /2013/index.php?m=Baoming&a=step3
INFO: [ app_begin ] --START--
INFO: Run ReadHtmlCache Behavior [ RunTime:0.001089s ]
INFO: [ app_begin ] --END-- [ RunTime:0.001331s ]
INFO: [ view_template ] --START--
INFO: Run LocationTemplate Behavior [ RunTime:0.000827s ]
INFO: [ view_template ] --END-- [ RunTime:0.001073s ]
INFO: [ view_parse ] --START--
INFO: Run ParseTemplate Behavior [ RunTime:0.011026s ]
INFO: [ view_parse ] --END-- [ RunTime:0.011255s ]
INFO: [ view_filter ] --START--
INFO: Run ContentReplace Behavior [ RunTime:0.000656s ]
INFO: Run TokenBuild Behavior [ RunTime:0.000637s ]
INFO: Run WriteHtmlCache Behavior [ RunTime:0.000412s ]
INFO: Run ShowRuntime Behavior [ RunTime:0.000825s ]
INFO: [ view_filter ] --END-- [ RunTime:0.003027s ]
INFO: [ view_end ] --START--
INFO: Run ShowPageTrace Behavior [ RunTime:0.000933s ]
INFO: [ view_end ] --END-- [ RunTime:0.001135s ]

[ 2013-07-25T18:55:13+08:00 ] 0.0.0.0 /2013/index.php?m=Baoming&a=step3
INFO: [ app_begin ] --START--
INFO: Run ReadHtmlCache Behavior [ RunTime:0.000744s ]
INFO: [ app_begin ] --END-- [ RunTime:0.001053s ]
SQL: SHOW COLUMNS FROM `xsy_info` [ RunTime:0.003279s ]
SQL: SELECT * FROM `xsy_info` WHERE ( id=1 ) LIMIT 1   [ RunTime:0.000369s ]
SQL: SHOW COLUMNS FROM `xsy_baoming` [ RunTime:0.004926s ]
SQL: SELECT * FROM `xsy_baoming` WHERE ( `uid` = '294940' ) LIMIT 1   [ RunTime:0.000596s ]
INFO: [ view_template ] --START--
INFO: Run LocationTemplate Behavior [ RunTime:0.001068s ]
INFO: [ view_template ] --END-- [ RunTime:0.001318s ]
INFO: [ view_parse ] --START--
NOTIC: [2048] mktime(): You should be using the time() function instead E:\wamp\www\2013\Xsy\Runtime\Cache\ee18fbabe3395351796effd5fab3e8c7.php 第 3 行.
NOTIC: [2048] mktime(): You should be using the time() function instead E:\wamp\www\2013\Xsy\Runtime\Cache\ee18fbabe3395351796effd5fab3e8c7.php 第 4 行.
INFO: Run ParseTemplate Behavior [ RunTime:0.013977s ]
INFO: [ view_parse ] --END-- [ RunTime:0.014181s ]
INFO: [ view_filter ] --START--
INFO: Run ContentReplace Behavior [ RunTime:0.000746s ]
INFO: Run TokenBuild Behavior [ RunTime:0.000748s ]
INFO: Run WriteHtmlCache Behavior [ RunTime:0.000506s ]
INFO: Run ShowRuntime Behavior [ RunTime:0.000911s ]
INFO: [ view_filter ] --END-- [ RunTime:0.003439s ]
INFO: [ view_end ] --START--
INFO: Run ShowPageTrace Behavior [ RunTime:0.000737s ]
INFO: [ view_end ] --END-- [ RunTime:0.000858s ]

[ 2013-07-25T18:55:24+08:00 ] 0.0.0.0 /2013/index.php?m=Baoming&a=check&type=mobile&num=15913120996
INFO: [ app_begin ] --START--
INFO: Run ReadHtmlCache Behavior [ RunTime:0.000970s ]
INFO: [ app_begin ] --END-- [ RunTime:0.001160s ]
SQL: SHOW COLUMNS FROM `xsy_baoming` [ RunTime:0.003646s ]
SQL: SELECT * FROM `xsy_baoming` WHERE ( `mobilNum` = '15913120996' ) LIMIT 1   [ RunTime:0.000412s ]

[ 2013-07-25T18:55:29+08:00 ] 0.0.0.0 /2013/index.php?m=Baoming&a=check&type=mobile&num=15913120993
INFO: [ app_begin ] --START--
INFO: Run ReadHtmlCache Behavior [ RunTime:0.000999s ]
INFO: [ app_begin ] --END-- [ RunTime:0.001194s ]
SQL: SHOW COLUMNS FROM `xsy_baoming` [ RunTime:0.004387s ]
SQL: SELECT * FROM `xsy_baoming` WHERE ( `mobilNum` = '15913120993' ) LIMIT 1   [ RunTime:0.000456s ]

[ 2013-07-25T18:55:32+08:00 ] 0.0.0.0 /2013/index.php?m=Baoming&a=check&type=qq&num=4516152444
INFO: [ app_begin ] --START--
INFO: Run ReadHtmlCache Behavior [ RunTime:0.000653s ]
INFO: [ app_begin ] --END-- [ RunTime:0.000781s ]
SQL: SHOW COLUMNS FROM `xsy_baoming` [ RunTime:0.003757s ]
SQL: SELECT * FROM `xsy_baoming` WHERE ( `qqNum` = '4516152444' ) LIMIT 1   [ RunTime:0.000413s ]

[ 2013-07-25T18:55:37+08:00 ] 0.0.0.0 /2013/index.php?m=Baoming&a=step4
INFO: [ app_begin ] --START--
INFO: Run ReadHtmlCache Behavior [ RunTime:0.000675s ]
INFO: [ app_begin ] --END-- [ RunTime:0.000811s ]
SQL: SHOW COLUMNS FROM `xsy_baoming` [ RunTime:0.003616s ]
SQL: SELECT * FROM `xsy_baoming` WHERE ( `uid` = '294940' ) LIMIT 1   [ RunTime:0.000445s ]
NOTIC: [8192] Function eregi() is deprecated E:\wamp\www\2013\Xsy\Lib\Action\BaomingAction.class.php 第 25 行.
NOTIC: [8192] Function eregi() is deprecated E:\wamp\www\2013\Xsy\Lib\Action\BaomingAction.class.php 第 25 行.
NOTIC: [8192] Function eregi() is deprecated E:\wamp\www\2013\Xsy\Lib\Action\BaomingAction.class.php 第 25 行.
NOTIC: [8192] Function eregi() is deprecated E:\wamp\www\2013\Xsy\Lib\Action\BaomingAction.class.php 第 25 行.
NOTIC: [8192] Function eregi() is deprecated E:\wamp\www\2013\Xsy\Lib\Action\BaomingAction.class.php 第 25 行.
NOTIC: [8192] Function eregi() is deprecated E:\wamp\www\2013\Xsy\Lib\Action\BaomingAction.class.php 第 25 行.
NOTIC: [8192] Function eregi() is deprecated E:\wamp\www\2013\Xsy\Lib\Action\BaomingAction.class.php 第 25 行.
SQL: SELECT * FROM `xsy_baoming` WHERE ( `mobilNum` = '15913120993' ) LIMIT 1   [ RunTime:0.000323s ]
SQL: INSERT INTO `xsy_baoming` (`name`,`sex`,`xs`,`mobilNum`,`smobilNum`,`qqNum`,`college`,`zhuanye`,`beizhu`,`guanxi`,`diqu`,`groupid`,`time`,`uname`,`uid`,`ip`,`check`) VALUES ('王婷婷','女','否','15913120993','无','4516152444','非华农人','非华农人','','方芳芳','安徽合肥','70','2013-07-25 18:55:37','luotiancheng','294940','0.0.0.0','KUMp4PX') [ RunTime:0.000348s ]

[ 2013-07-25T18:55:38+08:00 ] 0.0.0.0 /2013/index.php?m=Index&a=index
INFO: [ app_begin ] --START--
INFO: Run ReadHtmlCache Behavior [ RunTime:0.001079s ]
INFO: [ app_begin ] --END-- [ RunTime:0.001314s ]
SQL: SHOW COLUMNS FROM `xsy_baoming` [ RunTime:0.004082s ]
SQL: SELECT * FROM `xsy_baoming` WHERE ( `uid` = '294940' ) AND ( `guanxi` = '报名人' ) LIMIT 1   [ RunTime:0.000589s ]
SQL: SELECT * FROM `xsy_baoming` WHERE ( `uid` = '294940' ) AND ( `guanxi` <> '报名人' )  [ RunTime:0.000522s ]
SQL: SHOW COLUMNS FROM `xsy_gonggao` [ RunTime:0.003333s ]
SQL: SELECT * FROM `xsy_gonggao` ORDER BY id desc LIMIT 1   [ RunTime:0.000458s ]
INFO: [ view_template ] --START--
INFO: Run LocationTemplate Behavior [ RunTime:0.000650s ]
INFO: [ view_template ] --END-- [ RunTime:0.000789s ]
INFO: [ view_parse ] --START--
INFO: Run ParseTemplate Behavior [ RunTime:0.011085s ]
INFO: [ view_parse ] --END-- [ RunTime:0.011229s ]
INFO: [ view_filter ] --START--
INFO: Run ContentReplace Behavior [ RunTime:0.000500s ]
INFO: Run TokenBuild Behavior [ RunTime:0.000451s ]
INFO: Run WriteHtmlCache Behavior [ RunTime:0.000284s ]
INFO: Run ShowRuntime Behavior [ RunTime:0.000588s ]
INFO: [ view_filter ] --END-- [ RunTime:0.002140s ]
INFO: [ view_end ] --START--
INFO: Run ShowPageTrace Behavior [ RunTime:0.000590s ]
INFO: [ view_end ] --END-- [ RunTime:0.000696s ]
INFO: [ view_template ] --START--
INFO: Run LocationTemplate Behavior [ RunTime:0.000194s ]
INFO: [ view_template ] --END-- [ RunTime:-0.014482s ]
INFO: [ view_parse ] --START--
INFO: Run ParseTemplate Behavior [ RunTime:0.016192s ]
INFO: [ view_parse ] --END-- [ RunTime:-0.003556s ]
INFO: [ view_filter ] --START--
INFO: Run ContentReplace Behavior [ RunTime:0.000273s ]
INFO: Run TokenBuild Behavior [ RunTime:0.000249s ]
INFO: Run WriteHtmlCache Behavior [ RunTime:0.000045s ]
INFO: Run ShowRuntime Behavior [ RunTime:0.000394s ]
INFO: [ view_filter ] --END-- [ RunTime:-0.018280s ]
INFO: [ view_end ] --START--
INFO: Run ShowPageTrace Behavior [ RunTime:0.000145s ]
INFO: [ view_end ] --END-- [ RunTime:-0.019218s ]
INFO: [ view_template ] --START--
INFO: Run LocationTemplate Behavior [ RunTime:0.000515s ]
INFO: [ view_template ] --END-- [ RunTime:-0.034141s ]
INFO: [ view_parse ] --START--
INFO: Run ParseTemplate Behavior [ RunTime:0.003633s ]
INFO: [ view_parse ] --END-- [ RunTime:-0.023704s ]
INFO: [ view_filter ] --START--
INFO: Run ContentReplace Behavior [ RunTime:0.000188s ]
INFO: Run TokenBuild Behavior [ RunTime:0.000243s ]
INFO: Run WriteHtmlCache Behavior [ RunTime:0.000049s ]
INFO: Run ShowRuntime Behavior [ RunTime:0.000365s ]
INFO: [ view_filter ] --END-- [ RunTime:-0.025490s ]
INFO: [ view_end ] --START--
INFO: Run ShowPageTrace Behavior [ RunTime:0.000081s ]
INFO: [ view_end ] --END-- [ RunTime:-0.026272s ]

[ 2013-07-25T19:10:14+08:00 ] 0.0.0.0 /2013/index.php?m=Uc&a=logout
INFO: [ app_begin ] --START--
INFO: Run ReadHtmlCache Behavior [ RunTime:0.001416s ]
INFO: [ app_begin ] --END-- [ RunTime:0.001590s ]
NOTIC: [8] Use of undefined constant 退出成功 - assumed '退出成功' E:\wamp\www\2013\Xsy\Lib\Action\UcAction.class.php 第 44 行.
INFO: [ view_template ] --START--
INFO: Run LocationTemplate Behavior [ RunTime:0.001625s ]
INFO: [ view_template ] --END-- [ RunTime:0.001834s ]
INFO: [ view_parse ] --START--
INFO: Run ParseTemplate Behavior [ RunTime:0.011442s ]
INFO: [ view_parse ] --END-- [ RunTime:0.011639s ]
INFO: [ view_filter ] --START--
INFO: Run ContentReplace Behavior [ RunTime:0.000790s ]
INFO: Run TokenBuild Behavior [ RunTime:0.000728s ]
INFO: Run WriteHtmlCache Behavior [ RunTime:0.000564s ]
INFO: Run ShowRuntime Behavior [ RunTime:0.000846s ]
INFO: [ view_filter ] --END-- [ RunTime:0.003251s ]
INFO: [ view_end ] --START--
INFO: Run ShowPageTrace Behavior [ RunTime:0.001050s ]
INFO: [ view_end ] --END-- [ RunTime:0.001167s ]

[ 2013-07-25T19:10:15+08:00 ] 0.0.0.0 /2013/index.php?m=Index&a=index
INFO: [ app_begin ] --START--
INFO: Run ReadHtmlCache Behavior [ RunTime:0.001175s ]
INFO: [ app_begin ] --END-- [ RunTime:0.001381s ]
NOTIC: [8] Undefined variable: Xsy_uid E:\wamp\www\2013\Xsy\Lib\Action\IndexAction.class.php 第 16 行.
NOTIC: [8] Undefined variable: Xsy_username E:\wamp\www\2013\Xsy\Lib\Action\IndexAction.class.php 第 17 行.
INFO: [ view_template ] --START--
INFO: Run LocationTemplate Behavior [ RunTime:0.001354s ]
INFO: [ view_template ] --END-- [ RunTime:0.001489s ]
INFO: [ view_parse ] --START--
INFO: Run ParseTemplate Behavior [ RunTime:0.014972s ]
INFO: [ view_parse ] --END-- [ RunTime:0.015155s ]
INFO: [ view_filter ] --START--
INFO: Run ContentReplace Behavior [ RunTime:0.000819s ]
INFO: Run TokenBuild Behavior [ RunTime:0.000722s ]
INFO: Run WriteHtmlCache Behavior [ RunTime:0.000589s ]
INFO: Run ShowRuntime Behavior [ RunTime:0.000840s ]
INFO: [ view_filter ] --END-- [ RunTime:0.003298s ]
INFO: [ view_end ] --START--
INFO: Run ShowPageTrace Behavior [ RunTime:0.000953s ]
INFO: [ view_end ] --END-- [ RunTime:0.001075s ]
INFO: [ view_template ] --START--
INFO: Run LocationTemplate Behavior [ RunTime:0.000577s ]
INFO: [ view_template ] --END-- [ RunTime:-0.020011s ]
INFO: [ view_parse ] --START--
NOTIC: [8] Undefined variable: kaiguan E:\wamp\www\2013\Xsy\Runtime\Cache\550cf8fae38af25ead8dfcabdae2ca76.php 第 34 行.
INFO: Run ParseTemplate Behavior [ RunTime:0.012838s ]
INFO: [ view_parse ] --END-- [ RunTime:-0.005540s ]
INFO: [ view_filter ] --START--
INFO: Run ContentReplace Behavior [ RunTime:0.000127s ]
INFO: Run TokenBuild Behavior [ RunTime:0.000126s ]
INFO: Run WriteHtmlCache Behavior [ RunTime:0.000050s ]
INFO: Run ShowRuntime Behavior [ RunTime:0.000302s ]
INFO: [ view_filter ] --END-- [ RunTime:-0.015205s ]
INFO: [ view_end ] --START--
INFO: Run ShowPageTrace Behavior [ RunTime:0.000149s ]
INFO: [ view_end ] --END-- [ RunTime:-0.015275s ]
INFO: [ view_template ] --START--
INFO: Run LocationTemplate Behavior [ RunTime:0.000870s ]
INFO: [ view_template ] --END-- [ RunTime:-0.035696s ]
INFO: [ view_parse ] --START--
INFO: Run ParseTemplate Behavior [ RunTime:0.003390s ]
INFO: [ view_parse ] --END-- [ RunTime:-0.021648s ]
INFO: [ view_filter ] --START--
INFO: Run ContentReplace Behavior [ RunTime:0.000161s ]
INFO: Run TokenBuild Behavior [ RunTime:0.000178s ]
INFO: Run WriteHtmlCache Behavior [ RunTime:0.000042s ]
INFO: Run ShowRuntime Behavior [ RunTime:0.000274s ]
INFO: [ view_filter ] --END-- [ RunTime:-0.021994s ]
INFO: [ view_end ] --START--
INFO: Run ShowPageTrace Behavior [ RunTime:0.000152s ]
INFO: [ view_end ] --END-- [ RunTime:-0.022100s ]

[ 2013-07-25T19:10:17+08:00 ] 0.0.0.0 /2013/index.php?m=Uc&a=login
INFO: [ app_begin ] --START--
INFO: Run ReadHtmlCache Behavior [ RunTime:0.000902s ]
INFO: [ app_begin ] --END-- [ RunTime:0.001046s ]
NOTIC: [8] Undefined index: return E:\wamp\www\2013\Xsy\Lib\Action\UcAction.class.php 第 37 行.
INFO: [ view_template ] --START--
INFO: Run LocationTemplate Behavior [ RunTime:0.001286s ]
INFO: [ view_template ] --END-- [ RunTime:0.001502s ]
INFO: [ view_parse ] --START--
INFO: Run ParseTemplate Behavior [ RunTime:0.014491s ]
INFO: [ view_parse ] --END-- [ RunTime:0.014728s ]
INFO: [ view_filter ] --START--
INFO: Run ContentReplace Behavior [ RunTime:0.001131s ]
INFO: Run TokenBuild Behavior [ RunTime:0.000877s ]
INFO: Run WriteHtmlCache Behavior [ RunTime:0.000556s ]
INFO: Run ShowRuntime Behavior [ RunTime:0.001150s ]
INFO: [ view_filter ] --END-- [ RunTime:0.004159s ]
INFO: [ view_end ] --START--
INFO: Run ShowPageTrace Behavior [ RunTime:0.001098s ]
INFO: [ view_end ] --END-- [ RunTime:0.001277s ]

[ 2013-07-25T19:10:17+08:00 ] 0.0.0.0 /2013/index.php?m=Uc&a=login
INFO: [ app_begin ] --START--
INFO: Run ReadHtmlCache Behavior [ RunTime:0.000884s ]
INFO: [ app_begin ] --END-- [ RunTime:0.001015s ]
NOTIC: [8] Undefined index: return E:\wamp\www\2013\Xsy\Lib\Action\UcAction.class.php 第 37 行.
INFO: [ view_template ] --START--
INFO: Run LocationTemplate Behavior [ RunTime:0.001311s ]
INFO: [ view_template ] --END-- [ RunTime:0.001491s ]
INFO: [ view_parse ] --START--
INFO: Run ParseTemplate Behavior [ RunTime:0.011429s ]
INFO: [ view_parse ] --END-- [ RunTime:0.011624s ]
INFO: [ view_filter ] --START--
INFO: Run ContentReplace Behavior [ RunTime:0.000749s ]
INFO: Run TokenBuild Behavior [ RunTime:0.000968s ]
INFO: Run WriteHtmlCache Behavior [ RunTime:0.000671s ]
INFO: Run ShowRuntime Behavior [ RunTime:0.000857s ]
INFO: [ view_filter ] --END-- [ RunTime:0.003592s ]
INFO: [ view_end ] --START--
INFO: Run ShowPageTrace Behavior [ RunTime:0.000977s ]
INFO: [ view_end ] --END-- [ RunTime:0.001107s ]

[ 2013-07-25T19:10:28+08:00 ] 0.0.0.0 /2013/index.php?m=Uc&a=login1
INFO: [ app_begin ] --START--
INFO: Run ReadHtmlCache Behavior [ RunTime:0.001296s ]
INFO: [ app_begin ] --END-- [ RunTime:0.001472s ]
NOTIC: [8] Undefined offset: 0 E:\wamp\www\2013\client\lib\xml.class.php 第 69 行.
NOTIC: [8] Undefined offset: 1 E:\wamp\www\2013\client\lib\xml.class.php 第 69 行.
NOTIC: [8] Undefined offset: 2 E:\wamp\www\2013\client\lib\xml.class.php 第 69 行.
NOTIC: [8] Undefined offset: 3 E:\wamp\www\2013\client\lib\xml.class.php 第 69 行.
NOTIC: [8] Undefined offset: 4 E:\wamp\www\2013\client\lib\xml.class.php 第 69 行.

[ 2013-07-25T19:10:29+08:00 ] 0.0.0.0 /2013/index.php?m=Index&a=index
INFO: [ app_begin ] --START--
INFO: Run ReadHtmlCache Behavior [ RunTime:0.001292s ]
INFO: [ app_begin ] --END-- [ RunTime:0.001490s ]
SQL: SHOW COLUMNS FROM `xsy_baoming` [ RunTime:0.004161s ]
SQL: SELECT * FROM `xsy_baoming` WHERE ( `uid` = '341063' ) AND ( `guanxi` = '报名人' ) LIMIT 1   [ RunTime:0.000447s ]
SQL: SELECT * FROM `xsy_baoming` WHERE ( `uid` = '341063' ) AND ( `guanxi` <> '报名人' )  [ RunTime:0.000411s ]
SQL: SHOW COLUMNS FROM `xsy_gonggao` [ RunTime:0.003035s ]
SQL: SELECT * FROM `xsy_gonggao` ORDER BY id desc LIMIT 1   [ RunTime:0.000418s ]
INFO: [ view_template ] --START--
INFO: Run LocationTemplate Behavior [ RunTime:0.001373s ]
INFO: [ view_template ] --END-- [ RunTime:0.001547s ]
INFO: [ view_parse ] --START--
INFO: Run ParseTemplate Behavior [ RunTime:0.015603s ]
INFO: [ view_parse ] --END-- [ RunTime:0.015797s ]
INFO: [ view_filter ] --START--
INFO: Run ContentReplace Behavior [ RunTime:0.000985s ]
INFO: Run TokenBuild Behavior [ RunTime:0.001016s ]
INFO: Run WriteHtmlCache Behavior [ RunTime:0.000978s ]
INFO: Run ShowRuntime Behavior [ RunTime:0.001392s ]
INFO: [ view_filter ] --END-- [ RunTime:0.004875s ]
INFO: [ view_end ] --START--
INFO: Run ShowPageTrace Behavior [ RunTime:0.001245s ]
INFO: [ view_end ] --END-- [ RunTime:0.001452s ]
INFO: [ view_template ] --START--
INFO: Run LocationTemplate Behavior [ RunTime:0.000774s ]
INFO: [ view_template ] --END-- [ RunTime:-0.022750s ]
INFO: [ view_parse ] --START--
INFO: Run ParseTemplate Behavior [ RunTime:0.012639s ]
INFO: [ view_parse ] --END-- [ RunTime:-0.007868s ]
INFO: [ view_filter ] --START--
INFO: Run ContentReplace Behavior [ RunTime:0.000160s ]
INFO: Run TokenBuild Behavior [ RunTime:0.000110s ]
INFO: Run WriteHtmlCache Behavior [ RunTime:0.000024s ]
INFO: Run ShowRuntime Behavior [ RunTime:0.000170s ]
INFO: [ view_filter ] --END-- [ RunTime:-0.015757s ]
INFO: [ view_end ] --START--
INFO: Run ShowPageTrace Behavior [ RunTime:0.000090s ]
INFO: [ view_end ] --END-- [ RunTime:-0.015055s ]
INFO: [ view_template ] --START--
INFO: Run LocationTemplate Behavior [ RunTime:0.000726s ]
INFO: [ view_template ] --END-- [ RunTime:-0.037887s ]
INFO: [ view_parse ] --START--
INFO: Run ParseTemplate Behavior [ RunTime:0.003508s ]
INFO: [ view_parse ] --END-- [ RunTime:-0.023025s ]
INFO: [ view_filter ] --START--
INFO: Run ContentReplace Behavior [ RunTime:0.000179s ]
INFO: Run TokenBuild Behavior [ RunTime:0.000183s ]
INFO: Run WriteHtmlCache Behavior [ RunTime:0.000043s ]
INFO: Run ShowRuntime Behavior [ RunTime:0.000284s ]
INFO: [ view_filter ] --END-- [ RunTime:-0.021855s ]
INFO: [ view_end ] --START--
INFO: Run ShowPageTrace Behavior [ RunTime:0.000156s ]
INFO: [ view_end ] --END-- [ RunTime:-0.021611s ]

