[ 2013-12-03T14:32:04+08:00 ] 127.0.0.1 /2013/
INFO: [ app_begin ] --START--
INFO: Run ReadHtmlCache Behavior [ RunTime:0.001964s ]
INFO: [ app_begin ] --END-- [ RunTime:0.002071s ]
NOTIC: [8] Undefined variable: Xsy_uid E:\wwwroot\2013\Xsy\Lib\Action\IndexAction.class.php 第 16 行.
NOTIC: [8] Undefined variable: Xsy_username E:\wwwroot\2013\Xsy\Lib\Action\IndexAction.class.php 第 17 行.
INFO: [ view_template ] --START--
INFO: Run LocationTemplate Behavior [ RunTime:0.002783s ]
INFO: [ view_template ] --END-- [ RunTime:0.002868s ]
INFO: [ view_parse ] --START--
INFO: Run ParseTemplate Behavior [ RunTime:0.084119s ]
INFO: [ view_parse ] --END-- [ RunTime:0.084201s ]
INFO: [ view_filter ] --START--
INFO: Run ContentReplace Behavior [ RunTime:0.001409s ]
INFO: Run TokenBuild Behavior [ RunTime:0.001359s ]
INFO: Run WriteHtmlCache Behavior [ RunTime:0.001259s ]
INFO: Run ShowRuntime Behavior [ RunTime:0.001607s ]
INFO: [ view_filter ] --END-- [ RunTime:0.005805s ]
INFO: [ view_end ] --START--
INFO: Run ShowPageTrace Behavior [ RunTime:0.003408s ]
INFO: [ view_end ] --END-- [ RunTime:0.003494s ]
INFO: [ view_template ] --START--
INFO: Run LocationTemplate Behavior [ RunTime:0.001088s ]
INFO: [ view_template ] --END-- [ RunTime:-0.093743s ]
INFO: [ view_parse ] --START--
NOTIC: [8] Undefined variable: kaiguan E:\wwwroot\2013\Xsy\Runtime\Cache\550cf8fae38af25ead8dfcabdae2ca76.php 第 34 行.
INFO: Run ParseTemplate Behavior [ RunTime:0.030759s ]
INFO: [ view_parse ] --END-- [ RunTime:-0.010688s ]
INFO: [ view_filter ] --START--
INFO: Run ContentReplace Behavior [ RunTime:0.000068s ]
INFO: Run TokenBuild Behavior [ RunTime:0.000049s ]
INFO: Run WriteHtmlCache Behavior [ RunTime:0.000013s ]
INFO: Run ShowRuntime Behavior [ RunTime:0.000064s ]
INFO: [ view_filter ] --END-- [ RunTime:-0.035698s ]
NOTIC: [2] Cannot modify header information - headers already sent by (output started at E:\wwwroot\2013\ThinkPHP\Lib\Core\View.class.php:92) E:\wwwroot\2013\ThinkPHP\Lib\Core\View.class.php 第 88 行.
NOTIC: [2] Cannot modify header information - headers already sent by (output started at E:\wwwroot\2013\ThinkPHP\Lib\Core\View.class.php:92) E:\wwwroot\2013\ThinkPHP\Lib\Core\View.class.php 第 89 行.
NOTIC: [2] Cannot modify header information - headers already sent by (output started at E:\wwwroot\2013\ThinkPHP\Lib\Core\View.class.php:92) E:\wwwroot\2013\ThinkPHP\Lib\Core\View.class.php 第 90 行.
INFO: [ view_end ] --START--
INFO: Run ShowPageTrace Behavior [ RunTime:0.000042s ]
INFO: [ view_end ] --END-- [ RunTime:-0.032551s ]
INFO: [ view_template ] --START--
INFO: Run LocationTemplate Behavior [ RunTime:0.024031s ]
INFO: [ view_template ] --END-- [ RunTime:-0.126368s ]
INFO: [ view_parse ] --START--
INFO: Run ParseTemplate Behavior [ RunTime:0.011063s ]
INFO: [ view_parse ] --END-- [ RunTime:-0.066263s ]
INFO: [ view_filter ] --START--
INFO: Run ContentReplace Behavior [ RunTime:0.000060s ]
INFO: Run TokenBuild Behavior [ RunTime:0.000041s ]
INFO: Run WriteHtmlCache Behavior [ RunTime:0.000011s ]
INFO: Run ShowRuntime Behavior [ RunTime:0.000062s ]
INFO: [ view_filter ] --END-- [ RunTime:-0.071593s ]
NOTIC: [2] Cannot modify header information - headers already sent by (output started at E:\wwwroot\2013\ThinkPHP\Lib\Core\View.class.php:92) E:\wwwroot\2013\ThinkPHP\Lib\Core\View.class.php 第 88 行.
NOTIC: [2] Cannot modify header information - headers already sent by (output started at E:\wwwroot\2013\ThinkPHP\Lib\Core\View.class.php:92) E:\wwwroot\2013\ThinkPHP\Lib\Core\View.class.php 第 89 行.
NOTIC: [2] Cannot modify header information - headers already sent by (output started at E:\wwwroot\2013\ThinkPHP\Lib\Core\View.class.php:92) E:\wwwroot\2013\ThinkPHP\Lib\Core\View.class.php 第 90 行.
INFO: [ view_end ] --START--
INFO: Run ShowPageTrace Behavior [ RunTime:0.000035s ]
INFO: [ view_end ] --END-- [ RunTime:-0.068423s ]

[ 2013-12-03T14:40:48+08:00 ] 127.0.0.1 /2013/
INFO: [ app_begin ] --START--
INFO: Run ReadHtmlCache Behavior [ RunTime:0.001132s ]
INFO: [ app_begin ] --END-- [ RunTime:0.001245s ]
NOTIC: [8] Undefined variable: Xsy_uid E:\wwwroot\2013\Xsy\Lib\Action\IndexAction.class.php 第 16 行.
NOTIC: [8] Undefined variable: Xsy_username E:\wwwroot\2013\Xsy\Lib\Action\IndexAction.class.php 第 17 行.
INFO: [ view_template ] --START--
INFO: Run LocationTemplate Behavior [ RunTime:0.001047s ]
INFO: [ view_template ] --END-- [ RunTime:0.001117s ]
INFO: [ view_parse ] --START--
INFO: Run ParseTemplate Behavior [ RunTime:0.009703s ]
INFO: [ view_parse ] --END-- [ RunTime:0.009789s ]
INFO: [ view_filter ] --START--
INFO: Run ContentReplace Behavior [ RunTime:0.000755s ]
INFO: Run TokenBuild Behavior [ RunTime:0.000639s ]
INFO: Run WriteHtmlCache Behavior [ RunTime:0.000512s ]
INFO: Run ShowRuntime Behavior [ RunTime:0.000745s ]
INFO: [ view_filter ] --END-- [ RunTime:0.002848s ]
INFO: [ view_end ] --START--
INFO: Run ShowPageTrace Behavior [ RunTime:0.000906s ]
INFO: [ view_end ] --END-- [ RunTime:0.000979s ]
INFO: [ view_template ] --START--
INFO: Run LocationTemplate Behavior [ RunTime:0.000492s ]
INFO: [ view_template ] --END-- [ RunTime:-0.013876s ]
INFO: [ view_parse ] --START--
NOTIC: [8] Undefined variable: kaiguan E:\wwwroot\2013\Xsy\Runtime\Cache\550cf8fae38af25ead8dfcabdae2ca76.php 第 34 行.
INFO: Run ParseTemplate Behavior [ RunTime:0.007638s ]
INFO: [ view_parse ] --END-- [ RunTime:-0.004761s ]
INFO: [ view_filter ] --START--
INFO: Run ContentReplace Behavior [ RunTime:0.000069s ]
INFO: Run TokenBuild Behavior [ RunTime:0.000042s ]
INFO: Run WriteHtmlCache Behavior [ RunTime:0.000012s ]
INFO: Run ShowRuntime Behavior [ RunTime:0.000063s ]
INFO: [ view_filter ] --END-- [ RunTime:-0.009646s ]
NOTIC: [2] Cannot modify header information - headers already sent by (output started at E:\wwwroot\2013\ThinkPHP\Lib\Core\View.class.php:92) E:\wwwroot\2013\ThinkPHP\Lib\Core\View.class.php 第 88 行.
NOTIC: [2] Cannot modify header information - headers already sent by (output started at E:\wwwroot\2013\ThinkPHP\Lib\Core\View.class.php:92) E:\wwwroot\2013\ThinkPHP\Lib\Core\View.class.php 第 89 行.
NOTIC: [2] Cannot modify header information - headers already sent by (output started at E:\wwwroot\2013\ThinkPHP\Lib\Core\View.class.php:92) E:\wwwroot\2013\ThinkPHP\Lib\Core\View.class.php 第 90 行.
INFO: [ view_end ] --START--
INFO: Run ShowPageTrace Behavior [ RunTime:0.000034s ]
INFO: [ view_end ] --END-- [ RunTime:-0.008980s ]
INFO: [ view_template ] --START--
INFO: Run LocationTemplate Behavior [ RunTime:0.000285s ]
INFO: [ view_template ] --END-- [ RunTime:-0.022903s ]
INFO: [ view_parse ] --START--
INFO: Run ParseTemplate Behavior [ RunTime:0.001714s ]
INFO: [ view_parse ] --END-- [ RunTime:-0.013437s ]
INFO: [ view_filter ] --START--
INFO: Run ContentReplace Behavior [ RunTime:0.000050s ]
INFO: Run TokenBuild Behavior [ RunTime:0.000038s ]
INFO: Run WriteHtmlCache Behavior [ RunTime:0.000011s ]
INFO: Run ShowRuntime Behavior [ RunTime:0.000058s ]
INFO: [ view_filter ] --END-- [ RunTime:-0.012344s ]
NOTIC: [2] Cannot modify header information - headers already sent by (output started at E:\wwwroot\2013\ThinkPHP\Lib\Core\View.class.php:92) E:\wwwroot\2013\ThinkPHP\Lib\Core\View.class.php 第 88 行.
NOTIC: [2] Cannot modify header information - headers already sent by (output started at E:\wwwroot\2013\ThinkPHP\Lib\Core\View.class.php:92) E:\wwwroot\2013\ThinkPHP\Lib\Core\View.class.php 第 89 行.
NOTIC: [2] Cannot modify header information - headers already sent by (output started at E:\wwwroot\2013\ThinkPHP\Lib\Core\View.class.php:92) E:\wwwroot\2013\ThinkPHP\Lib\Core\View.class.php 第 90 行.
INFO: [ view_end ] --START--
INFO: Run ShowPageTrace Behavior [ RunTime:0.000033s ]
INFO: [ view_end ] --END-- [ RunTime:-0.011644s ]

