[ 2013-12-09T12:14:03+08:00 ] 127.0.0.1 /2013/
INFO: [ app_begin ] --START--
INFO: Run ReadHtmlCache Behavior [ RunTime:0.001711s ]
INFO: [ app_begin ] --END-- [ RunTime:0.001804s ]
NOTIC: [8] Undefined variable: Xsy_uid E:\wwwroot\2013\Xsy\Lib\Action\IndexAction.class.php 第 16 行.
NOTIC: [8] Undefined variable: Xsy_username E:\wwwroot\2013\Xsy\Lib\Action\IndexAction.class.php 第 17 行.
INFO: [ view_template ] --START--
INFO: Run LocationTemplate Behavior [ RunTime:0.037054s ]
INFO: [ view_template ] --END-- [ RunTime:0.037169s ]
INFO: [ view_parse ] --START--
INFO: Run ParseTemplate Behavior [ RunTime:0.053819s ]
INFO: [ view_parse ] --END-- [ RunTime:0.053920s ]
INFO: [ view_filter ] --START--
INFO: Run ContentReplace Behavior [ RunTime:0.009876s ]
INFO: Run TokenBuild Behavior [ RunTime:0.001384s ]
INFO: Run WriteHtmlCache Behavior [ RunTime:0.001494s ]
INFO: Run ShowRuntime Behavior [ RunTime:0.001298s ]
INFO: [ view_filter ] --END-- [ RunTime:0.014240s ]
INFO: [ view_end ] --START--
INFO: Run ShowPageTrace Behavior [ RunTime:0.001346s ]
INFO: [ view_end ] --END-- [ RunTime:0.001408s ]
INFO: [ view_template ] --START--
INFO: Run LocationTemplate Behavior [ RunTime:0.000722s ]
INFO: [ view_template ] --END-- [ RunTime:-0.069809s ]
INFO: [ view_parse ] --START--
NOTIC: [8] Undefined variable: kaiguan E:\wwwroot\2013\Xsy\Runtime\Cache\550cf8fae38af25ead8dfcabdae2ca76.php 第 34 行.
INFO: Run ParseTemplate Behavior [ RunTime:0.008308s ]
INFO: [ view_parse ] --END-- [ RunTime:-0.016621s ]
INFO: [ view_filter ] --START--
INFO: Run ContentReplace Behavior [ RunTime:0.000078s ]
INFO: Run TokenBuild Behavior [ RunTime:0.000042s ]
INFO: Run WriteHtmlCache Behavior [ RunTime:0.000010s ]
INFO: Run ShowRuntime Behavior [ RunTime:0.000062s ]
INFO: [ view_filter ] --END-- [ RunTime:-0.010780s ]
NOTIC: [2] Cannot modify header information - headers already sent by (output started at E:\wwwroot\2013\ThinkPHP\Lib\Core\View.class.php:92) E:\wwwroot\2013\ThinkPHP\Lib\Core\View.class.php 第 88 行.
NOTIC: [2] Cannot modify header information - headers already sent by (output started at E:\wwwroot\2013\ThinkPHP\Lib\Core\View.class.php:92) E:\wwwroot\2013\ThinkPHP\Lib\Core\View.class.php 第 89 行.
NOTIC: [2] Cannot modify header information - headers already sent by (output started at E:\wwwroot\2013\ThinkPHP\Lib\Core\View.class.php:92) E:\wwwroot\2013\ThinkPHP\Lib\Core\View.class.php 第 90 行.
INFO: [ view_end ] --START--
INFO: Run ShowPageTrace Behavior [ RunTime:0.000034s ]
INFO: [ view_end ] --END-- [ RunTime:-0.009729s ]
INFO: [ view_template ] --START--
INFO: Run LocationTemplate Behavior [ RunTime:0.008326s ]
INFO: [ view_template ] --END-- [ RunTime:-0.079604s ]
INFO: [ view_parse ] --START--
INFO: Run ParseTemplate Behavior [ RunTime:0.002682s ]
INFO: [ view_parse ] --END-- [ RunTime:-0.034040s ]
INFO: [ view_filter ] --START--
INFO: Run ContentReplace Behavior [ RunTime:0.000051s ]
INFO: Run TokenBuild Behavior [ RunTime:0.000041s ]
INFO: Run WriteHtmlCache Behavior [ RunTime:0.000011s ]
INFO: Run ShowRuntime Behavior [ RunTime:0.000060s ]
INFO: [ view_filter ] --END-- [ RunTime:-0.022537s ]
NOTIC: [2] Cannot modify header information - headers already sent by (output started at E:\wwwroot\2013\ThinkPHP\Lib\Core\View.class.php:92) E:\wwwroot\2013\ThinkPHP\Lib\Core\View.class.php 第 88 行.
NOTIC: [2] Cannot modify header information - headers already sent by (output started at E:\wwwroot\2013\ThinkPHP\Lib\Core\View.class.php:92) E:\wwwroot\2013\ThinkPHP\Lib\Core\View.class.php 第 89 行.
NOTIC: [2] Cannot modify header information - headers already sent by (output started at E:\wwwroot\2013\ThinkPHP\Lib\Core\View.class.php:92) E:\wwwroot\2013\ThinkPHP\Lib\Core\View.class.php 第 90 行.
INFO: [ view_end ] --START--
INFO: Run ShowPageTrace Behavior [ RunTime:0.000034s ]
INFO: [ view_end ] --END-- [ RunTime:-0.021437s ]

[ 2013-12-09T12:14:07+08:00 ] 127.0.0.1 /2013/index.php?m=Uc&a=login
INFO: [ app_begin ] --START--
INFO: Run ReadHtmlCache Behavior [ RunTime:0.001122s ]
INFO: [ app_begin ] --END-- [ RunTime:0.001202s ]
NOTIC: [8] Undefined index: return E:\wwwroot\2013\Xsy\Lib\Action\UcAction.class.php 第 37 行.
INFO: [ view_template ] --START--
INFO: Run LocationTemplate Behavior [ RunTime:0.001684s ]
INFO: [ view_template ] --END-- [ RunTime:0.001752s ]
INFO: [ view_parse ] --START--
INFO: Run ParseTemplate Behavior [ RunTime:0.038250s ]
INFO: [ view_parse ] --END-- [ RunTime:0.038349s ]
INFO: [ view_filter ] --START--
INFO: Run ContentReplace Behavior [ RunTime:0.001465s ]
INFO: Run TokenBuild Behavior [ RunTime:0.001291s ]
INFO: Run WriteHtmlCache Behavior [ RunTime:0.000873s ]
INFO: Run ShowRuntime Behavior [ RunTime:0.001447s ]
INFO: [ view_filter ] --END-- [ RunTime:0.005301s ]
INFO: [ view_end ] --START--
INFO: Run ShowPageTrace Behavior [ RunTime:0.001770s ]
INFO: [ view_end ] --END-- [ RunTime:0.001864s ]

[ 2013-12-09T12:14:20+08:00 ] 127.0.0.1 /2013/index.php?m=Uc&a=login1
INFO: [ app_begin ] --START--
INFO: Run ReadHtmlCache Behavior [ RunTime:0.000892s ]
INFO: [ app_begin ] --END-- [ RunTime:0.000962s ]
NOTIC: [8] Undefined offset: 0 E:\wwwroot\2013\client\lib\xml.class.php 第 69 行.
NOTIC: [8] Undefined offset: 1 E:\wwwroot\2013\client\lib\xml.class.php 第 69 行.
NOTIC: [8] Undefined offset: 2 E:\wwwroot\2013\client\lib\xml.class.php 第 69 行.
NOTIC: [8] Undefined offset: 3 E:\wwwroot\2013\client\lib\xml.class.php 第 69 行.
NOTIC: [8] Undefined offset: 4 E:\wwwroot\2013\client\lib\xml.class.php 第 69 行.

[ 2013-12-09T12:14:28+08:00 ] 127.0.0.1 /2013/index.php?m=Uc&a=login1
INFO: [ app_begin ] --START--
INFO: Run ReadHtmlCache Behavior [ RunTime:0.000772s ]
INFO: [ app_begin ] --END-- [ RunTime:0.000873s ]
NOTIC: [8] Undefined offset: 0 E:\wwwroot\2013\client\lib\xml.class.php 第 69 行.
NOTIC: [8] Undefined offset: 1 E:\wwwroot\2013\client\lib\xml.class.php 第 69 行.
NOTIC: [8] Undefined offset: 2 E:\wwwroot\2013\client\lib\xml.class.php 第 69 行.
NOTIC: [8] Undefined offset: 3 E:\wwwroot\2013\client\lib\xml.class.php 第 69 行.
NOTIC: [8] Undefined offset: 4 E:\wwwroot\2013\client\lib\xml.class.php 第 69 行.

[ 2013-12-09T12:14:29+08:00 ] 127.0.0.1 /2013/
INFO: [ app_begin ] --START--
INFO: Run ReadHtmlCache Behavior [ RunTime:0.000882s ]
INFO: [ app_begin ] --END-- [ RunTime:0.001000s ]
SQL: SHOW COLUMNS FROM `xsy_baoming` [ RunTime:0.152251s ]
SQL: SELECT * FROM `xsy_baoming` WHERE ( `uid` = '294940' ) AND ( `guanxi` = '报名人' ) LIMIT 1   [ RunTime:0.015486s ]
SQL: SELECT * FROM `xsy_baoming` WHERE ( `uid` = '294940' ) AND ( `guanxi` <> '报名人' )  [ RunTime:0.009783s ]
SQL: SHOW COLUMNS FROM `xsy_gonggao` [ RunTime:0.239794s ]
ERR: 1146:Table 'xsy.xsy_gonggao' doesn't exist
 [ SQL语句 ] : SHOW COLUMNS FROM `xsy_gonggao`
SQL: SELECT * FROM `xsy_gonggao` ORDER BY id desc LIMIT 1   [ RunTime:0.003536s ]
ERR: 1146:Table 'xsy.xsy_gonggao' doesn't exist
 [ SQL语句 ] : SELECT * FROM `xsy_gonggao` ORDER BY id desc LIMIT 1  
INFO: [ view_template ] --START--
INFO: Run LocationTemplate Behavior [ RunTime:0.001555s ]
INFO: [ view_template ] --END-- [ RunTime:0.001655s ]
INFO: [ view_parse ] --START--
NOTIC: [8] Undefined index: zt E:\wwwroot\2013\Xsy\Runtime\Cache\a968336665b7a6b8c1727b322a887d23.php 第 41 行.
NOTIC: [8] Undefined index: zt E:\wwwroot\2013\Xsy\Runtime\Cache\a968336665b7a6b8c1727b322a887d23.php 第 44 行.
INFO: Run ParseTemplate Behavior [ RunTime:0.010955s ]
INFO: [ view_parse ] --END-- [ RunTime:0.011042s ]
INFO: [ view_filter ] --START--
INFO: Run ContentReplace Behavior [ RunTime:0.000863s ]
INFO: Run TokenBuild Behavior [ RunTime:0.000625s ]
INFO: Run WriteHtmlCache Behavior [ RunTime:0.000725s ]
INFO: Run ShowRuntime Behavior [ RunTime:0.000610s ]
INFO: [ view_filter ] --END-- [ RunTime:0.003017s ]
INFO: [ view_end ] --START--
INFO: Run ShowPageTrace Behavior [ RunTime:0.000799s ]
INFO: [ view_end ] --END-- [ RunTime:0.000854s ]
INFO: [ view_template ] --START--
INFO: Run LocationTemplate Behavior [ RunTime:0.000259s ]
INFO: [ view_template ] --END-- [ RunTime:-0.015155s ]
INFO: [ view_parse ] --START--
NOTIC: [8] Undefined index: zt E:\wwwroot\2013\Xsy\Runtime\Cache\550cf8fae38af25ead8dfcabdae2ca76.php 第 50 行.
INFO: Run ParseTemplate Behavior [ RunTime:0.007351s ]
INFO: [ view_parse ] --END-- [ RunTime:-0.004394s ]
INFO: [ view_filter ] --START--
INFO: Run ContentReplace Behavior [ RunTime:0.000097s ]
INFO: Run TokenBuild Behavior [ RunTime:0.000065s ]
INFO: Run WriteHtmlCache Behavior [ RunTime:0.000018s ]
INFO: Run ShowRuntime Behavior [ RunTime:0.000097s ]
INFO: [ view_filter ] --END-- [ RunTime:-0.008805s ]
NOTIC: [2] Cannot modify header information - headers already sent by (output started at E:\wwwroot\2013\ThinkPHP\Lib\Core\View.class.php:92) E:\wwwroot\2013\ThinkPHP\Lib\Core\View.class.php 第 88 行.
NOTIC: [2] Cannot modify header information - headers already sent by (output started at E:\wwwroot\2013\ThinkPHP\Lib\Core\View.class.php:92) E:\wwwroot\2013\ThinkPHP\Lib\Core\View.class.php 第 89 行.
NOTIC: [2] Cannot modify header information - headers already sent by (output started at E:\wwwroot\2013\ThinkPHP\Lib\Core\View.class.php:92) E:\wwwroot\2013\ThinkPHP\Lib\Core\View.class.php 第 90 行.
INFO: [ view_end ] --START--
INFO: Run ShowPageTrace Behavior [ RunTime:0.000041s ]
INFO: [ view_end ] --END-- [ RunTime:-0.008512s ]
INFO: [ view_template ] --START--
INFO: Run LocationTemplate Behavior [ RunTime:0.000307s ]
INFO: [ view_template ] --END-- [ RunTime:-0.023781s ]
INFO: [ view_parse ] --START--
INFO: Run ParseTemplate Behavior [ RunTime:0.002399s ]
INFO: [ view_parse ] --END-- [ RunTime:-0.013104s ]
INFO: [ view_filter ] --START--
INFO: Run ContentReplace Behavior [ RunTime:0.000082s ]
INFO: Run TokenBuild Behavior [ RunTime:0.000065s ]
INFO: Run WriteHtmlCache Behavior [ RunTime:0.000018s ]
INFO: Run ShowRuntime Behavior [ RunTime:0.000097s ]
INFO: [ view_filter ] --END-- [ RunTime:-0.012584s ]
NOTIC: [2] Cannot modify header information - headers already sent by (output started at E:\wwwroot\2013\ThinkPHP\Lib\Core\View.class.php:92) E:\wwwroot\2013\ThinkPHP\Lib\Core\View.class.php 第 88 行.
NOTIC: [2] Cannot modify header information - headers already sent by (output started at E:\wwwroot\2013\ThinkPHP\Lib\Core\View.class.php:92) E:\wwwroot\2013\ThinkPHP\Lib\Core\View.class.php 第 89 行.
NOTIC: [2] Cannot modify header information - headers already sent by (output started at E:\wwwroot\2013\ThinkPHP\Lib\Core\View.class.php:92) E:\wwwroot\2013\ThinkPHP\Lib\Core\View.class.php 第 90 行.
INFO: [ view_end ] --START--
INFO: Run ShowPageTrace Behavior [ RunTime:0.000056s ]
INFO: [ view_end ] --END-- [ RunTime:-0.012283s ]

[ 2013-12-09T12:14:31+08:00 ] 127.0.0.1 /2013/index.php?m=Baoming&a=step1
INFO: [ app_begin ] --START--
INFO: Run ReadHtmlCache Behavior [ RunTime:0.001089s ]
INFO: [ app_begin ] --END-- [ RunTime:0.001166s ]
SQL: SHOW COLUMNS FROM `xsy_info` [ RunTime:0.071841s ]
SQL: SELECT * FROM `xsy_info` WHERE ( id=1 ) LIMIT 1   [ RunTime:0.000386s ]
SQL: SHOW COLUMNS FROM `xsy_baoming` [ RunTime:0.016591s ]
SQL: SELECT * FROM `xsy_baoming` WHERE ( `uid` = '294940' ) LIMIT 1   [ RunTime:0.000446s ]
INFO: [ view_template ] --START--
INFO: Run LocationTemplate Behavior [ RunTime:0.001677s ]
INFO: [ view_template ] --END-- [ RunTime:0.001744s ]
INFO: [ view_parse ] --START--
NOTIC: [2048] mktime(): You should be using the time() function instead E:\wwwroot\2013\Xsy\Runtime\Cache\447278d7ddc51d788c347564aa6c659e.php 第 3 行.
NOTIC: [2048] mktime(): You should be using the time() function instead E:\wwwroot\2013\Xsy\Runtime\Cache\447278d7ddc51d788c347564aa6c659e.php 第 4 行.
INFO: Run ParseTemplate Behavior [ RunTime:0.063861s ]
INFO: [ view_parse ] --END-- [ RunTime:0.063935s ]
INFO: [ view_filter ] --START--
INFO: Run ContentReplace Behavior [ RunTime:0.001202s ]
INFO: Run TokenBuild Behavior [ RunTime:0.000956s ]
INFO: Run WriteHtmlCache Behavior [ RunTime:0.000837s ]
INFO: Run ShowRuntime Behavior [ RunTime:0.001017s ]
INFO: [ view_filter ] --END-- [ RunTime:0.004162s ]
INFO: [ view_end ] --START--
INFO: Run ShowPageTrace Behavior [ RunTime:0.001618s ]
INFO: [ view_end ] --END-- [ RunTime:0.001702s ]

[ 2013-12-09T12:15:45+08:00 ] 127.0.0.1 /2013/index.php?m=Baoming&a=step1
INFO: [ app_begin ] --START--
INFO: Run ReadHtmlCache Behavior [ RunTime:0.000992s ]
INFO: [ app_begin ] --END-- [ RunTime:0.001082s ]
SQL: SHOW COLUMNS FROM `xsy_info` [ RunTime:0.004150s ]
SQL: SELECT * FROM `xsy_info` WHERE ( id=1 ) LIMIT 1   [ RunTime:0.000297s ]
SQL: SHOW COLUMNS FROM `xsy_baoming` [ RunTime:0.004732s ]
SQL: SELECT * FROM `xsy_baoming` WHERE ( `uid` = '294940' ) LIMIT 1   [ RunTime:0.000507s ]
INFO: [ view_template ] --START--
INFO: Run LocationTemplate Behavior [ RunTime:0.001426s ]
INFO: [ view_template ] --END-- [ RunTime:0.001498s ]
INFO: [ view_parse ] --START--
NOTIC: [2048] mktime(): You should be using the time() function instead E:\wwwroot\2013\Xsy\Runtime\Cache\447278d7ddc51d788c347564aa6c659e.php 第 3 行.
NOTIC: [2048] mktime(): You should be using the time() function instead E:\wwwroot\2013\Xsy\Runtime\Cache\447278d7ddc51d788c347564aa6c659e.php 第 4 行.
INFO: Run ParseTemplate Behavior [ RunTime:0.010417s ]
INFO: [ view_parse ] --END-- [ RunTime:0.010488s ]
INFO: [ view_filter ] --START--
INFO: Run ContentReplace Behavior [ RunTime:0.000782s ]
INFO: Run TokenBuild Behavior [ RunTime:0.000717s ]
INFO: Run WriteHtmlCache Behavior [ RunTime:0.000596s ]
INFO: Run ShowRuntime Behavior [ RunTime:0.000765s ]
INFO: [ view_filter ] --END-- [ RunTime:0.003004s ]
INFO: [ view_end ] --START--
INFO: Run ShowPageTrace Behavior [ RunTime:0.001252s ]
INFO: [ view_end ] --END-- [ RunTime:0.001322s ]

