[ 2013-10-19T19:42:32+08:00 ] 127.0.0.1 /2013/
INFO: [ app_begin ] --START--
INFO: Run ReadHtmlCache Behavior [ RunTime:0.002259s ]
INFO: [ app_begin ] --END-- [ RunTime:0.002367s ]
NOTIC: [8] Undefined variable: Xsy_uid E:\ComsenzEXP\wwwroot\2013\Xsy\Lib\Action\IndexAction.class.php 第 16 行.
NOTIC: [8] Undefined variable: Xsy_username E:\ComsenzEXP\wwwroot\2013\Xsy\Lib\Action\IndexAction.class.php 第 17 行.
INFO: [ view_template ] --START--
INFO: Run LocationTemplate Behavior [ RunTime:0.003349s ]
INFO: [ view_template ] --END-- [ RunTime:0.003424s ]
INFO: [ view_parse ] --START--
INFO: Run ParseTemplate Behavior [ RunTime:0.038222s ]
INFO: [ view_parse ] --END-- [ RunTime:0.038337s ]
INFO: [ view_filter ] --START--
INFO: Run ContentReplace Behavior [ RunTime:0.074250s ]
INFO: Run TokenBuild Behavior [ RunTime:0.002357s ]
INFO: Run WriteHtmlCache Behavior [ RunTime:0.001922s ]
INFO: Run ShowRuntime Behavior [ RunTime:0.001894s ]
INFO: [ view_filter ] --END-- [ RunTime:0.080630s ]
INFO: [ view_end ] --START--
INFO: Run ShowPageTrace Behavior [ RunTime:0.002519s ]
INFO: [ view_end ] --END-- [ RunTime:0.002586s ]
INFO: [ view_template ] --START--
INFO: Run LocationTemplate Behavior [ RunTime:0.000961s ]
INFO: [ view_template ] --END-- [ RunTime:-0.121812s ]
INFO: [ view_parse ] --START--
NOTIC: [8] Undefined variable: kaiguan E:\ComsenzEXP\wwwroot\2013\Xsy\Runtime\Cache\550cf8fae38af25ead8dfcabdae2ca76.php 第 34 行.
INFO: Run ParseTemplate Behavior [ RunTime:0.010358s ]
INFO: [ view_parse ] --END-- [ RunTime:-0.084493s ]
INFO: [ view_filter ] --START--
INFO: Run ContentReplace Behavior [ RunTime:0.000094s ]
INFO: Run TokenBuild Behavior [ RunTime:0.000049s ]
INFO: Run WriteHtmlCache Behavior [ RunTime:0.000013s ]
INFO: Run ShowRuntime Behavior [ RunTime:0.000075s ]
INFO: [ view_filter ] --END-- [ RunTime:-0.014283s ]
NOTIC: [2] Cannot modify header information - headers already sent by (output started at E:\ComsenzEXP\wwwroot\2013\ThinkPHP\Lib\Core\View.class.php:92) E:\ComsenzEXP\wwwroot\2013\ThinkPHP\Lib\Core\View.class.php 第 88 行.
NOTIC: [2] Cannot modify header information - headers already sent by (output started at E:\ComsenzEXP\wwwroot\2013\ThinkPHP\Lib\Core\View.class.php:92) E:\ComsenzEXP\wwwroot\2013\ThinkPHP\Lib\Core\View.class.php 第 89 行.
NOTIC: [2] Cannot modify header information - headers already sent by (output started at E:\ComsenzEXP\wwwroot\2013\ThinkPHP\Lib\Core\View.class.php:92) E:\ComsenzEXP\wwwroot\2013\ThinkPHP\Lib\Core\View.class.php 第 90 行.
INFO: [ view_end ] --START--
INFO: Run ShowPageTrace Behavior [ RunTime:0.000042s ]
INFO: [ view_end ] --END-- [ RunTime:-0.012142s ]
INFO: [ view_template ] --START--
INFO: Run LocationTemplate Behavior [ RunTime:0.001727s ]
INFO: [ view_template ] --END-- [ RunTime:-0.134038s ]
INFO: [ view_parse ] --START--
INFO: Run ParseTemplate Behavior [ RunTime:0.003222s ]
INFO: [ view_parse ] --END-- [ RunTime:-0.097508s ]
INFO: [ view_filter ] --START--
INFO: Run ContentReplace Behavior [ RunTime:0.000062s ]
INFO: Run TokenBuild Behavior [ RunTime:0.000069s ]
INFO: Run WriteHtmlCache Behavior [ RunTime:0.000019s ]
INFO: Run ShowRuntime Behavior [ RunTime:0.000119s ]
INFO: [ view_filter ] --END-- [ RunTime:-0.020163s ]
NOTIC: [2] Cannot modify header information - headers already sent by (output started at E:\ComsenzEXP\wwwroot\2013\ThinkPHP\Lib\Core\View.class.php:92) E:\ComsenzEXP\wwwroot\2013\ThinkPHP\Lib\Core\View.class.php 第 88 行.
NOTIC: [2] Cannot modify header information - headers already sent by (output started at E:\ComsenzEXP\wwwroot\2013\ThinkPHP\Lib\Core\View.class.php:92) E:\ComsenzEXP\wwwroot\2013\ThinkPHP\Lib\Core\View.class.php 第 89 行.
NOTIC: [2] Cannot modify header information - headers already sent by (output started at E:\ComsenzEXP\wwwroot\2013\ThinkPHP\Lib\Core\View.class.php:92) E:\ComsenzEXP\wwwroot\2013\ThinkPHP\Lib\Core\View.class.php 第 90 行.
INFO: [ view_end ] --START--
INFO: Run ShowPageTrace Behavior [ RunTime:0.000064s ]
INFO: [ view_end ] --END-- [ RunTime:-0.018325s ]

