[ 2013-11-04T11:11:01+08:00 ] 127.0.0.1 /2013/index.php
INFO: [ app_begin ] --START--
INFO: Run ReadHtmlCache Behavior [ RunTime:0.003030s ]
INFO: [ app_begin ] --END-- [ RunTime:0.003165s ]
NOTIC: [8] Undefined variable: Xsy_uid E:\wwwroot\2013\Xsy\Lib\Action\IndexAction.class.php 第 16 行.
NOTIC: [8] Undefined variable: Xsy_username E:\wwwroot\2013\Xsy\Lib\Action\IndexAction.class.php 第 17 行.
INFO: [ view_template ] --START--
INFO: Run LocationTemplate Behavior [ RunTime:0.039152s ]
INFO: [ view_template ] --END-- [ RunTime:0.039248s ]
INFO: [ view_parse ] --START--
INFO: Run ParseTemplate Behavior [ RunTime:0.042098s ]
INFO: [ view_parse ] --END-- [ RunTime:0.042181s ]
INFO: [ view_filter ] --START--
INFO: Run ContentReplace Behavior [ RunTime:0.009308s ]
INFO: Run TokenBuild Behavior [ RunTime:0.013345s ]
INFO: Run WriteHtmlCache Behavior [ RunTime:0.001080s ]
INFO: Run ShowRuntime Behavior [ RunTime:0.001023s ]
INFO: [ view_filter ] --END-- [ RunTime:0.025003s ]
INFO: [ view_end ] --START--
INFO: Run ShowPageTrace Behavior [ RunTime:0.001100s ]
INFO: [ view_end ] --END-- [ RunTime:0.001155s ]
INFO: [ view_template ] --START--
INFO: Run LocationTemplate Behavior [ RunTime:0.000657s ]
INFO: [ view_template ] --END-- [ RunTime:-0.068567s ]
INFO: [ view_parse ] --START--
NOTIC: [8] Undefined variable: kaiguan E:\wwwroot\2013\Xsy\Runtime\Cache\550cf8fae38af25ead8dfcabdae2ca76.php 第 34 行.
INFO: Run ParseTemplate Behavior [ RunTime:0.030558s ]
INFO: [ view_parse ] --END-- [ RunTime:-0.027078s ]
INFO: [ view_filter ] --START--
INFO: Run ContentReplace Behavior [ RunTime:0.000071s ]
INFO: Run TokenBuild Behavior [ RunTime:0.000045s ]
INFO: Run WriteHtmlCache Behavior [ RunTime:0.000012s ]
INFO: Run ShowRuntime Behavior [ RunTime:0.000067s ]
INFO: [ view_filter ] --END-- [ RunTime:-0.032695s ]
NOTIC: [2] Cannot modify header information - headers already sent by (output started at E:\wwwroot\2013\ThinkPHP\Lib\Core\View.class.php:92) E:\wwwroot\2013\ThinkPHP\Lib\Core\View.class.php 第 88 行.
NOTIC: [2] Cannot modify header information - headers already sent by (output started at E:\wwwroot\2013\ThinkPHP\Lib\Core\View.class.php:92) E:\wwwroot\2013\ThinkPHP\Lib\Core\View.class.php 第 89 行.
NOTIC: [2] Cannot modify header information - headers already sent by (output started at E:\wwwroot\2013\ThinkPHP\Lib\Core\View.class.php:92) E:\wwwroot\2013\ThinkPHP\Lib\Core\View.class.php 第 90 行.
INFO: [ view_end ] --START--
INFO: Run ShowPageTrace Behavior [ RunTime:0.000037s ]
INFO: [ view_end ] --END-- [ RunTime:-0.031885s ]
INFO: [ view_template ] --START--
INFO: Run LocationTemplate Behavior [ RunTime:0.000855s ]
INFO: [ view_template ] --END-- [ RunTime:-0.100525s ]
INFO: [ view_parse ] --START--
INFO: Run ParseTemplate Behavior [ RunTime:0.002500s ]
INFO: [ view_parse ] --END-- [ RunTime:-0.059244s ]
INFO: [ view_filter ] --START--
INFO: Run ContentReplace Behavior [ RunTime:0.000054s ]
INFO: Run TokenBuild Behavior [ RunTime:0.000041s ]
INFO: Run WriteHtmlCache Behavior [ RunTime:0.000011s ]
INFO: Run ShowRuntime Behavior [ RunTime:0.000062s ]
INFO: [ view_filter ] --END-- [ RunTime:-0.036799s ]
NOTIC: [2] Cannot modify header information - headers already sent by (output started at E:\wwwroot\2013\ThinkPHP\Lib\Core\View.class.php:92) E:\wwwroot\2013\ThinkPHP\Lib\Core\View.class.php 第 88 行.
NOTIC: [2] Cannot modify header information - headers already sent by (output started at E:\wwwroot\2013\ThinkPHP\Lib\Core\View.class.php:92) E:\wwwroot\2013\ThinkPHP\Lib\Core\View.class.php 第 89 行.
NOTIC: [2] Cannot modify header information - headers already sent by (output started at E:\wwwroot\2013\ThinkPHP\Lib\Core\View.class.php:92) E:\wwwroot\2013\ThinkPHP\Lib\Core\View.class.php 第 90 行.
INFO: [ view_end ] --START--
INFO: Run ShowPageTrace Behavior [ RunTime:0.000036s ]
INFO: [ view_end ] --END-- [ RunTime:-0.035958s ]

