[ 2014-02-02T22:39:13+08:00 ] 0.0.0.0 /2013/
INFO: [ app_begin ] --START--
INFO: Run ReadHtmlCache Behavior [ RunTime:0.002264s ]
INFO: [ app_begin ] --END-- [ RunTime:0.002403s ]
NOTIC: [8] Undefined variable: Xsy_uid E:\wwwroot\2013\Xsy\Lib\Action\IndexAction.class.php 第 16 行.
NOTIC: [8] Undefined variable: Xsy_username E:\wwwroot\2013\Xsy\Lib\Action\IndexAction.class.php 第 17 行.
INFO: [ view_template ] --START--
INFO: Run LocationTemplate Behavior [ RunTime:0.003118s ]
INFO: [ view_template ] --END-- [ RunTime:0.003254s ]
INFO: [ view_parse ] --START--
INFO: Run ParseTemplate Behavior [ RunTime:0.047638s ]
INFO: [ view_parse ] --END-- [ RunTime:0.047811s ]
INFO: [ view_filter ] --START--
INFO: Run ContentReplace Behavior [ RunTime:0.001402s ]
INFO: Run TokenBuild Behavior [ RunTime:0.001440s ]
INFO: Run WriteHtmlCache Behavior [ RunTime:0.001271s ]
INFO: Run ShowRuntime Behavior [ RunTime:0.001526s ]
INFO: [ view_filter ] --END-- [ RunTime:0.005966s ]
INFO: [ view_end ] --START--
INFO: Run ShowPageTrace Behavior [ RunTime:0.001586s ]
INFO: [ view_end ] --END-- [ RunTime:0.001693s ]
INFO: [ view_template ] --START--
INFO: Run LocationTemplate Behavior [ RunTime:0.000787s ]
INFO: [ view_template ] --END-- [ RunTime:-0.055875s ]
INFO: [ view_parse ] --START--
NOTIC: [8] Undefined variable: kaiguan E:\wwwroot\2013\Xsy\Runtime\Cache\550cf8fae38af25ead8dfcabdae2ca76.php 第 34 行.
INFO: Run ParseTemplate Behavior [ RunTime:0.013319s ]
INFO: [ view_parse ] --END-- [ RunTime:-0.008930s ]
INFO: [ view_filter ] --START--
INFO: Run ContentReplace Behavior [ RunTime:0.000118s ]
INFO: Run TokenBuild Behavior [ RunTime:0.000094s ]
INFO: Run WriteHtmlCache Behavior [ RunTime:0.000066s ]
INFO: Run ShowRuntime Behavior [ RunTime:0.000208s ]
INFO: [ view_filter ] --END-- [ RunTime:-0.016385s ]
INFO: [ view_end ] --START--
INFO: Run ShowPageTrace Behavior [ RunTime:0.000074s ]
INFO: [ view_end ] --END-- [ RunTime:-0.015544s ]
INFO: [ view_template ] --START--
INFO: Run LocationTemplate Behavior [ RunTime:0.000841s ]
INFO: [ view_template ] --END-- [ RunTime:-0.071589s ]
INFO: [ view_parse ] --START--
INFO: Run ParseTemplate Behavior [ RunTime:0.003914s ]
INFO: [ view_parse ] --END-- [ RunTime:-0.024739s ]
INFO: [ view_filter ] --START--
INFO: Run ContentReplace Behavior [ RunTime:0.000100s ]
INFO: Run TokenBuild Behavior [ RunTime:0.000092s ]
INFO: Run WriteHtmlCache Behavior [ RunTime:0.000021s ]
INFO: Run ShowRuntime Behavior [ RunTime:0.000138s ]
INFO: [ view_filter ] --END-- [ RunTime:-0.022862s ]
INFO: [ view_end ] --START--
INFO: Run ShowPageTrace Behavior [ RunTime:0.000073s ]
INFO: [ view_end ] --END-- [ RunTime:-0.021752s ]

[ 2014-02-02T23:25:30+08:00 ] 0.0.0.0 /2013/
INFO: [ app_begin ] --START--
INFO: Run ReadHtmlCache Behavior [ RunTime:0.001891s ]
INFO: [ app_begin ] --END-- [ RunTime:0.002099s ]
NOTIC: [8] Undefined variable: Xsy_uid E:\wwwroot\2013\Xsy\Lib\Action\IndexAction.class.php 第 16 行.
NOTIC: [8] Undefined variable: Xsy_username E:\wwwroot\2013\Xsy\Lib\Action\IndexAction.class.php 第 17 行.
INFO: [ view_template ] --START--
INFO: Run LocationTemplate Behavior [ RunTime:0.002761s ]
INFO: [ view_template ] --END-- [ RunTime:0.002927s ]
INFO: [ view_parse ] --START--
INFO: Run ParseTemplate Behavior [ RunTime:0.020421s ]
INFO: [ view_parse ] --END-- [ RunTime:0.020656s ]
INFO: [ view_filter ] --START--
INFO: Run ContentReplace Behavior [ RunTime:0.001528s ]
INFO: Run TokenBuild Behavior [ RunTime:0.001500s ]
INFO: Run WriteHtmlCache Behavior [ RunTime:0.001840s ]
INFO: Run ShowRuntime Behavior [ RunTime:0.001538s ]
INFO: [ view_filter ] --END-- [ RunTime:0.006983s ]
INFO: [ view_end ] --START--
INFO: Run ShowPageTrace Behavior [ RunTime:0.001457s ]
INFO: [ view_end ] --END-- [ RunTime:0.001640s ]
INFO: [ view_template ] --START--
INFO: Run LocationTemplate Behavior [ RunTime:0.000963s ]
INFO: [ view_template ] --END-- [ RunTime:-0.029903s ]
INFO: [ view_parse ] --START--
NOTIC: [8] Undefined variable: kaiguan E:\wwwroot\2013\Xsy\Runtime\Cache\550cf8fae38af25ead8dfcabdae2ca76.php 第 34 行.
INFO: Run ParseTemplate Behavior [ RunTime:0.018174s ]
INFO: [ view_parse ] --END-- [ RunTime:-0.010338s ]
INFO: [ view_filter ] --START--
INFO: Run ContentReplace Behavior [ RunTime:0.000169s ]
INFO: Run TokenBuild Behavior [ RunTime:0.000156s ]
INFO: Run WriteHtmlCache Behavior [ RunTime:0.000033s ]
INFO: Run ShowRuntime Behavior [ RunTime:0.000226s ]
INFO: [ view_filter ] --END-- [ RunTime:-0.021838s ]
INFO: [ view_end ] --START--
INFO: Run ShowPageTrace Behavior [ RunTime:0.000076s ]
INFO: [ view_end ] --END-- [ RunTime:-0.021150s ]
INFO: [ view_template ] --START--
INFO: Run LocationTemplate Behavior [ RunTime:0.001066s ]
INFO: [ view_template ] --END-- [ RunTime:-0.051161s ]
INFO: [ view_parse ] --START--
INFO: Run ParseTemplate Behavior [ RunTime:0.004482s ]
INFO: [ view_parse ] --END-- [ RunTime:-0.031727s ]
INFO: [ view_filter ] --START--
INFO: Run ContentReplace Behavior [ RunTime:0.000154s ]
INFO: Run TokenBuild Behavior [ RunTime:0.000156s ]
INFO: Run WriteHtmlCache Behavior [ RunTime:0.000024s ]
INFO: Run ShowRuntime Behavior [ RunTime:0.000142s ]
INFO: [ view_filter ] --END-- [ RunTime:-0.029318s ]
INFO: [ view_end ] --START--
INFO: Run ShowPageTrace Behavior [ RunTime:0.000074s ]
INFO: [ view_end ] --END-- [ RunTime:-0.028387s ]

